[0.450s] DEBUG:colcon:Command line arguments: ['/usr/bin/colcon', 'build', '--symlink-install']
[0.450s] DEBUG:colcon:Parsed command line arguments: Namespace(log_base=None, log_level=None, verb_name='build', build_base='build', install_base='install', merge_install=False, symlink_install=True, test_result_base=None, continue_on_error=False, executor='parallel', parallel_workers=4, event_handlers=None, ignore_user_meta=False, metas=['./colcon.meta'], base_paths=['.'], packages_ignore=None, packages_ignore_regex=None, paths=None, packages_up_to=None, packages_up_to_regex=None, packages_above=None, packages_above_and_dependencies=None, packages_above_depth=None, packages_select_by_dep=None, packages_skip_by_dep=None, packages_skip_up_to=None, packages_select_build_failed=False, packages_skip_build_finished=False, packages_select_test_failures=False, packages_skip_test_passed=False, packages_select=None, packages_skip=None, packages_select_regex=None, packages_skip_regex=None, packages_start=None, packages_end=None, allow_overriding=[], cmake_args=None, cmake_target=None, cmake_target_skip_unavailable=False, cmake_clean_cache=False, cmake_clean_first=False, cmake_force_configure=False, ament_cmake_args=None, catkin_cmake_args=None, catkin_skip_building_tests=False, verb_parser=<colcon_defaults.argument_parser.defaults.DefaultArgumentsDecorator object at 0xffffaa0cccd0>, verb_extension=<colcon_core.verb.build.BuildVerb object at 0xffffaa28a140>, main=<bound method BuildVerb.main of <colcon_core.verb.build.BuildVerb object at 0xffffaa28a140>>)
[1.337s] Level 1:colcon.colcon_core.package_discovery:discover_packages(colcon_meta) check parameters
[1.338s] Level 1:colcon.colcon_core.package_discovery:discover_packages(recursive) check parameters
[1.338s] Level 1:colcon.colcon_core.package_discovery:discover_packages(ignore) check parameters
[1.338s] Level 1:colcon.colcon_core.package_discovery:discover_packages(path) check parameters
[1.338s] Level 1:colcon.colcon_core.package_discovery:discover_packages(colcon_meta) discover
[1.338s] Level 1:colcon.colcon_core.package_discovery:discover_packages(recursive) discover
[1.339s] INFO:colcon.colcon_core.package_discovery:Crawling recursively for packages in '/home/airl-radar/ros2_radar_ws'
[1.339s] Level 1:colcon.colcon_core.package_identification:_identify(.) by extensions ['ignore', 'ignore_ament_install']
[1.340s] Level 1:colcon.colcon_core.package_identification:_identify(.) by extension 'ignore'
[1.340s] Level 1:colcon.colcon_core.package_identification:_identify(.) by extension 'ignore_ament_install'
[1.340s] Level 1:colcon.colcon_core.package_identification:_identify(.) by extensions ['colcon_pkg']
[1.340s] Level 1:colcon.colcon_core.package_identification:_identify(.) by extension 'colcon_pkg'
[1.340s] Level 1:colcon.colcon_core.package_identification:_identify(.) by extensions ['colcon_meta']
[1.341s] Level 1:colcon.colcon_core.package_identification:_identify(.) by extension 'colcon_meta'
[1.341s] Level 1:colcon.colcon_core.package_identification:_identify(.) by extensions ['ros']
[1.341s] Level 1:colcon.colcon_core.package_identification:_identify(.) by extension 'ros'
[1.472s] Level 1:colcon.colcon_core.package_identification:_identify(.) by extensions ['cmake', 'python']
[1.472s] Level 1:colcon.colcon_core.package_identification:_identify(.) by extension 'cmake'
[1.473s] Level 1:colcon.colcon_core.package_identification:_identify(.) by extension 'python'
[1.473s] Level 1:colcon.colcon_core.package_identification:_identify(.) by extensions ['python_setup_py']
[1.473s] Level 1:colcon.colcon_core.package_identification:_identify(.) by extension 'python_setup_py'
[1.474s] Level 1:colcon.colcon_core.package_identification:_identify(build) by extensions ['ignore', 'ignore_ament_install']
[1.474s] Level 1:colcon.colcon_core.package_identification:_identify(build) by extension 'ignore'
[1.474s] Level 1:colcon.colcon_core.package_identification:_identify(build) ignored
[1.475s] Level 1:colcon.colcon_core.package_identification:_identify(install) by extensions ['ignore', 'ignore_ament_install']
[1.475s] Level 1:colcon.colcon_core.package_identification:_identify(install) by extension 'ignore'
[1.476s] Level 1:colcon.colcon_core.package_identification:_identify(install) ignored
[1.476s] Level 1:colcon.colcon_core.package_identification:_identify(log) by extensions ['ignore', 'ignore_ament_install']
[1.477s] Level 1:colcon.colcon_core.package_identification:_identify(log) by extension 'ignore'
[1.477s] Level 1:colcon.colcon_core.package_identification:_identify(log) ignored
[1.477s] Level 1:colcon.colcon_core.package_identification:_identify(src) by extensions ['ignore', 'ignore_ament_install']
[1.478s] Level 1:colcon.colcon_core.package_identification:_identify(src) by extension 'ignore'
[1.478s] Level 1:colcon.colcon_core.package_identification:_identify(src) by extension 'ignore_ament_install'
[1.478s] Level 1:colcon.colcon_core.package_identification:_identify(src) by extensions ['colcon_pkg']
[1.478s] Level 1:colcon.colcon_core.package_identification:_identify(src) by extension 'colcon_pkg'
[1.478s] Level 1:colcon.colcon_core.package_identification:_identify(src) by extensions ['colcon_meta']
[1.478s] Level 1:colcon.colcon_core.package_identification:_identify(src) by extension 'colcon_meta'
[1.479s] Level 1:colcon.colcon_core.package_identification:_identify(src) by extensions ['ros']
[1.479s] Level 1:colcon.colcon_core.package_identification:_identify(src) by extension 'ros'
[1.479s] Level 1:colcon.colcon_core.package_identification:_identify(src) by extensions ['cmake', 'python']
[1.479s] Level 1:colcon.colcon_core.package_identification:_identify(src) by extension 'cmake'
[1.480s] Level 1:colcon.colcon_core.package_identification:_identify(src) by extension 'python'
[1.480s] Level 1:colcon.colcon_core.package_identification:_identify(src) by extensions ['python_setup_py']
[1.480s] Level 1:colcon.colcon_core.package_identification:_identify(src) by extension 'python_setup_py'
[1.480s] Level 1:colcon.colcon_core.package_identification:_identify(src/build) by extensions ['ignore', 'ignore_ament_install']
[1.481s] Level 1:colcon.colcon_core.package_identification:_identify(src/build) by extension 'ignore'
[1.481s] Level 1:colcon.colcon_core.package_identification:_identify(src/build) ignored
[1.481s] Level 1:colcon.colcon_core.package_identification:_identify(src/install) by extensions ['ignore', 'ignore_ament_install']
[1.482s] Level 1:colcon.colcon_core.package_identification:_identify(src/install) by extension 'ignore'
[1.482s] Level 1:colcon.colcon_core.package_identification:_identify(src/install) ignored
[1.482s] Level 1:colcon.colcon_core.package_identification:_identify(src/log) by extensions ['ignore', 'ignore_ament_install']
[1.483s] Level 1:colcon.colcon_core.package_identification:_identify(src/log) by extension 'ignore'
[1.483s] Level 1:colcon.colcon_core.package_identification:_identify(src/log) ignored
[1.484s] Level 1:colcon.colcon_core.package_identification:_identify(src/mmwave_radar_driver) by extensions ['ignore', 'ignore_ament_install']
[1.484s] Level 1:colcon.colcon_core.package_identification:_identify(src/mmwave_radar_driver) by extension 'ignore'
[1.484s] Level 1:colcon.colcon_core.package_identification:_identify(src/mmwave_radar_driver) by extension 'ignore_ament_install'
[1.485s] Level 1:colcon.colcon_core.package_identification:_identify(src/mmwave_radar_driver) by extensions ['colcon_pkg']
[1.485s] Level 1:colcon.colcon_core.package_identification:_identify(src/mmwave_radar_driver) by extension 'colcon_pkg'
[1.485s] Level 1:colcon.colcon_core.package_identification:_identify(src/mmwave_radar_driver) by extensions ['colcon_meta']
[1.485s] Level 1:colcon.colcon_core.package_identification:_identify(src/mmwave_radar_driver) by extension 'colcon_meta'
[1.485s] Level 1:colcon.colcon_core.package_identification:_identify(src/mmwave_radar_driver) by extensions ['ros']
[1.486s] Level 1:colcon.colcon_core.package_identification:_identify(src/mmwave_radar_driver) by extension 'ros'
[1.496s] DEBUG:colcon.colcon_core.package_identification:Package 'src/mmwave_radar_driver' with type 'ros.ament_python' and name 'mmwave_radar_driver'
[1.497s] Level 1:colcon.colcon_core.package_identification:_identify(src/mmwave_radar_interfaces) by extensions ['ignore', 'ignore_ament_install']
[1.497s] Level 1:colcon.colcon_core.package_identification:_identify(src/mmwave_radar_interfaces) by extension 'ignore'
[1.497s] Level 1:colcon.colcon_core.package_identification:_identify(src/mmwave_radar_interfaces) by extension 'ignore_ament_install'
[1.498s] Level 1:colcon.colcon_core.package_identification:_identify(src/mmwave_radar_interfaces) by extensions ['colcon_pkg']
[1.498s] Level 1:colcon.colcon_core.package_identification:_identify(src/mmwave_radar_interfaces) by extension 'colcon_pkg'
[1.498s] Level 1:colcon.colcon_core.package_identification:_identify(src/mmwave_radar_interfaces) by extensions ['colcon_meta']
[1.498s] Level 1:colcon.colcon_core.package_identification:_identify(src/mmwave_radar_interfaces) by extension 'colcon_meta'
[1.498s] Level 1:colcon.colcon_core.package_identification:_identify(src/mmwave_radar_interfaces) by extensions ['ros']
[1.498s] Level 1:colcon.colcon_core.package_identification:_identify(src/mmwave_radar_interfaces) by extension 'ros'
[1.501s] DEBUG:colcon.colcon_core.package_identification:Package 'src/mmwave_radar_interfaces' with type 'ros.ament_cmake' and name 'mmwave_radar_interfaces'
[1.502s] Level 1:colcon.colcon_core.package_identification:_identify(src/usb_cam_tuner) by extensions ['ignore', 'ignore_ament_install']
[1.502s] Level 1:colcon.colcon_core.package_identification:_identify(src/usb_cam_tuner) by extension 'ignore'
[1.502s] Level 1:colcon.colcon_core.package_identification:_identify(src/usb_cam_tuner) by extension 'ignore_ament_install'
[1.503s] Level 1:colcon.colcon_core.package_identification:_identify(src/usb_cam_tuner) by extensions ['colcon_pkg']
[1.503s] Level 1:colcon.colcon_core.package_identification:_identify(src/usb_cam_tuner) by extension 'colcon_pkg'
[1.503s] Level 1:colcon.colcon_core.package_identification:_identify(src/usb_cam_tuner) by extensions ['colcon_meta']
[1.503s] Level 1:colcon.colcon_core.package_identification:_identify(src/usb_cam_tuner) by extension 'colcon_meta'
[1.503s] Level 1:colcon.colcon_core.package_identification:_identify(src/usb_cam_tuner) by extensions ['ros']
[1.504s] Level 1:colcon.colcon_core.package_identification:_identify(src/usb_cam_tuner) by extension 'ros'
[1.507s] DEBUG:colcon.colcon_core.package_identification:Package 'src/usb_cam_tuner' with type 'ros.ament_python' and name 'usb_cam_tuner'
[1.507s] Level 1:colcon.colcon_core.package_discovery:discover_packages(recursive) using defaults
[1.507s] Level 1:colcon.colcon_core.package_discovery:discover_packages(ignore) discover
[1.507s] Level 1:colcon.colcon_core.package_discovery:discover_packages(ignore) using defaults
[1.507s] Level 1:colcon.colcon_core.package_discovery:discover_packages(path) discover
[1.508s] Level 1:colcon.colcon_core.package_discovery:discover_packages(path) using defaults
[1.583s] Level 1:colcon.colcon_core.package_discovery:discover_packages(prefix_path) check parameters
[1.583s] Level 1:colcon.colcon_core.package_discovery:discover_packages(prefix_path) discover
[1.590s] DEBUG:colcon.colcon_installed_package_information.package_discovery:Found 2 installed packages in /home/airl-radar/ros2_radar_ws/install
[1.591s] Level 1:colcon.colcon_core.package_discovery:discover_packages(prefix_path) using defaults
[1.597s] Level 5:colcon.colcon_core.verb:set package 'mmwave_radar_interfaces' build argument 'cmake_args' from command line to 'None'
[1.597s] Level 5:colcon.colcon_core.verb:set package 'mmwave_radar_interfaces' build argument 'cmake_target' from command line to 'None'
[1.597s] Level 5:colcon.colcon_core.verb:set package 'mmwave_radar_interfaces' build argument 'cmake_target_skip_unavailable' from command line to 'False'
[1.597s] Level 5:colcon.colcon_core.verb:set package 'mmwave_radar_interfaces' build argument 'cmake_clean_cache' from command line to 'False'
[1.597s] Level 5:colcon.colcon_core.verb:set package 'mmwave_radar_interfaces' build argument 'cmake_clean_first' from command line to 'False'
[1.597s] Level 5:colcon.colcon_core.verb:set package 'mmwave_radar_interfaces' build argument 'cmake_force_configure' from command line to 'False'
[1.597s] Level 5:colcon.colcon_core.verb:set package 'mmwave_radar_interfaces' build argument 'ament_cmake_args' from command line to 'None'
[1.598s] Level 5:colcon.colcon_core.verb:set package 'mmwave_radar_interfaces' build argument 'catkin_cmake_args' from command line to 'None'
[1.598s] Level 5:colcon.colcon_core.verb:set package 'mmwave_radar_interfaces' build argument 'catkin_skip_building_tests' from command line to 'False'
[1.598s] DEBUG:colcon.colcon_core.verb:Building package 'mmwave_radar_interfaces' with the following arguments: {'ament_cmake_args': None, 'build_base': '/home/airl-radar/ros2_radar_ws/build/mmwave_radar_interfaces', 'catkin_cmake_args': None, 'catkin_skip_building_tests': False, 'cmake_args': None, 'cmake_clean_cache': False, 'cmake_clean_first': False, 'cmake_force_configure': False, 'cmake_target': None, 'cmake_target_skip_unavailable': False, 'install_base': '/home/airl-radar/ros2_radar_ws/install/mmwave_radar_interfaces', 'merge_install': False, 'path': '/home/airl-radar/ros2_radar_ws/src/mmwave_radar_interfaces', 'symlink_install': True, 'test_result_base': None}
[1.599s] Level 5:colcon.colcon_core.verb:set package 'usb_cam_tuner' build argument 'cmake_args' from command line to 'None'
[1.600s] Level 5:colcon.colcon_core.verb:set package 'usb_cam_tuner' build argument 'cmake_target' from command line to 'None'
[1.600s] Level 5:colcon.colcon_core.verb:set package 'usb_cam_tuner' build argument 'cmake_target_skip_unavailable' from command line to 'False'
[1.600s] Level 5:colcon.colcon_core.verb:set package 'usb_cam_tuner' build argument 'cmake_clean_cache' from command line to 'False'
[1.600s] Level 5:colcon.colcon_core.verb:set package 'usb_cam_tuner' build argument 'cmake_clean_first' from command line to 'False'
[1.600s] Level 5:colcon.colcon_core.verb:set package 'usb_cam_tuner' build argument 'cmake_force_configure' from command line to 'False'
[1.600s] Level 5:colcon.colcon_core.verb:set package 'usb_cam_tuner' build argument 'ament_cmake_args' from command line to 'None'
[1.600s] Level 5:colcon.colcon_core.verb:set package 'usb_cam_tuner' build argument 'catkin_cmake_args' from command line to 'None'
[1.600s] Level 5:colcon.colcon_core.verb:set package 'usb_cam_tuner' build argument 'catkin_skip_building_tests' from command line to 'False'
[1.600s] DEBUG:colcon.colcon_core.verb:Building package 'usb_cam_tuner' with the following arguments: {'ament_cmake_args': None, 'build_base': '/home/airl-radar/ros2_radar_ws/build/usb_cam_tuner', 'catkin_cmake_args': None, 'catkin_skip_building_tests': False, 'cmake_args': None, 'cmake_clean_cache': False, 'cmake_clean_first': False, 'cmake_force_configure': False, 'cmake_target': None, 'cmake_target_skip_unavailable': False, 'install_base': '/home/airl-radar/ros2_radar_ws/install/usb_cam_tuner', 'merge_install': False, 'path': '/home/airl-radar/ros2_radar_ws/src/usb_cam_tuner', 'symlink_install': True, 'test_result_base': None}
[1.602s] Level 5:colcon.colcon_core.verb:set package 'mmwave_radar_driver' build argument 'cmake_args' from command line to 'None'
[1.602s] Level 5:colcon.colcon_core.verb:set package 'mmwave_radar_driver' build argument 'cmake_target' from command line to 'None'
[1.602s] Level 5:colcon.colcon_core.verb:set package 'mmwave_radar_driver' build argument 'cmake_target_skip_unavailable' from command line to 'False'
[1.602s] Level 5:colcon.colcon_core.verb:set package 'mmwave_radar_driver' build argument 'cmake_clean_cache' from command line to 'False'
[1.602s] Level 5:colcon.colcon_core.verb:set package 'mmwave_radar_driver' build argument 'cmake_clean_first' from command line to 'False'
[1.603s] Level 5:colcon.colcon_core.verb:set package 'mmwave_radar_driver' build argument 'cmake_force_configure' from command line to 'False'
[1.603s] Level 5:colcon.colcon_core.verb:set package 'mmwave_radar_driver' build argument 'ament_cmake_args' from command line to 'None'
[1.603s] Level 5:colcon.colcon_core.verb:set package 'mmwave_radar_driver' build argument 'catkin_cmake_args' from command line to 'None'
[1.603s] Level 5:colcon.colcon_core.verb:set package 'mmwave_radar_driver' build argument 'catkin_skip_building_tests' from command line to 'False'
[1.603s] DEBUG:colcon.colcon_core.verb:Building package 'mmwave_radar_driver' with the following arguments: {'ament_cmake_args': None, 'build_base': '/home/airl-radar/ros2_radar_ws/build/mmwave_radar_driver', 'catkin_cmake_args': None, 'catkin_skip_building_tests': False, 'cmake_args': None, 'cmake_clean_cache': False, 'cmake_clean_first': False, 'cmake_force_configure': False, 'cmake_target': None, 'cmake_target_skip_unavailable': False, 'install_base': '/home/airl-radar/ros2_radar_ws/install/mmwave_radar_driver', 'merge_install': False, 'path': '/home/airl-radar/ros2_radar_ws/src/mmwave_radar_driver', 'symlink_install': True, 'test_result_base': None}
[1.604s] INFO:colcon.colcon_core.executor:Executing jobs using 'parallel' executor
[1.607s] DEBUG:colcon.colcon_parallel_executor.executor.parallel:run_until_complete
[1.609s] INFO:colcon.colcon_ros.task.ament_cmake.build:Building ROS package in '/home/airl-radar/ros2_radar_ws/src/mmwave_radar_interfaces' with build type 'ament_cmake'
[1.610s] INFO:colcon.colcon_cmake.task.cmake.build:Building CMake package in '/home/airl-radar/ros2_radar_ws/src/mmwave_radar_interfaces'
[1.621s] INFO:colcon.colcon_core.plugin_system:Skipping extension 'colcon_core.shell.bat': Not used on non-Windows systems
[1.622s] INFO:colcon.colcon_core.shell:Skip shell extension 'powershell' for command environment: Not usable outside of PowerShell
[1.623s] DEBUG:colcon.colcon_core.shell:Skip shell extension 'dsv' for command environment
[1.631s] INFO:colcon.colcon_ros.task.ament_python.build:Building ROS package in '/home/airl-radar/ros2_radar_ws/src/usb_cam_tuner' with build type 'ament_python'
[1.632s] Level 1:colcon.colcon_core.shell:create_environment_hook('usb_cam_tuner', 'ament_prefix_path')
[1.633s] INFO:colcon.colcon_core.shell:Creating environment hook '/home/airl-radar/ros2_radar_ws/install/usb_cam_tuner/share/usb_cam_tuner/hook/ament_prefix_path.ps1'
[1.637s] INFO:colcon.colcon_core.shell:Creating environment descriptor '/home/airl-radar/ros2_radar_ws/install/usb_cam_tuner/share/usb_cam_tuner/hook/ament_prefix_path.dsv'
[1.640s] INFO:colcon.colcon_core.shell:Creating environment hook '/home/airl-radar/ros2_radar_ws/install/usb_cam_tuner/share/usb_cam_tuner/hook/ament_prefix_path.sh'
[1.644s] INFO:colcon.colcon_core.shell:Skip shell extension 'powershell' for command environment: Not usable outside of PowerShell
[1.644s] DEBUG:colcon.colcon_core.shell:Skip shell extension 'dsv' for command environment
[1.672s] DEBUG:colcon.colcon_core.event_handler.log_command:Invoking command in '/home/airl-radar/ros2_radar_ws/build/mmwave_radar_interfaces': PS1=(radar_env) \[\e]0;\u@\h: \w\a\]${debian_chroot:+($debian_chroot)}\[\033[01;32m\]\u@\h\[\033[00m\]:\[\033[01;34m\]\w\[\033[00m\]\$ VIRTUAL_ENV_PROMPT=(radar_env) /usr/bin/cmake --build /home/airl-radar/ros2_radar_ws/build/mmwave_radar_interfaces -- -j4 -l4
[3.608s] INFO:colcon.colcon_core.task.python.build:Building Python package in '/home/airl-radar/ros2_radar_ws/src/usb_cam_tuner'
[3.609s] INFO:colcon.colcon_core.shell:Skip shell extension 'powershell' for command environment: Not usable outside of PowerShell
[3.609s] DEBUG:colcon.colcon_core.shell:Skip shell extension 'dsv' for command environment
[6.546s] DEBUG:colcon.colcon_core.event_handler.log_command:Invoking command in '/home/airl-radar/ros2_radar_ws/build/usb_cam_tuner': PS1=(radar_env) \[\e]0;\u@\h: \w\a\]${debian_chroot:+($debian_chroot)}\[\033[01;32m\]\u@\h\[\033[00m\]:\[\033[01;34m\]\w\[\033[00m\]\$ PYTHONPATH=/home/airl-radar/ros2_radar_ws/build/usb_cam_tuner/prefix_override:/usr/lib/python3/dist-packages/colcon_core/task/python/colcon_distutils_commands:/home/airl-radar/ros2_radar_ws/install/usb_cam_tuner/lib/python3.10/site-packages:${PYTHONPATH} VIRTUAL_ENV_PROMPT=(radar_env) /usr/bin/python3 -W ignore:setup.py install is deprecated -W ignore:easy_install command is deprecated setup.py develop --editable --build-directory /home/airl-radar/ros2_radar_ws/build/usb_cam_tuner/build --no-deps symlink_data
[14.891s] Level 1:colcon.colcon_core.shell:create_environment_hook('usb_cam_tuner', 'pythonpath_develop')
[14.896s] INFO:colcon.colcon_core.shell:Creating environment hook '/home/airl-radar/ros2_radar_ws/build/usb_cam_tuner/share/usb_cam_tuner/hook/pythonpath_develop.ps1'
[14.895s] DEBUG:colcon.colcon_core.event_handler.log_command:Invoked command in '/home/airl-radar/ros2_radar_ws/build/usb_cam_tuner' returned '0': PS1=(radar_env) \[\e]0;\u@\h: \w\a\]${debian_chroot:+($debian_chroot)}\[\033[01;32m\]\u@\h\[\033[00m\]:\[\033[01;34m\]\w\[\033[00m\]\$ PYTHONPATH=/home/airl-radar/ros2_radar_ws/build/usb_cam_tuner/prefix_override:/usr/lib/python3/dist-packages/colcon_core/task/python/colcon_distutils_commands:/home/airl-radar/ros2_radar_ws/install/usb_cam_tuner/lib/python3.10/site-packages:${PYTHONPATH} VIRTUAL_ENV_PROMPT=(radar_env) /usr/bin/python3 -W ignore:setup.py install is deprecated -W ignore:easy_install command is deprecated setup.py develop --editable --build-directory /home/airl-radar/ros2_radar_ws/build/usb_cam_tuner/build --no-deps symlink_data
[14.900s] INFO:colcon.colcon_core.shell:Creating environment descriptor '/home/airl-radar/ros2_radar_ws/build/usb_cam_tuner/share/usb_cam_tuner/hook/pythonpath_develop.dsv'
[14.904s] INFO:colcon.colcon_core.shell:Creating environment hook '/home/airl-radar/ros2_radar_ws/build/usb_cam_tuner/share/usb_cam_tuner/hook/pythonpath_develop.sh'
[14.943s] Level 1:colcon.colcon_core.environment:checking '/home/airl-radar/ros2_radar_ws/install/usb_cam_tuner' for CMake module files
[14.947s] Level 1:colcon.colcon_core.environment:checking '/home/airl-radar/ros2_radar_ws/install/usb_cam_tuner' for CMake config files
[14.964s] Level 1:colcon.colcon_core.environment:checking '/home/airl-radar/ros2_radar_ws/install/usb_cam_tuner/lib'
[14.967s] Level 1:colcon.colcon_core.environment:checking '/home/airl-radar/ros2_radar_ws/install/usb_cam_tuner/bin'
[14.969s] Level 1:colcon.colcon_core.environment:checking '/home/airl-radar/ros2_radar_ws/install/usb_cam_tuner/lib/pkgconfig/usb_cam_tuner.pc'
[14.971s] Level 1:colcon.colcon_core.environment:checking '/home/airl-radar/ros2_radar_ws/install/usb_cam_tuner/lib/python3.10/site-packages'
[14.972s] Level 1:colcon.colcon_core.shell:create_environment_hook('usb_cam_tuner', 'pythonpath')
[14.974s] INFO:colcon.colcon_core.shell:Creating environment hook '/home/airl-radar/ros2_radar_ws/install/usb_cam_tuner/share/usb_cam_tuner/hook/pythonpath.ps1'
[14.984s] INFO:colcon.colcon_core.shell:Creating environment descriptor '/home/airl-radar/ros2_radar_ws/install/usb_cam_tuner/share/usb_cam_tuner/hook/pythonpath.dsv'
[14.987s] INFO:colcon.colcon_core.shell:Creating environment hook '/home/airl-radar/ros2_radar_ws/install/usb_cam_tuner/share/usb_cam_tuner/hook/pythonpath.sh'
[15.001s] Level 1:colcon.colcon_core.environment:checking '/home/airl-radar/ros2_radar_ws/install/usb_cam_tuner/bin'
[15.002s] Level 1:colcon.colcon_core.environment:create_environment_scripts_only(usb_cam_tuner)
[15.004s] INFO:colcon.colcon_core.shell:Creating package script '/home/airl-radar/ros2_radar_ws/install/usb_cam_tuner/share/usb_cam_tuner/package.ps1'
[15.010s] INFO:colcon.colcon_core.shell:Creating package descriptor '/home/airl-radar/ros2_radar_ws/install/usb_cam_tuner/share/usb_cam_tuner/package.dsv'
[15.028s] INFO:colcon.colcon_core.shell:Creating package script '/home/airl-radar/ros2_radar_ws/install/usb_cam_tuner/share/usb_cam_tuner/package.sh'
[15.033s] INFO:colcon.colcon_core.shell:Creating package script '/home/airl-radar/ros2_radar_ws/install/usb_cam_tuner/share/usb_cam_tuner/package.bash'
[15.038s] INFO:colcon.colcon_core.shell:Creating package script '/home/airl-radar/ros2_radar_ws/install/usb_cam_tuner/share/usb_cam_tuner/package.zsh'
[15.043s] Level 1:colcon.colcon_core.environment:create_file_with_runtime_dependencies(/home/airl-radar/ros2_radar_ws/install/usb_cam_tuner/share/colcon-core/packages/usb_cam_tuner)
[34.662s] DEBUG:colcon.colcon_core.event_handler.log_command:Invoked command in '/home/airl-radar/ros2_radar_ws/build/mmwave_radar_interfaces' returned '0': PS1=(radar_env) \[\e]0;\u@\h: \w\a\]${debian_chroot:+($debian_chroot)}\[\033[01;32m\]\u@\h\[\033[00m\]:\[\033[01;34m\]\w\[\033[00m\]\$ VIRTUAL_ENV_PROMPT=(radar_env) /usr/bin/cmake --build /home/airl-radar/ros2_radar_ws/build/mmwave_radar_interfaces -- -j4 -l4
[34.703s] DEBUG:colcon.colcon_core.event_handler.log_command:Invoking command in '/home/airl-radar/ros2_radar_ws/build/mmwave_radar_interfaces': PS1=(radar_env) \[\e]0;\u@\h: \w\a\]${debian_chroot:+($debian_chroot)}\[\033[01;32m\]\u@\h\[\033[00m\]:\[\033[01;34m\]\w\[\033[00m\]\$ VIRTUAL_ENV_PROMPT=(radar_env) /usr/bin/cmake --install /home/airl-radar/ros2_radar_ws/build/mmwave_radar_interfaces
[39.337s] Level 1:colcon.colcon_core.environment:create_environment_scripts_only(mmwave_radar_interfaces)
[39.339s] Level 1:colcon.colcon_core.environment:checking '/home/airl-radar/ros2_radar_ws/install/mmwave_radar_interfaces' for CMake module files
[39.340s] DEBUG:colcon.colcon_core.event_handler.log_command:Invoked command in '/home/airl-radar/ros2_radar_ws/build/mmwave_radar_interfaces' returned '0': PS1=(radar_env) \[\e]0;\u@\h: \w\a\]${debian_chroot:+($debian_chroot)}\[\033[01;32m\]\u@\h\[\033[00m\]:\[\033[01;34m\]\w\[\033[00m\]\$ VIRTUAL_ENV_PROMPT=(radar_env) /usr/bin/cmake --install /home/airl-radar/ros2_radar_ws/build/mmwave_radar_interfaces
[39.344s] Level 1:colcon.colcon_core.environment:checking '/home/airl-radar/ros2_radar_ws/install/mmwave_radar_interfaces' for CMake config files
[39.355s] Level 1:colcon.colcon_core.shell:create_environment_hook('mmwave_radar_interfaces', 'cmake_prefix_path')
[39.356s] INFO:colcon.colcon_core.shell:Creating environment hook '/home/airl-radar/ros2_radar_ws/install/mmwave_radar_interfaces/share/mmwave_radar_interfaces/hook/cmake_prefix_path.ps1'
[39.358s] INFO:colcon.colcon_core.shell:Creating environment descriptor '/home/airl-radar/ros2_radar_ws/install/mmwave_radar_interfaces/share/mmwave_radar_interfaces/hook/cmake_prefix_path.dsv'
[39.359s] INFO:colcon.colcon_core.shell:Creating environment hook '/home/airl-radar/ros2_radar_ws/install/mmwave_radar_interfaces/share/mmwave_radar_interfaces/hook/cmake_prefix_path.sh'
[39.362s] Level 1:colcon.colcon_core.environment:checking '/home/airl-radar/ros2_radar_ws/install/mmwave_radar_interfaces/lib'
[39.362s] Level 1:colcon.colcon_core.shell:create_environment_hook('mmwave_radar_interfaces', 'ld_library_path_lib')
[39.363s] INFO:colcon.colcon_core.shell:Creating environment hook '/home/airl-radar/ros2_radar_ws/install/mmwave_radar_interfaces/share/mmwave_radar_interfaces/hook/ld_library_path_lib.ps1'
[39.365s] INFO:colcon.colcon_core.shell:Creating environment descriptor '/home/airl-radar/ros2_radar_ws/install/mmwave_radar_interfaces/share/mmwave_radar_interfaces/hook/ld_library_path_lib.dsv'
[39.367s] INFO:colcon.colcon_core.shell:Creating environment hook '/home/airl-radar/ros2_radar_ws/install/mmwave_radar_interfaces/share/mmwave_radar_interfaces/hook/ld_library_path_lib.sh'
[39.369s] Level 1:colcon.colcon_core.environment:checking '/home/airl-radar/ros2_radar_ws/install/mmwave_radar_interfaces/bin'
[39.369s] Level 1:colcon.colcon_core.environment:checking '/home/airl-radar/ros2_radar_ws/install/mmwave_radar_interfaces/lib/pkgconfig/mmwave_radar_interfaces.pc'
[39.370s] Level 1:colcon.colcon_core.environment:checking '/home/airl-radar/ros2_radar_ws/install/mmwave_radar_interfaces/lib/python3.10/site-packages'
[39.370s] Level 1:colcon.colcon_core.shell:create_environment_hook('mmwave_radar_interfaces', 'pythonpath')
[39.371s] INFO:colcon.colcon_core.shell:Creating environment hook '/home/airl-radar/ros2_radar_ws/install/mmwave_radar_interfaces/share/mmwave_radar_interfaces/hook/pythonpath.ps1'
[39.373s] INFO:colcon.colcon_core.shell:Creating environment descriptor '/home/airl-radar/ros2_radar_ws/install/mmwave_radar_interfaces/share/mmwave_radar_interfaces/hook/pythonpath.dsv'
[39.375s] INFO:colcon.colcon_core.shell:Creating environment hook '/home/airl-radar/ros2_radar_ws/install/mmwave_radar_interfaces/share/mmwave_radar_interfaces/hook/pythonpath.sh'
[39.377s] Level 1:colcon.colcon_core.environment:checking '/home/airl-radar/ros2_radar_ws/install/mmwave_radar_interfaces/bin'
[39.379s] INFO:colcon.colcon_core.shell:Creating package script '/home/airl-radar/ros2_radar_ws/install/mmwave_radar_interfaces/share/mmwave_radar_interfaces/package.ps1'
[39.382s] INFO:colcon.colcon_core.shell:Creating package descriptor '/home/airl-radar/ros2_radar_ws/install/mmwave_radar_interfaces/share/mmwave_radar_interfaces/package.dsv'
[39.384s] INFO:colcon.colcon_core.shell:Creating package script '/home/airl-radar/ros2_radar_ws/install/mmwave_radar_interfaces/share/mmwave_radar_interfaces/package.sh'
[39.387s] INFO:colcon.colcon_core.shell:Creating package script '/home/airl-radar/ros2_radar_ws/install/mmwave_radar_interfaces/share/mmwave_radar_interfaces/package.bash'
[39.389s] INFO:colcon.colcon_core.shell:Creating package script '/home/airl-radar/ros2_radar_ws/install/mmwave_radar_interfaces/share/mmwave_radar_interfaces/package.zsh'
[39.391s] Level 1:colcon.colcon_core.environment:create_file_with_runtime_dependencies(/home/airl-radar/ros2_radar_ws/install/mmwave_radar_interfaces/share/colcon-core/packages/mmwave_radar_interfaces)
[39.394s] Level 1:colcon.colcon_core.environment:create_environment_scripts_only(mmwave_radar_interfaces)
[39.395s] Level 1:colcon.colcon_core.environment:checking '/home/airl-radar/ros2_radar_ws/install/mmwave_radar_interfaces' for CMake module files
[39.399s] Level 1:colcon.colcon_core.environment:checking '/home/airl-radar/ros2_radar_ws/install/mmwave_radar_interfaces' for CMake config files
[39.409s] Level 1:colcon.colcon_core.shell:create_environment_hook('mmwave_radar_interfaces', 'cmake_prefix_path')
[39.410s] INFO:colcon.colcon_core.shell:Creating environment hook '/home/airl-radar/ros2_radar_ws/install/mmwave_radar_interfaces/share/mmwave_radar_interfaces/hook/cmake_prefix_path.ps1'
[39.412s] INFO:colcon.colcon_core.shell:Creating environment descriptor '/home/airl-radar/ros2_radar_ws/install/mmwave_radar_interfaces/share/mmwave_radar_interfaces/hook/cmake_prefix_path.dsv'
[39.414s] INFO:colcon.colcon_core.shell:Creating environment hook '/home/airl-radar/ros2_radar_ws/install/mmwave_radar_interfaces/share/mmwave_radar_interfaces/hook/cmake_prefix_path.sh'
[39.416s] Level 1:colcon.colcon_core.environment:checking '/home/airl-radar/ros2_radar_ws/install/mmwave_radar_interfaces/lib'
[39.417s] Level 1:colcon.colcon_core.shell:create_environment_hook('mmwave_radar_interfaces', 'ld_library_path_lib')
[39.418s] INFO:colcon.colcon_core.shell:Creating environment hook '/home/airl-radar/ros2_radar_ws/install/mmwave_radar_interfaces/share/mmwave_radar_interfaces/hook/ld_library_path_lib.ps1'
[39.420s] INFO:colcon.colcon_core.shell:Creating environment descriptor '/home/airl-radar/ros2_radar_ws/install/mmwave_radar_interfaces/share/mmwave_radar_interfaces/hook/ld_library_path_lib.dsv'
[39.422s] INFO:colcon.colcon_core.shell:Creating environment hook '/home/airl-radar/ros2_radar_ws/install/mmwave_radar_interfaces/share/mmwave_radar_interfaces/hook/ld_library_path_lib.sh'
[39.424s] Level 1:colcon.colcon_core.environment:checking '/home/airl-radar/ros2_radar_ws/install/mmwave_radar_interfaces/bin'
[39.424s] Level 1:colcon.colcon_core.environment:checking '/home/airl-radar/ros2_radar_ws/install/mmwave_radar_interfaces/lib/pkgconfig/mmwave_radar_interfaces.pc'
[39.425s] Level 1:colcon.colcon_core.environment:checking '/home/airl-radar/ros2_radar_ws/install/mmwave_radar_interfaces/lib/python3.10/site-packages'
[39.425s] Level 1:colcon.colcon_core.shell:create_environment_hook('mmwave_radar_interfaces', 'pythonpath')
[39.426s] INFO:colcon.colcon_core.shell:Creating environment hook '/home/airl-radar/ros2_radar_ws/install/mmwave_radar_interfaces/share/mmwave_radar_interfaces/hook/pythonpath.ps1'
[39.428s] INFO:colcon.colcon_core.shell:Creating environment descriptor '/home/airl-radar/ros2_radar_ws/install/mmwave_radar_interfaces/share/mmwave_radar_interfaces/hook/pythonpath.dsv'
[39.430s] INFO:colcon.colcon_core.shell:Creating environment hook '/home/airl-radar/ros2_radar_ws/install/mmwave_radar_interfaces/share/mmwave_radar_interfaces/hook/pythonpath.sh'
[39.433s] Level 1:colcon.colcon_core.environment:checking '/home/airl-radar/ros2_radar_ws/install/mmwave_radar_interfaces/bin'
[39.434s] INFO:colcon.colcon_core.shell:Creating package script '/home/airl-radar/ros2_radar_ws/install/mmwave_radar_interfaces/share/mmwave_radar_interfaces/package.ps1'
[39.437s] INFO:colcon.colcon_core.shell:Creating package descriptor '/home/airl-radar/ros2_radar_ws/install/mmwave_radar_interfaces/share/mmwave_radar_interfaces/package.dsv'
[39.440s] INFO:colcon.colcon_core.shell:Creating package script '/home/airl-radar/ros2_radar_ws/install/mmwave_radar_interfaces/share/mmwave_radar_interfaces/package.sh'
[39.442s] INFO:colcon.colcon_core.shell:Creating package script '/home/airl-radar/ros2_radar_ws/install/mmwave_radar_interfaces/share/mmwave_radar_interfaces/package.bash'
[39.444s] INFO:colcon.colcon_core.shell:Creating package script '/home/airl-radar/ros2_radar_ws/install/mmwave_radar_interfaces/share/mmwave_radar_interfaces/package.zsh'
[39.446s] Level 1:colcon.colcon_core.environment:create_file_with_runtime_dependencies(/home/airl-radar/ros2_radar_ws/install/mmwave_radar_interfaces/share/colcon-core/packages/mmwave_radar_interfaces)
[39.448s] INFO:colcon.colcon_ros.task.ament_python.build:Building ROS package in '/home/airl-radar/ros2_radar_ws/src/mmwave_radar_driver' with build type 'ament_python'
[39.449s] Level 1:colcon.colcon_core.shell:create_environment_hook('mmwave_radar_driver', 'ament_prefix_path')
[39.450s] INFO:colcon.colcon_core.shell:Creating environment hook '/home/airl-radar/ros2_radar_ws/install/mmwave_radar_driver/share/mmwave_radar_driver/hook/ament_prefix_path.ps1'
[39.453s] INFO:colcon.colcon_core.shell:Creating environment descriptor '/home/airl-radar/ros2_radar_ws/install/mmwave_radar_driver/share/mmwave_radar_driver/hook/ament_prefix_path.dsv'
[39.455s] INFO:colcon.colcon_core.shell:Creating environment hook '/home/airl-radar/ros2_radar_ws/install/mmwave_radar_driver/share/mmwave_radar_driver/hook/ament_prefix_path.sh'
[39.457s] INFO:colcon.colcon_core.shell:Skip shell extension 'powershell' for command environment: Not usable outside of PowerShell
[39.457s] DEBUG:colcon.colcon_core.shell:Skip shell extension 'dsv' for command environment
[40.792s] INFO:colcon.colcon_core.task.python.build:Building Python package in '/home/airl-radar/ros2_radar_ws/src/mmwave_radar_driver'
[40.793s] INFO:colcon.colcon_core.shell:Skip shell extension 'powershell' for command environment: Not usable outside of PowerShell
[40.793s] DEBUG:colcon.colcon_core.shell:Skip shell extension 'dsv' for command environment
[42.468s] DEBUG:colcon.colcon_core.event_handler.log_command:Invoking command in '/home/airl-radar/ros2_radar_ws/build/mmwave_radar_driver': AMENT_PREFIX_PATH=/home/airl-radar/ros2_radar_ws/install/mmwave_radar_interfaces CMAKE_PREFIX_PATH=/home/airl-radar/ros2_radar_ws/install/mmwave_radar_interfaces PS1=(radar_env) \[\e]0;\u@\h: \w\a\]${debian_chroot:+($debian_chroot)}\[\033[01;32m\]\u@\h\[\033[00m\]:\[\033[01;34m\]\w\[\033[00m\]\$ PYTHONPATH=/home/airl-radar/ros2_radar_ws/build/mmwave_radar_driver/prefix_override:/usr/lib/python3/dist-packages/colcon_core/task/python/colcon_distutils_commands:/home/airl-radar/ros2_radar_ws/install/mmwave_radar_driver/lib/python3.10/site-packages:/home/airl-radar/ros2_radar_ws/install/mmwave_radar_interfaces/lib/python3.10/site-packages:/home/airl-radar/ros2_radar_ws/build/usb_cam_tuner:/home/airl-radar/ros2_radar_ws/install/usb_cam_tuner/lib/python3.10/site-packages:/home/airl-radar/ros2_radar_ws/build/mmwave_radar_driver:/home/airl-radar/ros2_radar_ws/install/mmwave_radar_driver/lib/python3.10/site-packages:/opt/ros/humble/lib/python3.10/site-packages:/opt/ros/humble/local/lib/python3.10/dist-packages:/home/airl-radar/radar_env/lib/python3.10/site-packages VIRTUAL_ENV_PROMPT=(radar_env) /usr/bin/python3 -W ignore:setup.py install is deprecated -W ignore:easy_install command is deprecated setup.py develop --editable --build-directory /home/airl-radar/ros2_radar_ws/build/mmwave_radar_driver/build --no-deps symlink_data
[44.777s] Level 1:colcon.colcon_core.shell:create_environment_hook('mmwave_radar_driver', 'pythonpath_develop')
[44.779s] INFO:colcon.colcon_core.shell:Creating environment hook '/home/airl-radar/ros2_radar_ws/build/mmwave_radar_driver/share/mmwave_radar_driver/hook/pythonpath_develop.ps1'
[44.780s] DEBUG:colcon.colcon_core.event_handler.log_command:Invoked command in '/home/airl-radar/ros2_radar_ws/build/mmwave_radar_driver' returned '0': AMENT_PREFIX_PATH=/home/airl-radar/ros2_radar_ws/install/mmwave_radar_interfaces CMAKE_PREFIX_PATH=/home/airl-radar/ros2_radar_ws/install/mmwave_radar_interfaces PS1=(radar_env) \[\e]0;\u@\h: \w\a\]${debian_chroot:+($debian_chroot)}\[\033[01;32m\]\u@\h\[\033[00m\]:\[\033[01;34m\]\w\[\033[00m\]\$ PYTHONPATH=/home/airl-radar/ros2_radar_ws/build/mmwave_radar_driver/prefix_override:/usr/lib/python3/dist-packages/colcon_core/task/python/colcon_distutils_commands:/home/airl-radar/ros2_radar_ws/install/mmwave_radar_driver/lib/python3.10/site-packages:/home/airl-radar/ros2_radar_ws/install/mmwave_radar_interfaces/lib/python3.10/site-packages:/home/airl-radar/ros2_radar_ws/build/usb_cam_tuner:/home/airl-radar/ros2_radar_ws/install/usb_cam_tuner/lib/python3.10/site-packages:/home/airl-radar/ros2_radar_ws/build/mmwave_radar_driver:/home/airl-radar/ros2_radar_ws/install/mmwave_radar_driver/lib/python3.10/site-packages:/opt/ros/humble/lib/python3.10/site-packages:/opt/ros/humble/local/lib/python3.10/dist-packages:/home/airl-radar/radar_env/lib/python3.10/site-packages VIRTUAL_ENV_PROMPT=(radar_env) /usr/bin/python3 -W ignore:setup.py install is deprecated -W ignore:easy_install command is deprecated setup.py develop --editable --build-directory /home/airl-radar/ros2_radar_ws/build/mmwave_radar_driver/build --no-deps symlink_data
[44.783s] INFO:colcon.colcon_core.shell:Creating environment descriptor '/home/airl-radar/ros2_radar_ws/build/mmwave_radar_driver/share/mmwave_radar_driver/hook/pythonpath_develop.dsv'
[44.785s] INFO:colcon.colcon_core.shell:Creating environment hook '/home/airl-radar/ros2_radar_ws/build/mmwave_radar_driver/share/mmwave_radar_driver/hook/pythonpath_develop.sh'
[44.788s] Level 1:colcon.colcon_core.environment:checking '/home/airl-radar/ros2_radar_ws/install/mmwave_radar_driver' for CMake module files
[44.790s] Level 1:colcon.colcon_core.environment:checking '/home/airl-radar/ros2_radar_ws/install/mmwave_radar_driver' for CMake config files
[44.794s] Level 1:colcon.colcon_core.environment:checking '/home/airl-radar/ros2_radar_ws/install/mmwave_radar_driver/lib'
[44.794s] Level 1:colcon.colcon_core.environment:checking '/home/airl-radar/ros2_radar_ws/install/mmwave_radar_driver/bin'
[44.795s] Level 1:colcon.colcon_core.environment:checking '/home/airl-radar/ros2_radar_ws/install/mmwave_radar_driver/lib/pkgconfig/mmwave_radar_driver.pc'
[44.796s] Level 1:colcon.colcon_core.environment:checking '/home/airl-radar/ros2_radar_ws/install/mmwave_radar_driver/lib/python3.10/site-packages'
[44.797s] Level 1:colcon.colcon_core.shell:create_environment_hook('mmwave_radar_driver', 'pythonpath')
[44.798s] INFO:colcon.colcon_core.shell:Creating environment hook '/home/airl-radar/ros2_radar_ws/install/mmwave_radar_driver/share/mmwave_radar_driver/hook/pythonpath.ps1'
[44.800s] INFO:colcon.colcon_core.shell:Creating environment descriptor '/home/airl-radar/ros2_radar_ws/install/mmwave_radar_driver/share/mmwave_radar_driver/hook/pythonpath.dsv'
[44.802s] INFO:colcon.colcon_core.shell:Creating environment hook '/home/airl-radar/ros2_radar_ws/install/mmwave_radar_driver/share/mmwave_radar_driver/hook/pythonpath.sh'
[44.805s] Level 1:colcon.colcon_core.environment:checking '/home/airl-radar/ros2_radar_ws/install/mmwave_radar_driver/bin'
[44.805s] Level 1:colcon.colcon_core.environment:create_environment_scripts_only(mmwave_radar_driver)
[44.807s] INFO:colcon.colcon_core.shell:Creating package script '/home/airl-radar/ros2_radar_ws/install/mmwave_radar_driver/share/mmwave_radar_driver/package.ps1'
[44.810s] INFO:colcon.colcon_core.shell:Creating package descriptor '/home/airl-radar/ros2_radar_ws/install/mmwave_radar_driver/share/mmwave_radar_driver/package.dsv'
[44.812s] INFO:colcon.colcon_core.shell:Creating package script '/home/airl-radar/ros2_radar_ws/install/mmwave_radar_driver/share/mmwave_radar_driver/package.sh'
[44.815s] INFO:colcon.colcon_core.shell:Creating package script '/home/airl-radar/ros2_radar_ws/install/mmwave_radar_driver/share/mmwave_radar_driver/package.bash'
[44.818s] INFO:colcon.colcon_core.shell:Creating package script '/home/airl-radar/ros2_radar_ws/install/mmwave_radar_driver/share/mmwave_radar_driver/package.zsh'
[44.820s] Level 1:colcon.colcon_core.environment:create_file_with_runtime_dependencies(/home/airl-radar/ros2_radar_ws/install/mmwave_radar_driver/share/colcon-core/packages/mmwave_radar_driver)
[44.823s] DEBUG:colcon.colcon_parallel_executor.executor.parallel:closing loop
[44.824s] DEBUG:colcon.colcon_parallel_executor.executor.parallel:loop closed
[44.825s] DEBUG:colcon.colcon_parallel_executor.executor.parallel:run_until_complete finished with '0'
[44.826s] DEBUG:colcon.colcon_core.event_reactor:joining thread
[44.852s] INFO:colcon.colcon_core.plugin_system:Skipping extension 'colcon_notification.desktop_notification.terminal_notifier': Not used on non-Darwin systems
[44.853s] INFO:colcon.colcon_core.plugin_system:Skipping extension 'colcon_notification.desktop_notification.win32': Not used on non-Windows systems
[44.853s] INFO:colcon.colcon_notification.desktop_notification:Sending desktop notification using 'notify2'
[44.903s] DEBUG:colcon.colcon_core.event_reactor:joined thread
[44.905s] INFO:colcon.colcon_core.shell:Creating prefix script '/home/airl-radar/ros2_radar_ws/install/local_setup.ps1'
[44.910s] INFO:colcon.colcon_core.shell:Creating prefix util module '/home/airl-radar/ros2_radar_ws/install/_local_setup_util_ps1.py'
[44.920s] INFO:colcon.colcon_core.shell:Creating prefix chain script '/home/airl-radar/ros2_radar_ws/install/setup.ps1'
[44.924s] INFO:colcon.colcon_core.shell:Creating prefix script '/home/airl-radar/ros2_radar_ws/install/local_setup.sh'
[44.928s] INFO:colcon.colcon_core.shell:Creating prefix util module '/home/airl-radar/ros2_radar_ws/install/_local_setup_util_sh.py'
[44.931s] INFO:colcon.colcon_core.shell:Creating prefix chain script '/home/airl-radar/ros2_radar_ws/install/setup.sh'
[44.936s] INFO:colcon.colcon_core.shell:Creating prefix script '/home/airl-radar/ros2_radar_ws/install/local_setup.bash'
[44.939s] INFO:colcon.colcon_core.shell:Creating prefix chain script '/home/airl-radar/ros2_radar_ws/install/setup.bash'
[44.943s] INFO:colcon.colcon_core.shell:Creating prefix script '/home/airl-radar/ros2_radar_ws/install/local_setup.zsh'
[44.947s] INFO:colcon.colcon_core.shell:Creating prefix chain script '/home/airl-radar/ros2_radar_ws/install/setup.zsh'
