[4.215s] Invoking command in '/home/airl-radar/ros2_radar_ws/src/build/mmwave_radar_driver': PS1=(radar_env) \[\e]0;\u@\h: \w\a\]${debian_chroot:+($debian_chroot)}\[\033[01;32m\]\u@\h\[\033[00m\]:\[\033[01;34m\]\w\[\033[00m\]\$ PYTHONPATH=/home/airl-radar/ros2_radar_ws/src/build/mmwave_radar_driver/prefix_override:/usr/lib/python3/dist-packages/colcon_core/task/python/colcon_distutils_commands:/home/airl-radar/ros2_radar_ws/src/install/mmwave_radar_driver/lib/python3.10/site-packages:${PYTHONPATH} VIRTUAL_ENV_PROMPT=(radar_env) /usr/bin/python3 -W ignore:setup.py install is deprecated -W ignore:easy_install command is deprecated setup.py develop --uninstall --editable --build-directory /home/airl-radar/ros2_radar_ws/src/build/mmwave_radar_driver/build
[5.751s] running develop
[6.811s] Removing /home/airl-radar/ros2_radar_ws/src/install/mmwave_radar_driver/lib/python3.10/site-packages/mmwave-radar-driver.egg-link (link to .)
[6.986s] Invoked command in '/home/airl-radar/ros2_radar_ws/src/build/mmwave_radar_driver' returned '0': PS1=(radar_env) \[\e]0;\u@\h: \w\a\]${debian_chroot:+($debian_chroot)}\[\033[01;32m\]\u@\h\[\033[00m\]:\[\033[01;34m\]\w\[\033[00m\]\$ PYTHONPATH=/home/airl-radar/ros2_radar_ws/src/build/mmwave_radar_driver/prefix_override:/usr/lib/python3/dist-packages/colcon_core/task/python/colcon_distutils_commands:/home/airl-radar/ros2_radar_ws/src/install/mmwave_radar_driver/lib/python3.10/site-packages:${PYTHONPATH} VIRTUAL_ENV_PROMPT=(radar_env) /usr/bin/python3 -W ignore:setup.py install is deprecated -W ignore:easy_install command is deprecated setup.py develop --uninstall --editable --build-directory /home/airl-radar/ros2_radar_ws/src/build/mmwave_radar_driver/build
[6.991s] Invoking command in '/home/airl-radar/ros2_radar_ws/src/mmwave_radar_driver': PS1=(radar_env) \[\e]0;\u@\h: \w\a\]${debian_chroot:+($debian_chroot)}\[\033[01;32m\]\u@\h\[\033[00m\]:\[\033[01;34m\]\w\[\033[00m\]\$ PYTHONPATH=/home/airl-radar/ros2_radar_ws/src/build/mmwave_radar_driver/prefix_override:/usr/lib/python3/dist-packages/colcon_core/task/python/colcon_distutils_commands:/home/airl-radar/ros2_radar_ws/src/install/mmwave_radar_driver/lib/python3.10/site-packages:${PYTHONPATH} VIRTUAL_ENV_PROMPT=(radar_env) /usr/bin/python3 -W ignore:setup.py install is deprecated -W ignore:easy_install command is deprecated setup.py egg_info --egg-base ../build/mmwave_radar_driver build --build-base /home/airl-radar/ros2_radar_ws/src/build/mmwave_radar_driver/build install --record /home/airl-radar/ros2_radar_ws/src/build/mmwave_radar_driver/install.log --single-version-externally-managed install_data --force
[8.518s] running egg_info
[8.523s] writing ../build/mmwave_radar_driver/mmwave_radar_driver.egg-info/PKG-INFO
[8.524s] writing dependency_links to ../build/mmwave_radar_driver/mmwave_radar_driver.egg-info/dependency_links.txt
[8.526s] writing entry points to ../build/mmwave_radar_driver/mmwave_radar_driver.egg-info/entry_points.txt
[8.527s] writing requirements to ../build/mmwave_radar_driver/mmwave_radar_driver.egg-info/requires.txt
[8.528s] writing top-level names to ../build/mmwave_radar_driver/mmwave_radar_driver.egg-info/top_level.txt
[8.544s] reading manifest file '../build/mmwave_radar_driver/mmwave_radar_driver.egg-info/SOURCES.txt'
[8.550s] writing manifest file '../build/mmwave_radar_driver/mmwave_radar_driver.egg-info/SOURCES.txt'
[8.552s] running build
[8.553s] running build_py
[8.553s] creating /home/airl-radar/ros2_radar_ws/src/build/mmwave_radar_driver/build
[8.555s] creating /home/airl-radar/ros2_radar_ws/src/build/mmwave_radar_driver/build/lib
[8.556s] creating /home/airl-radar/ros2_radar_ws/src/build/mmwave_radar_driver/build/lib/mmwave_radar_driver
[8.556s] copying mmwave_radar_driver/radar_parser_node.py -> /home/airl-radar/ros2_radar_ws/src/build/mmwave_radar_driver/build/lib/mmwave_radar_driver
[8.556s] copying mmwave_radar_driver/__init__.py -> /home/airl-radar/ros2_radar_ws/src/build/mmwave_radar_driver/build/lib/mmwave_radar_driver
[8.557s] running install
[8.559s] running install_lib
[8.561s] creating /home/airl-radar/ros2_radar_ws/src/install/mmwave_radar_driver/lib/python3.10/site-packages/mmwave_radar_driver
[8.563s] copying /home/airl-radar/ros2_radar_ws/src/build/mmwave_radar_driver/build/lib/mmwave_radar_driver/radar_parser_node.py -> /home/airl-radar/ros2_radar_ws/src/install/mmwave_radar_driver/lib/python3.10/site-packages/mmwave_radar_driver
[8.570s] copying /home/airl-radar/ros2_radar_ws/src/build/mmwave_radar_driver/build/lib/mmwave_radar_driver/__init__.py -> /home/airl-radar/ros2_radar_ws/src/install/mmwave_radar_driver/lib/python3.10/site-packages/mmwave_radar_driver
[8.572s] byte-compiling /home/airl-radar/ros2_radar_ws/src/install/mmwave_radar_driver/lib/python3.10/site-packages/mmwave_radar_driver/radar_parser_node.py to radar_parser_node.cpython-310.pyc
[8.580s] byte-compiling /home/airl-radar/ros2_radar_ws/src/install/mmwave_radar_driver/lib/python3.10/site-packages/mmwave_radar_driver/__init__.py to __init__.cpython-310.pyc
[8.582s] running install_data
[8.582s] copying resource/mmwave_radar_driver -> /home/airl-radar/ros2_radar_ws/src/install/mmwave_radar_driver/share/ament_index/resource_index/packages
[8.584s] copying package.xml -> /home/airl-radar/ros2_radar_ws/src/install/mmwave_radar_driver/share/mmwave_radar_driver
[8.585s] running install_egg_info
[8.599s] Copying ../build/mmwave_radar_driver/mmwave_radar_driver.egg-info to /home/airl-radar/ros2_radar_ws/src/install/mmwave_radar_driver/lib/python3.10/site-packages/mmwave_radar_driver-0.0.0-py3.10.egg-info
[8.608s] running install_scripts
[8.704s] Installing radar_parser script to /home/airl-radar/ros2_radar_ws/src/install/mmwave_radar_driver/lib/mmwave_radar_driver
[8.707s] writing list of installed files to '/home/airl-radar/ros2_radar_ws/src/build/mmwave_radar_driver/install.log'
[8.875s] Invoked command in '/home/airl-radar/ros2_radar_ws/src/mmwave_radar_driver' returned '0': PS1=(radar_env) \[\e]0;\u@\h: \w\a\]${debian_chroot:+($debian_chroot)}\[\033[01;32m\]\u@\h\[\033[00m\]:\[\033[01;34m\]\w\[\033[00m\]\$ PYTHONPATH=/home/airl-radar/ros2_radar_ws/src/build/mmwave_radar_driver/prefix_override:/usr/lib/python3/dist-packages/colcon_core/task/python/colcon_distutils_commands:/home/airl-radar/ros2_radar_ws/src/install/mmwave_radar_driver/lib/python3.10/site-packages:${PYTHONPATH} VIRTUAL_ENV_PROMPT=(radar_env) /usr/bin/python3 -W ignore:setup.py install is deprecated -W ignore:easy_install command is deprecated setup.py egg_info --egg-base ../build/mmwave_radar_driver build --build-base /home/airl-radar/ros2_radar_ws/src/build/mmwave_radar_driver/build install --record /home/airl-radar/ros2_radar_ws/src/build/mmwave_radar_driver/install.log --single-version-externally-managed install_data --force
