[0.443s] DEBUG:colcon:Command line arguments: ['/usr/bin/colcon', 'build']
[0.443s] DEBUG:colcon:Parsed command line arguments: Namespace(log_base=None, log_level=None, verb_name='build', build_base='build', install_base='install', merge_install=False, symlink_install=False, test_result_base=None, continue_on_error=False, executor='parallel', parallel_workers=4, event_handlers=None, ignore_user_meta=False, metas=['./colcon.meta'], base_paths=['.'], packages_ignore=None, packages_ignore_regex=None, paths=None, packages_up_to=None, packages_up_to_regex=None, packages_above=None, packages_above_and_dependencies=None, packages_above_depth=None, packages_select_by_dep=None, packages_skip_by_dep=None, packages_skip_up_to=None, packages_select_build_failed=False, packages_skip_build_finished=False, packages_select_test_failures=False, packages_skip_test_passed=False, packages_select=None, packages_skip=None, packages_select_regex=None, packages_skip_regex=None, packages_start=None, packages_end=None, allow_overriding=[], cmake_args=None, cmake_target=None, cmake_target_skip_unavailable=False, cmake_clean_cache=False, cmake_clean_first=False, cmake_force_configure=False, ament_cmake_args=None, catkin_cmake_args=None, catkin_skip_building_tests=False, verb_parser=<colcon_defaults.argument_parser.defaults.DefaultArgumentsDecorator object at 0xffff848ff490>, verb_extension=<colcon_core.verb.build.BuildVerb object at 0xffff84ae8820>, main=<bound method BuildVerb.main of <colcon_core.verb.build.BuildVerb object at 0xffff84ae8820>>)
[1.233s] Level 1:colcon.colcon_core.package_discovery:discover_packages(colcon_meta) check parameters
[1.234s] Level 1:colcon.colcon_core.package_discovery:discover_packages(recursive) check parameters
[1.234s] Level 1:colcon.colcon_core.package_discovery:discover_packages(ignore) check parameters
[1.234s] Level 1:colcon.colcon_core.package_discovery:discover_packages(path) check parameters
[1.234s] Level 1:colcon.colcon_core.package_discovery:discover_packages(colcon_meta) discover
[1.234s] Level 1:colcon.colcon_core.package_discovery:discover_packages(recursive) discover
[1.235s] INFO:colcon.colcon_core.package_discovery:Crawling recursively for packages in '/home/airl-radar/ros2_radar_ws/src'
[1.235s] Level 1:colcon.colcon_core.package_identification:_identify(.) by extensions ['ignore', 'ignore_ament_install']
[1.235s] Level 1:colcon.colcon_core.package_identification:_identify(.) by extension 'ignore'
[1.236s] Level 1:colcon.colcon_core.package_identification:_identify(.) by extension 'ignore_ament_install'
[1.236s] Level 1:colcon.colcon_core.package_identification:_identify(.) by extensions ['colcon_pkg']
[1.236s] Level 1:colcon.colcon_core.package_identification:_identify(.) by extension 'colcon_pkg'
[1.236s] Level 1:colcon.colcon_core.package_identification:_identify(.) by extensions ['colcon_meta']
[1.236s] Level 1:colcon.colcon_core.package_identification:_identify(.) by extension 'colcon_meta'
[1.237s] Level 1:colcon.colcon_core.package_identification:_identify(.) by extensions ['ros']
[1.237s] Level 1:colcon.colcon_core.package_identification:_identify(.) by extension 'ros'
[1.283s] Level 1:colcon.colcon_core.package_identification:_identify(.) by extensions ['cmake', 'python']
[1.284s] Level 1:colcon.colcon_core.package_identification:_identify(.) by extension 'cmake'
[1.284s] Level 1:colcon.colcon_core.package_identification:_identify(.) by extension 'python'
[1.284s] Level 1:colcon.colcon_core.package_identification:_identify(.) by extensions ['python_setup_py']
[1.284s] Level 1:colcon.colcon_core.package_identification:_identify(.) by extension 'python_setup_py'
[1.285s] Level 1:colcon.colcon_core.package_identification:_identify(build) by extensions ['ignore', 'ignore_ament_install']
[1.286s] Level 1:colcon.colcon_core.package_identification:_identify(build) by extension 'ignore'
[1.286s] Level 1:colcon.colcon_core.package_identification:_identify(build) ignored
[1.287s] Level 1:colcon.colcon_core.package_identification:_identify(install) by extensions ['ignore', 'ignore_ament_install']
[1.287s] Level 1:colcon.colcon_core.package_identification:_identify(install) by extension 'ignore'
[1.287s] Level 1:colcon.colcon_core.package_identification:_identify(install) ignored
[1.288s] Level 1:colcon.colcon_core.package_identification:_identify(log) by extensions ['ignore', 'ignore_ament_install']
[1.288s] Level 1:colcon.colcon_core.package_identification:_identify(log) by extension 'ignore'
[1.288s] Level 1:colcon.colcon_core.package_identification:_identify(log) ignored
[1.289s] Level 1:colcon.colcon_core.package_identification:_identify(mmwave_radar_driver) by extensions ['ignore', 'ignore_ament_install']
[1.289s] Level 1:colcon.colcon_core.package_identification:_identify(mmwave_radar_driver) by extension 'ignore'
[1.289s] Level 1:colcon.colcon_core.package_identification:_identify(mmwave_radar_driver) by extension 'ignore_ament_install'
[1.290s] Level 1:colcon.colcon_core.package_identification:_identify(mmwave_radar_driver) by extensions ['colcon_pkg']
[1.290s] Level 1:colcon.colcon_core.package_identification:_identify(mmwave_radar_driver) by extension 'colcon_pkg'
[1.290s] Level 1:colcon.colcon_core.package_identification:_identify(mmwave_radar_driver) by extensions ['colcon_meta']
[1.290s] Level 1:colcon.colcon_core.package_identification:_identify(mmwave_radar_driver) by extension 'colcon_meta'
[1.290s] Level 1:colcon.colcon_core.package_identification:_identify(mmwave_radar_driver) by extensions ['ros']
[1.290s] Level 1:colcon.colcon_core.package_identification:_identify(mmwave_radar_driver) by extension 'ros'
[1.300s] DEBUG:colcon.colcon_core.package_identification:Package 'mmwave_radar_driver' with type 'ros.ament_python' and name 'mmwave_radar_driver'
[1.301s] Level 1:colcon.colcon_core.package_identification:_identify(usb_cam_tuner) by extensions ['ignore', 'ignore_ament_install']
[1.301s] Level 1:colcon.colcon_core.package_identification:_identify(usb_cam_tuner) by extension 'ignore'
[1.302s] Level 1:colcon.colcon_core.package_identification:_identify(usb_cam_tuner) by extension 'ignore_ament_install'
[1.302s] Level 1:colcon.colcon_core.package_identification:_identify(usb_cam_tuner) by extensions ['colcon_pkg']
[1.302s] Level 1:colcon.colcon_core.package_identification:_identify(usb_cam_tuner) by extension 'colcon_pkg'
[1.302s] Level 1:colcon.colcon_core.package_identification:_identify(usb_cam_tuner) by extensions ['colcon_meta']
[1.302s] Level 1:colcon.colcon_core.package_identification:_identify(usb_cam_tuner) by extension 'colcon_meta'
[1.302s] Level 1:colcon.colcon_core.package_identification:_identify(usb_cam_tuner) by extensions ['ros']
[1.303s] Level 1:colcon.colcon_core.package_identification:_identify(usb_cam_tuner) by extension 'ros'
[1.306s] DEBUG:colcon.colcon_core.package_identification:Package 'usb_cam_tuner' with type 'ros.ament_python' and name 'usb_cam_tuner'
[1.306s] Level 1:colcon.colcon_core.package_discovery:discover_packages(recursive) using defaults
[1.307s] Level 1:colcon.colcon_core.package_discovery:discover_packages(ignore) discover
[1.307s] Level 1:colcon.colcon_core.package_discovery:discover_packages(ignore) using defaults
[1.307s] Level 1:colcon.colcon_core.package_discovery:discover_packages(path) discover
[1.307s] Level 1:colcon.colcon_core.package_discovery:discover_packages(path) using defaults
[1.428s] Level 1:colcon.colcon_core.package_discovery:discover_packages(prefix_path) check parameters
[1.428s] Level 1:colcon.colcon_core.package_discovery:discover_packages(prefix_path) discover
[1.443s] DEBUG:colcon.colcon_installed_package_information.package_discovery:Found 280 installed packages in /opt/ros/humble
[1.450s] Level 1:colcon.colcon_core.package_discovery:discover_packages(prefix_path) using defaults
[1.618s] Level 5:colcon.colcon_core.verb:set package 'mmwave_radar_driver' build argument 'cmake_args' from command line to 'None'
[1.618s] Level 5:colcon.colcon_core.verb:set package 'mmwave_radar_driver' build argument 'cmake_target' from command line to 'None'
[1.619s] Level 5:colcon.colcon_core.verb:set package 'mmwave_radar_driver' build argument 'cmake_target_skip_unavailable' from command line to 'False'
[1.619s] Level 5:colcon.colcon_core.verb:set package 'mmwave_radar_driver' build argument 'cmake_clean_cache' from command line to 'False'
[1.619s] Level 5:colcon.colcon_core.verb:set package 'mmwave_radar_driver' build argument 'cmake_clean_first' from command line to 'False'
[1.619s] Level 5:colcon.colcon_core.verb:set package 'mmwave_radar_driver' build argument 'cmake_force_configure' from command line to 'False'
[1.619s] Level 5:colcon.colcon_core.verb:set package 'mmwave_radar_driver' build argument 'ament_cmake_args' from command line to 'None'
[1.619s] Level 5:colcon.colcon_core.verb:set package 'mmwave_radar_driver' build argument 'catkin_cmake_args' from command line to 'None'
[1.619s] Level 5:colcon.colcon_core.verb:set package 'mmwave_radar_driver' build argument 'catkin_skip_building_tests' from command line to 'False'
[1.619s] DEBUG:colcon.colcon_core.verb:Building package 'mmwave_radar_driver' with the following arguments: {'ament_cmake_args': None, 'build_base': '/home/airl-radar/ros2_radar_ws/src/build/mmwave_radar_driver', 'catkin_cmake_args': None, 'catkin_skip_building_tests': False, 'cmake_args': None, 'cmake_clean_cache': False, 'cmake_clean_first': False, 'cmake_force_configure': False, 'cmake_target': None, 'cmake_target_skip_unavailable': False, 'install_base': '/home/airl-radar/ros2_radar_ws/src/install/mmwave_radar_driver', 'merge_install': False, 'path': '/home/airl-radar/ros2_radar_ws/src/mmwave_radar_driver', 'symlink_install': False, 'test_result_base': None}
[1.621s] Level 5:colcon.colcon_core.verb:set package 'usb_cam_tuner' build argument 'cmake_args' from command line to 'None'
[1.621s] Level 5:colcon.colcon_core.verb:set package 'usb_cam_tuner' build argument 'cmake_target' from command line to 'None'
[1.621s] Level 5:colcon.colcon_core.verb:set package 'usb_cam_tuner' build argument 'cmake_target_skip_unavailable' from command line to 'False'
[1.621s] Level 5:colcon.colcon_core.verb:set package 'usb_cam_tuner' build argument 'cmake_clean_cache' from command line to 'False'
[1.621s] Level 5:colcon.colcon_core.verb:set package 'usb_cam_tuner' build argument 'cmake_clean_first' from command line to 'False'
[1.622s] Level 5:colcon.colcon_core.verb:set package 'usb_cam_tuner' build argument 'cmake_force_configure' from command line to 'False'
[1.622s] Level 5:colcon.colcon_core.verb:set package 'usb_cam_tuner' build argument 'ament_cmake_args' from command line to 'None'
[1.622s] Level 5:colcon.colcon_core.verb:set package 'usb_cam_tuner' build argument 'catkin_cmake_args' from command line to 'None'
[1.622s] Level 5:colcon.colcon_core.verb:set package 'usb_cam_tuner' build argument 'catkin_skip_building_tests' from command line to 'False'
[1.622s] DEBUG:colcon.colcon_core.verb:Building package 'usb_cam_tuner' with the following arguments: {'ament_cmake_args': None, 'build_base': '/home/airl-radar/ros2_radar_ws/src/build/usb_cam_tuner', 'catkin_cmake_args': None, 'catkin_skip_building_tests': False, 'cmake_args': None, 'cmake_clean_cache': False, 'cmake_clean_first': False, 'cmake_force_configure': False, 'cmake_target': None, 'cmake_target_skip_unavailable': False, 'install_base': '/home/airl-radar/ros2_radar_ws/src/install/usb_cam_tuner', 'merge_install': False, 'path': '/home/airl-radar/ros2_radar_ws/src/usb_cam_tuner', 'symlink_install': False, 'test_result_base': None}
[1.623s] INFO:colcon.colcon_core.executor:Executing jobs using 'parallel' executor
[1.626s] DEBUG:colcon.colcon_parallel_executor.executor.parallel:run_until_complete
[1.627s] INFO:colcon.colcon_ros.task.ament_python.build:Building ROS package in '/home/airl-radar/ros2_radar_ws/src/mmwave_radar_driver' with build type 'ament_python'
[1.628s] Level 1:colcon.colcon_core.shell:create_environment_hook('mmwave_radar_driver', 'ament_prefix_path')
[1.636s] INFO:colcon.colcon_core.plugin_system:Skipping extension 'colcon_core.shell.bat': Not used on non-Windows systems
[1.638s] INFO:colcon.colcon_core.shell:Creating environment hook '/home/airl-radar/ros2_radar_ws/src/install/mmwave_radar_driver/share/mmwave_radar_driver/hook/ament_prefix_path.ps1'
[1.641s] INFO:colcon.colcon_core.shell:Creating environment descriptor '/home/airl-radar/ros2_radar_ws/src/install/mmwave_radar_driver/share/mmwave_radar_driver/hook/ament_prefix_path.dsv'
[1.643s] INFO:colcon.colcon_core.shell:Creating environment hook '/home/airl-radar/ros2_radar_ws/src/install/mmwave_radar_driver/share/mmwave_radar_driver/hook/ament_prefix_path.sh'
[1.647s] INFO:colcon.colcon_core.shell:Skip shell extension 'powershell' for command environment: Not usable outside of PowerShell
[1.647s] DEBUG:colcon.colcon_core.shell:Skip shell extension 'dsv' for command environment
[1.662s] INFO:colcon.colcon_ros.task.ament_python.build:Building ROS package in '/home/airl-radar/ros2_radar_ws/src/usb_cam_tuner' with build type 'ament_python'
[1.663s] Level 1:colcon.colcon_core.shell:create_environment_hook('usb_cam_tuner', 'ament_prefix_path')
[1.664s] INFO:colcon.colcon_core.shell:Creating environment hook '/home/airl-radar/ros2_radar_ws/src/install/usb_cam_tuner/share/usb_cam_tuner/hook/ament_prefix_path.ps1'
[1.667s] INFO:colcon.colcon_core.shell:Creating environment descriptor '/home/airl-radar/ros2_radar_ws/src/install/usb_cam_tuner/share/usb_cam_tuner/hook/ament_prefix_path.dsv'
[1.669s] INFO:colcon.colcon_core.shell:Creating environment hook '/home/airl-radar/ros2_radar_ws/src/install/usb_cam_tuner/share/usb_cam_tuner/hook/ament_prefix_path.sh'
[1.672s] INFO:colcon.colcon_core.shell:Skip shell extension 'powershell' for command environment: Not usable outside of PowerShell
[1.673s] DEBUG:colcon.colcon_core.shell:Skip shell extension 'dsv' for command environment
[2.844s] INFO:colcon.colcon_core.task.python.build:Building Python package in '/home/airl-radar/ros2_radar_ws/src/mmwave_radar_driver'
[2.845s] INFO:colcon.colcon_core.shell:Skip shell extension 'powershell' for command environment: Not usable outside of PowerShell
[2.845s] DEBUG:colcon.colcon_core.shell:Skip shell extension 'dsv' for command environment
[4.044s] INFO:colcon.colcon_core.task.python.build:Building Python package in '/home/airl-radar/ros2_radar_ws/src/usb_cam_tuner'
[4.045s] INFO:colcon.colcon_core.shell:Skip shell extension 'powershell' for command environment: Not usable outside of PowerShell
[4.046s] DEBUG:colcon.colcon_core.shell:Skip shell extension 'dsv' for command environment
[5.821s] DEBUG:colcon.colcon_core.event_handler.log_command:Invoking command in '/home/airl-radar/ros2_radar_ws/src/mmwave_radar_driver': PS1=(radar_env) \[\e]0;\u@\h: \w\a\]${debian_chroot:+($debian_chroot)}\[\033[01;32m\]\u@\h\[\033[00m\]:\[\033[01;34m\]\w\[\033[00m\]\$ PYTHONPATH=/home/airl-radar/ros2_radar_ws/src/build/mmwave_radar_driver/prefix_override:/usr/lib/python3/dist-packages/colcon_core/task/python/colcon_distutils_commands:/home/airl-radar/ros2_radar_ws/src/install/mmwave_radar_driver/lib/python3.10/site-packages:${PYTHONPATH} VIRTUAL_ENV_PROMPT=(radar_env) /usr/bin/python3 -W ignore:setup.py install is deprecated -W ignore:easy_install command is deprecated setup.py egg_info --egg-base ../build/mmwave_radar_driver build --build-base /home/airl-radar/ros2_radar_ws/src/build/mmwave_radar_driver/build install --record /home/airl-radar/ros2_radar_ws/src/build/mmwave_radar_driver/install.log --single-version-externally-managed install_data
[5.843s] DEBUG:colcon.colcon_core.event_handler.log_command:Invoking command in '/home/airl-radar/ros2_radar_ws/src/usb_cam_tuner': PS1=(radar_env) \[\e]0;\u@\h: \w\a\]${debian_chroot:+($debian_chroot)}\[\033[01;32m\]\u@\h\[\033[00m\]:\[\033[01;34m\]\w\[\033[00m\]\$ PYTHONPATH=/home/airl-radar/ros2_radar_ws/src/build/usb_cam_tuner/prefix_override:/usr/lib/python3/dist-packages/colcon_core/task/python/colcon_distutils_commands:/home/airl-radar/ros2_radar_ws/src/install/usb_cam_tuner/lib/python3.10/site-packages:${PYTHONPATH} VIRTUAL_ENV_PROMPT=(radar_env) /usr/bin/python3 -W ignore:setup.py install is deprecated -W ignore:easy_install command is deprecated setup.py egg_info --egg-base ../build/usb_cam_tuner build --build-base /home/airl-radar/ros2_radar_ws/src/build/usb_cam_tuner/build install --record /home/airl-radar/ros2_radar_ws/src/build/usb_cam_tuner/install.log --single-version-externally-managed install_data
[7.410s] DEBUG:colcon.colcon_core.event_handler.log_command:Invoked command in '/home/airl-radar/ros2_radar_ws/src/mmwave_radar_driver' returned '0': PS1=(radar_env) \[\e]0;\u@\h: \w\a\]${debian_chroot:+($debian_chroot)}\[\033[01;32m\]\u@\h\[\033[00m\]:\[\033[01;34m\]\w\[\033[00m\]\$ PYTHONPATH=/home/airl-radar/ros2_radar_ws/src/build/mmwave_radar_driver/prefix_override:/usr/lib/python3/dist-packages/colcon_core/task/python/colcon_distutils_commands:/home/airl-radar/ros2_radar_ws/src/install/mmwave_radar_driver/lib/python3.10/site-packages:${PYTHONPATH} VIRTUAL_ENV_PROMPT=(radar_env) /usr/bin/python3 -W ignore:setup.py install is deprecated -W ignore:easy_install command is deprecated setup.py egg_info --egg-base ../build/mmwave_radar_driver build --build-base /home/airl-radar/ros2_radar_ws/src/build/mmwave_radar_driver/build install --record /home/airl-radar/ros2_radar_ws/src/build/mmwave_radar_driver/install.log --single-version-externally-managed install_data
[7.426s] Level 1:colcon.colcon_core.environment:checking '/home/airl-radar/ros2_radar_ws/src/install/mmwave_radar_driver' for CMake module files
[7.429s] Level 1:colcon.colcon_core.environment:checking '/home/airl-radar/ros2_radar_ws/src/install/mmwave_radar_driver' for CMake config files
[7.434s] Level 1:colcon.colcon_core.environment:checking '/home/airl-radar/ros2_radar_ws/src/install/mmwave_radar_driver/lib'
[7.435s] Level 1:colcon.colcon_core.environment:checking '/home/airl-radar/ros2_radar_ws/src/install/mmwave_radar_driver/bin'
[7.436s] Level 1:colcon.colcon_core.environment:checking '/home/airl-radar/ros2_radar_ws/src/install/mmwave_radar_driver/lib/pkgconfig/mmwave_radar_driver.pc'
[7.437s] Level 1:colcon.colcon_core.environment:checking '/home/airl-radar/ros2_radar_ws/src/install/mmwave_radar_driver/lib/python3.10/site-packages'
[7.437s] Level 1:colcon.colcon_core.shell:create_environment_hook('mmwave_radar_driver', 'pythonpath')
[7.438s] INFO:colcon.colcon_core.shell:Creating environment hook '/home/airl-radar/ros2_radar_ws/src/install/mmwave_radar_driver/share/mmwave_radar_driver/hook/pythonpath.ps1'
[7.441s] INFO:colcon.colcon_core.shell:Creating environment descriptor '/home/airl-radar/ros2_radar_ws/src/install/mmwave_radar_driver/share/mmwave_radar_driver/hook/pythonpath.dsv'
[7.444s] INFO:colcon.colcon_core.shell:Creating environment hook '/home/airl-radar/ros2_radar_ws/src/install/mmwave_radar_driver/share/mmwave_radar_driver/hook/pythonpath.sh'
[7.447s] Level 1:colcon.colcon_core.environment:checking '/home/airl-radar/ros2_radar_ws/src/install/mmwave_radar_driver/bin'
[7.448s] Level 1:colcon.colcon_core.environment:create_environment_scripts_only(mmwave_radar_driver)
[7.449s] INFO:colcon.colcon_core.shell:Creating package script '/home/airl-radar/ros2_radar_ws/src/install/mmwave_radar_driver/share/mmwave_radar_driver/package.ps1'
[7.453s] INFO:colcon.colcon_core.shell:Creating package descriptor '/home/airl-radar/ros2_radar_ws/src/install/mmwave_radar_driver/share/mmwave_radar_driver/package.dsv'
[7.456s] INFO:colcon.colcon_core.shell:Creating package script '/home/airl-radar/ros2_radar_ws/src/install/mmwave_radar_driver/share/mmwave_radar_driver/package.sh'
[7.459s] INFO:colcon.colcon_core.shell:Creating package script '/home/airl-radar/ros2_radar_ws/src/install/mmwave_radar_driver/share/mmwave_radar_driver/package.bash'
[7.463s] INFO:colcon.colcon_core.shell:Creating package script '/home/airl-radar/ros2_radar_ws/src/install/mmwave_radar_driver/share/mmwave_radar_driver/package.zsh'
[7.466s] Level 1:colcon.colcon_core.environment:create_file_with_runtime_dependencies(/home/airl-radar/ros2_radar_ws/src/install/mmwave_radar_driver/share/colcon-core/packages/mmwave_radar_driver)
[7.471s] Level 1:colcon.colcon_core.environment:checking '/home/airl-radar/ros2_radar_ws/src/install/usb_cam_tuner' for CMake module files
[7.474s] DEBUG:colcon.colcon_core.event_handler.log_command:Invoked command in '/home/airl-radar/ros2_radar_ws/src/usb_cam_tuner' returned '0': PS1=(radar_env) \[\e]0;\u@\h: \w\a\]${debian_chroot:+($debian_chroot)}\[\033[01;32m\]\u@\h\[\033[00m\]:\[\033[01;34m\]\w\[\033[00m\]\$ PYTHONPATH=/home/airl-radar/ros2_radar_ws/src/build/usb_cam_tuner/prefix_override:/usr/lib/python3/dist-packages/colcon_core/task/python/colcon_distutils_commands:/home/airl-radar/ros2_radar_ws/src/install/usb_cam_tuner/lib/python3.10/site-packages:${PYTHONPATH} VIRTUAL_ENV_PROMPT=(radar_env) /usr/bin/python3 -W ignore:setup.py install is deprecated -W ignore:easy_install command is deprecated setup.py egg_info --egg-base ../build/usb_cam_tuner build --build-base /home/airl-radar/ros2_radar_ws/src/build/usb_cam_tuner/build install --record /home/airl-radar/ros2_radar_ws/src/build/usb_cam_tuner/install.log --single-version-externally-managed install_data
[7.475s] Level 1:colcon.colcon_core.environment:checking '/home/airl-radar/ros2_radar_ws/src/install/usb_cam_tuner' for CMake config files
[7.480s] Level 1:colcon.colcon_core.environment:checking '/home/airl-radar/ros2_radar_ws/src/install/usb_cam_tuner/lib'
[7.480s] Level 1:colcon.colcon_core.environment:checking '/home/airl-radar/ros2_radar_ws/src/install/usb_cam_tuner/bin'
[7.481s] Level 1:colcon.colcon_core.environment:checking '/home/airl-radar/ros2_radar_ws/src/install/usb_cam_tuner/lib/pkgconfig/usb_cam_tuner.pc'
[7.482s] Level 1:colcon.colcon_core.environment:checking '/home/airl-radar/ros2_radar_ws/src/install/usb_cam_tuner/lib/python3.10/site-packages'
[7.482s] Level 1:colcon.colcon_core.shell:create_environment_hook('usb_cam_tuner', 'pythonpath')
[7.483s] INFO:colcon.colcon_core.shell:Creating environment hook '/home/airl-radar/ros2_radar_ws/src/install/usb_cam_tuner/share/usb_cam_tuner/hook/pythonpath.ps1'
[7.485s] INFO:colcon.colcon_core.shell:Creating environment descriptor '/home/airl-radar/ros2_radar_ws/src/install/usb_cam_tuner/share/usb_cam_tuner/hook/pythonpath.dsv'
[7.487s] INFO:colcon.colcon_core.shell:Creating environment hook '/home/airl-radar/ros2_radar_ws/src/install/usb_cam_tuner/share/usb_cam_tuner/hook/pythonpath.sh'
[7.491s] Level 1:colcon.colcon_core.environment:checking '/home/airl-radar/ros2_radar_ws/src/install/usb_cam_tuner/bin'
[7.491s] Level 1:colcon.colcon_core.environment:create_environment_scripts_only(usb_cam_tuner)
[7.492s] INFO:colcon.colcon_core.shell:Creating package script '/home/airl-radar/ros2_radar_ws/src/install/usb_cam_tuner/share/usb_cam_tuner/package.ps1'
[7.495s] INFO:colcon.colcon_core.shell:Creating package descriptor '/home/airl-radar/ros2_radar_ws/src/install/usb_cam_tuner/share/usb_cam_tuner/package.dsv'
[7.498s] INFO:colcon.colcon_core.shell:Creating package script '/home/airl-radar/ros2_radar_ws/src/install/usb_cam_tuner/share/usb_cam_tuner/package.sh'
[7.500s] INFO:colcon.colcon_core.shell:Creating package script '/home/airl-radar/ros2_radar_ws/src/install/usb_cam_tuner/share/usb_cam_tuner/package.bash'
[7.502s] INFO:colcon.colcon_core.shell:Creating package script '/home/airl-radar/ros2_radar_ws/src/install/usb_cam_tuner/share/usb_cam_tuner/package.zsh'
[7.504s] Level 1:colcon.colcon_core.environment:create_file_with_runtime_dependencies(/home/airl-radar/ros2_radar_ws/src/install/usb_cam_tuner/share/colcon-core/packages/usb_cam_tuner)
[7.506s] DEBUG:colcon.colcon_parallel_executor.executor.parallel:closing loop
[7.507s] DEBUG:colcon.colcon_parallel_executor.executor.parallel:loop closed
[7.508s] DEBUG:colcon.colcon_parallel_executor.executor.parallel:run_until_complete finished with '0'
[7.508s] DEBUG:colcon.colcon_core.event_reactor:joining thread
[7.529s] INFO:colcon.colcon_core.plugin_system:Skipping extension 'colcon_notification.desktop_notification.terminal_notifier': Not used on non-Darwin systems
[7.529s] INFO:colcon.colcon_core.plugin_system:Skipping extension 'colcon_notification.desktop_notification.win32': Not used on non-Windows systems
[7.530s] INFO:colcon.colcon_notification.desktop_notification:Sending desktop notification using 'notify2'
[7.581s] DEBUG:colcon.colcon_core.event_reactor:joined thread
[7.583s] INFO:colcon.colcon_core.shell:Creating prefix script '/home/airl-radar/ros2_radar_ws/src/install/local_setup.ps1'
[7.587s] INFO:colcon.colcon_core.shell:Creating prefix util module '/home/airl-radar/ros2_radar_ws/src/install/_local_setup_util_ps1.py'
[7.595s] INFO:colcon.colcon_core.shell:Creating prefix chain script '/home/airl-radar/ros2_radar_ws/src/install/setup.ps1'
[7.601s] INFO:colcon.colcon_core.shell:Creating prefix script '/home/airl-radar/ros2_radar_ws/src/install/local_setup.sh'
[7.604s] INFO:colcon.colcon_core.shell:Creating prefix util module '/home/airl-radar/ros2_radar_ws/src/install/_local_setup_util_sh.py'
[7.608s] INFO:colcon.colcon_core.shell:Creating prefix chain script '/home/airl-radar/ros2_radar_ws/src/install/setup.sh'
[7.613s] INFO:colcon.colcon_core.shell:Creating prefix script '/home/airl-radar/ros2_radar_ws/src/install/local_setup.bash'
[7.616s] INFO:colcon.colcon_core.shell:Creating prefix chain script '/home/airl-radar/ros2_radar_ws/src/install/setup.bash'
[7.623s] INFO:colcon.colcon_core.shell:Creating prefix script '/home/airl-radar/ros2_radar_ws/src/install/local_setup.zsh'
[7.627s] INFO:colcon.colcon_core.shell:Creating prefix chain script '/home/airl-radar/ros2_radar_ws/src/install/setup.zsh'
