running egg_info
writing ../build/mmwave_radar_driver/mmwave_radar_driver.egg-info/PKG-INFO
writing dependency_links to ../build/mmwave_radar_driver/mmwave_radar_driver.egg-info/dependency_links.txt
writing entry points to ../build/mmwave_radar_driver/mmwave_radar_driver.egg-info/entry_points.txt
writing requirements to ../build/mmwave_radar_driver/mmwave_radar_driver.egg-info/requires.txt
writing top-level names to ../build/mmwave_radar_driver/mmwave_radar_driver.egg-info/top_level.txt
reading manifest file '../build/mmwave_radar_driver/mmwave_radar_driver.egg-info/SOURCES.txt'
writing manifest file '../build/mmwave_radar_driver/mmwave_radar_driver.egg-info/SOURCES.txt'
running build
running build_py
running install
running install_lib
running install_data
copying package.xml -> /home/airl-radar/ros2_radar_ws/src/install/mmwave_radar_driver/share/mmwave_radar_driver
running install_egg_info
removing '/home/airl-radar/ros2_radar_ws/src/install/mmwave_radar_driver/lib/python3.10/site-packages/mmwave_radar_driver-0.0.0-py3.10.egg-info' (and everything under it)
Copying ../build/mmwave_radar_driver/mmwave_radar_driver.egg-info to /home/airl-radar/ros2_radar_ws/src/install/mmwave_radar_driver/lib/python3.10/site-packages/mmwave_radar_driver-0.0.0-py3.10.egg-info
running install_scripts
Installing radar_parser script to /home/airl-radar/ros2_radar_ws/src/install/mmwave_radar_driver/lib/mmwave_radar_driver
writing list of installed files to '/home/airl-radar/ros2_radar_ws/src/build/mmwave_radar_driver/install.log'
