[4.192s] Invoking command in '/home/airl-radar/ros2_radar_ws/src/mmwave_radar_driver': PS1=(radar_env) \[\e]0;\u@\h: \w\a\]${debian_chroot:+($debian_chroot)}\[\033[01;32m\]\u@\h\[\033[00m\]:\[\033[01;34m\]\w\[\033[00m\]\$ PYTHONPATH=/home/airl-radar/ros2_radar_ws/src/build/mmwave_radar_driver/prefix_override:/usr/lib/python3/dist-packages/colcon_core/task/python/colcon_distutils_commands:/home/airl-radar/ros2_radar_ws/src/install/mmwave_radar_driver/lib/python3.10/site-packages:${PYTHONPATH} VIRTUAL_ENV_PROMPT=(radar_env) /usr/bin/python3 -W ignore:setup.py install is deprecated -W ignore:easy_install command is deprecated setup.py egg_info --egg-base ../build/mmwave_radar_driver build --build-base /home/airl-radar/ros2_radar_ws/src/build/mmwave_radar_driver/build install --record /home/airl-radar/ros2_radar_ws/src/build/mmwave_radar_driver/install.log --single-version-externally-managed install_data
[5.429s] running egg_info
[5.433s] writing ../build/mmwave_radar_driver/mmwave_radar_driver.egg-info/PKG-INFO
[5.435s] writing dependency_links to ../build/mmwave_radar_driver/mmwave_radar_driver.egg-info/dependency_links.txt
[5.436s] writing entry points to ../build/mmwave_radar_driver/mmwave_radar_driver.egg-info/entry_points.txt
[5.437s] writing requirements to ../build/mmwave_radar_driver/mmwave_radar_driver.egg-info/requires.txt
[5.438s] writing top-level names to ../build/mmwave_radar_driver/mmwave_radar_driver.egg-info/top_level.txt
[5.455s] reading manifest file '../build/mmwave_radar_driver/mmwave_radar_driver.egg-info/SOURCES.txt'
[5.458s] writing manifest file '../build/mmwave_radar_driver/mmwave_radar_driver.egg-info/SOURCES.txt'
[5.460s] running build
[5.464s] running build_py
[5.465s] running install
[5.466s] running install_lib
[5.472s] running install_data
[5.473s] copying package.xml -> /home/airl-radar/ros2_radar_ws/src/install/mmwave_radar_driver/share/mmwave_radar_driver
[5.474s] running install_egg_info
[5.489s] removing '/home/airl-radar/ros2_radar_ws/src/install/mmwave_radar_driver/lib/python3.10/site-packages/mmwave_radar_driver-0.0.0-py3.10.egg-info' (and everything under it)
[5.492s] Copying ../build/mmwave_radar_driver/mmwave_radar_driver.egg-info to /home/airl-radar/ros2_radar_ws/src/install/mmwave_radar_driver/lib/python3.10/site-packages/mmwave_radar_driver-0.0.0-py3.10.egg-info
[5.501s] running install_scripts
[5.589s] Installing radar_parser script to /home/airl-radar/ros2_radar_ws/src/install/mmwave_radar_driver/lib/mmwave_radar_driver
[5.591s] writing list of installed files to '/home/airl-radar/ros2_radar_ws/src/build/mmwave_radar_driver/install.log'
[5.781s] Invoked command in '/home/airl-radar/ros2_radar_ws/src/mmwave_radar_driver' returned '0': PS1=(radar_env) \[\e]0;\u@\h: \w\a\]${debian_chroot:+($debian_chroot)}\[\033[01;32m\]\u@\h\[\033[00m\]:\[\033[01;34m\]\w\[\033[00m\]\$ PYTHONPATH=/home/airl-radar/ros2_radar_ws/src/build/mmwave_radar_driver/prefix_override:/usr/lib/python3/dist-packages/colcon_core/task/python/colcon_distutils_commands:/home/airl-radar/ros2_radar_ws/src/install/mmwave_radar_driver/lib/python3.10/site-packages:${PYTHONPATH} VIRTUAL_ENV_PROMPT=(radar_env) /usr/bin/python3 -W ignore:setup.py install is deprecated -W ignore:easy_install command is deprecated setup.py egg_info --egg-base ../build/mmwave_radar_driver build --build-base /home/airl-radar/ros2_radar_ws/src/build/mmwave_radar_driver/build install --record /home/airl-radar/ros2_radar_ws/src/build/mmwave_radar_driver/install.log --single-version-externally-managed install_data
