[  1%] [34m[1mGenerating C code for ROS interfaces[0m
[  3%] [34m[1mGenerating C++ code for ROS interfaces[0m
[  3%] Built target ament_cmake_python_symlink_mmwave_radar_interfaces
running egg_info
creating mmwave_radar_interfaces.egg-info
writing mmwave_radar_interfaces.egg-info/PKG-INFO
writing dependency_links to mmwave_radar_interfaces.egg-info/dependency_links.txt
writing top-level names to mmwave_radar_interfaces.egg-info/top_level.txt
writing manifest file 'mmwave_radar_interfaces.egg-info/SOURCES.txt'
reading manifest file 'mmwave_radar_interfaces.egg-info/SOURCES.txt'
writing manifest file 'mmwave_radar_interfaces.egg-info/SOURCES.txt'
[  3%] Built target ament_cmake_python_build_mmwave_radar_interfaces_egg
[  3%] Built target mmwave_radar_interfaces__cpp
[  4%] [34m[1mGenerating C++ type support for eProsima Fast-RTPS[0m
[  6%] [34m[1mGenerating C++ type support dispatch for ROS interfaces[0m
[  7%] [34m[1mGenerating C++ introspection for ROS interfaces[0m
[  9%] [32mBuilding C object CMakeFiles/mmwave_radar_interfaces__rosidl_generator_c.dir/rosidl_generator_c/mmwave_radar_interfaces/msg/detail/header__functions.c.o[0m
[ 11%] [32mBuilding C object CMakeFiles/mmwave_radar_interfaces__rosidl_generator_c.dir/rosidl_generator_c/mmwave_radar_interfaces/msg/detail/detected_objects__functions.c.o[0m
[ 12%] [32mBuilding C object CMakeFiles/mmwave_radar_interfaces__rosidl_generator_c.dir/rosidl_generator_c/mmwave_radar_interfaces/msg/detail/snr_noise__functions.c.o[0m
[ 14%] [32mBuilding C object CMakeFiles/mmwave_radar_interfaces__rosidl_generator_c.dir/rosidl_generator_c/mmwave_radar_interfaces/msg/detail/raw_packet__functions.c.o[0m
[ 15%] [32mBuilding C object CMakeFiles/mmwave_radar_interfaces__rosidl_generator_c.dir/rosidl_generator_c/mmwave_radar_interfaces/msg/detail/heartbeat__functions.c.o[0m
[ 17%] [32m[1mLinking C shared library libmmwave_radar_interfaces__rosidl_generator_c.so[0m
[ 19%] [32mBuilding CXX object CMakeFiles/mmwave_radar_interfaces__rosidl_typesupport_introspection_cpp.dir/rosidl_typesupport_introspection_cpp/mmwave_radar_interfaces/msg/detail/header__type_support.cpp.o[0m
[ 19%] Built target mmwave_radar_interfaces__rosidl_generator_c
[ 20%] [32mBuilding CXX object CMakeFiles/mmwave_radar_interfaces__rosidl_typesupport_cpp.dir/rosidl_typesupport_cpp/mmwave_radar_interfaces/msg/header__type_support.cpp.o[0m
[ 22%] [32mBuilding CXX object CMakeFiles/mmwave_radar_interfaces__rosidl_typesupport_introspection_cpp.dir/rosidl_typesupport_introspection_cpp/mmwave_radar_interfaces/msg/detail/detected_objects__type_support.cpp.o[0m
[ 23%] [32mBuilding CXX object CMakeFiles/mmwave_radar_interfaces__rosidl_typesupport_fastrtps_cpp.dir/rosidl_typesupport_fastrtps_cpp/mmwave_radar_interfaces/msg/detail/dds_fastrtps/header__type_support.cpp.o[0m
[ 25%] [32mBuilding CXX object CMakeFiles/mmwave_radar_interfaces__rosidl_typesupport_introspection_cpp.dir/rosidl_typesupport_introspection_cpp/mmwave_radar_interfaces/msg/detail/snr_noise__type_support.cpp.o[0m
[ 26%] [32mBuilding CXX object CMakeFiles/mmwave_radar_interfaces__rosidl_typesupport_cpp.dir/rosidl_typesupport_cpp/mmwave_radar_interfaces/msg/detected_objects__type_support.cpp.o[0m
[ 28%] [32mBuilding CXX object CMakeFiles/mmwave_radar_interfaces__rosidl_typesupport_fastrtps_cpp.dir/rosidl_typesupport_fastrtps_cpp/mmwave_radar_interfaces/msg/detail/dds_fastrtps/detected_objects__type_support.cpp.o[0m
[ 30%] [32mBuilding CXX object CMakeFiles/mmwave_radar_interfaces__rosidl_typesupport_introspection_cpp.dir/rosidl_typesupport_introspection_cpp/mmwave_radar_interfaces/msg/detail/raw_packet__type_support.cpp.o[0m
[ 31%] [32mBuilding CXX object CMakeFiles/mmwave_radar_interfaces__rosidl_typesupport_introspection_cpp.dir/rosidl_typesupport_introspection_cpp/mmwave_radar_interfaces/msg/detail/heartbeat__type_support.cpp.o[0m
[ 33%] [32mBuilding CXX object CMakeFiles/mmwave_radar_interfaces__rosidl_typesupport_cpp.dir/rosidl_typesupport_cpp/mmwave_radar_interfaces/msg/snr_noise__type_support.cpp.o[0m
[ 34%] [32mBuilding CXX object CMakeFiles/mmwave_radar_interfaces__rosidl_typesupport_cpp.dir/rosidl_typesupport_cpp/mmwave_radar_interfaces/msg/raw_packet__type_support.cpp.o[0m
[ 36%] [32mBuilding CXX object CMakeFiles/mmwave_radar_interfaces__rosidl_typesupport_fastrtps_cpp.dir/rosidl_typesupport_fastrtps_cpp/mmwave_radar_interfaces/msg/detail/dds_fastrtps/snr_noise__type_support.cpp.o[0m
[ 38%] [32mBuilding CXX object CMakeFiles/mmwave_radar_interfaces__rosidl_typesupport_cpp.dir/rosidl_typesupport_cpp/mmwave_radar_interfaces/msg/heartbeat__type_support.cpp.o[0m
[ 39%] [32m[1mLinking CXX shared library libmmwave_radar_interfaces__rosidl_typesupport_introspection_cpp.so[0m
[ 39%] Built target mmwave_radar_interfaces__rosidl_typesupport_introspection_cpp
[ 41%] [34m[1mGenerating C type support for eProsima Fast-RTPS[0m
[ 42%] [34m[1mGenerating C introspection for ROS interfaces[0m
[ 44%] [32m[1mLinking CXX shared library libmmwave_radar_interfaces__rosidl_typesupport_cpp.so[0m
[ 44%] Built target mmwave_radar_interfaces__rosidl_typesupport_cpp
[ 46%] [32mBuilding CXX object CMakeFiles/mmwave_radar_interfaces__rosidl_typesupport_fastrtps_cpp.dir/rosidl_typesupport_fastrtps_cpp/mmwave_radar_interfaces/msg/detail/dds_fastrtps/raw_packet__type_support.cpp.o[0m
[ 47%] [34m[1mGenerating C type support dispatch for ROS interfaces[0m
[ 49%] [32mBuilding C object CMakeFiles/mmwave_radar_interfaces__rosidl_typesupport_introspection_c.dir/rosidl_typesupport_introspection_c/mmwave_radar_interfaces/msg/detail/header__type_support.c.o[0m
[ 50%] [32mBuilding CXX object CMakeFiles/mmwave_radar_interfaces__rosidl_typesupport_c.dir/rosidl_typesupport_c/mmwave_radar_interfaces/msg/header__type_support.cpp.o[0m
[ 52%] [32mBuilding CXX object CMakeFiles/mmwave_radar_interfaces__rosidl_typesupport_fastrtps_c.dir/rosidl_typesupport_fastrtps_c/mmwave_radar_interfaces/msg/detail/header__type_support_c.cpp.o[0m
[ 53%] [32mBuilding CXX object CMakeFiles/mmwave_radar_interfaces__rosidl_typesupport_c.dir/rosidl_typesupport_c/mmwave_radar_interfaces/msg/detected_objects__type_support.cpp.o[0m
[ 55%] [32mBuilding C object CMakeFiles/mmwave_radar_interfaces__rosidl_typesupport_introspection_c.dir/rosidl_typesupport_introspection_c/mmwave_radar_interfaces/msg/detail/detected_objects__type_support.c.o[0m
[ 57%] [32mBuilding CXX object CMakeFiles/mmwave_radar_interfaces__rosidl_typesupport_c.dir/rosidl_typesupport_c/mmwave_radar_interfaces/msg/snr_noise__type_support.cpp.o[0m
[ 58%] [32mBuilding CXX object CMakeFiles/mmwave_radar_interfaces__rosidl_typesupport_c.dir/rosidl_typesupport_c/mmwave_radar_interfaces/msg/raw_packet__type_support.cpp.o[0m
[ 60%] [32mBuilding CXX object CMakeFiles/mmwave_radar_interfaces__rosidl_typesupport_fastrtps_cpp.dir/rosidl_typesupport_fastrtps_cpp/mmwave_radar_interfaces/msg/detail/dds_fastrtps/heartbeat__type_support.cpp.o[0m
[ 61%] [32mBuilding C object CMakeFiles/mmwave_radar_interfaces__rosidl_typesupport_introspection_c.dir/rosidl_typesupport_introspection_c/mmwave_radar_interfaces/msg/detail/snr_noise__type_support.c.o[0m
[ 63%] [32mBuilding CXX object CMakeFiles/mmwave_radar_interfaces__rosidl_typesupport_c.dir/rosidl_typesupport_c/mmwave_radar_interfaces/msg/heartbeat__type_support.cpp.o[0m
[ 65%] [32mBuilding C object CMakeFiles/mmwave_radar_interfaces__rosidl_typesupport_introspection_c.dir/rosidl_typesupport_introspection_c/mmwave_radar_interfaces/msg/detail/raw_packet__type_support.c.o[0m
[ 66%] [32m[1mLinking CXX shared library libmmwave_radar_interfaces__rosidl_typesupport_c.so[0m
[ 68%] [32mBuilding C object CMakeFiles/mmwave_radar_interfaces__rosidl_typesupport_introspection_c.dir/rosidl_typesupport_introspection_c/mmwave_radar_interfaces/msg/detail/heartbeat__type_support.c.o[0m
[ 68%] Built target mmwave_radar_interfaces__rosidl_typesupport_c
[ 69%] [32mBuilding CXX object CMakeFiles/mmwave_radar_interfaces__rosidl_typesupport_fastrtps_c.dir/rosidl_typesupport_fastrtps_c/mmwave_radar_interfaces/msg/detail/detected_objects__type_support_c.cpp.o[0m
[ 71%] [32m[1mLinking C shared library libmmwave_radar_interfaces__rosidl_typesupport_introspection_c.so[0m
[ 71%] Built target mmwave_radar_interfaces__rosidl_typesupport_introspection_c
[ 73%] [32mBuilding CXX object CMakeFiles/mmwave_radar_interfaces__rosidl_typesupport_fastrtps_c.dir/rosidl_typesupport_fastrtps_c/mmwave_radar_interfaces/msg/detail/snr_noise__type_support_c.cpp.o[0m
[ 74%] [32mBuilding CXX object CMakeFiles/mmwave_radar_interfaces__rosidl_typesupport_fastrtps_c.dir/rosidl_typesupport_fastrtps_c/mmwave_radar_interfaces/msg/detail/raw_packet__type_support_c.cpp.o[0m
[ 76%] [32m[1mLinking CXX shared library libmmwave_radar_interfaces__rosidl_typesupport_fastrtps_cpp.so[0m
[ 77%] [32mBuilding CXX object CMakeFiles/mmwave_radar_interfaces__rosidl_typesupport_fastrtps_c.dir/rosidl_typesupport_fastrtps_c/mmwave_radar_interfaces/msg/detail/heartbeat__type_support_c.cpp.o[0m
[ 77%] Built target mmwave_radar_interfaces__rosidl_typesupport_fastrtps_cpp
[ 79%] [32m[1mLinking CXX shared library libmmwave_radar_interfaces__rosidl_typesupport_fastrtps_c.so[0m
[ 79%] Built target mmwave_radar_interfaces__rosidl_typesupport_fastrtps_c
[ 79%] Built target mmwave_radar_interfaces
[ 80%] [34m[1mGenerating Python code for ROS interfaces[0m
[ 80%] Built target mmwave_radar_interfaces__py
[ 82%] [32mBuilding C object CMakeFiles/mmwave_radar_interfaces__rosidl_generator_py.dir/rosidl_generator_py/mmwave_radar_interfaces/msg/_header_s.c.o[0m
[ 84%] [32mBuilding C object CMakeFiles/mmwave_radar_interfaces__rosidl_generator_py.dir/rosidl_generator_py/mmwave_radar_interfaces/msg/_detected_objects_s.c.o[0m
[ 85%] [32mBuilding C object CMakeFiles/mmwave_radar_interfaces__rosidl_generator_py.dir/rosidl_generator_py/mmwave_radar_interfaces/msg/_snr_noise_s.c.o[0m
[ 87%] [32mBuilding C object CMakeFiles/mmwave_radar_interfaces__rosidl_generator_py.dir/rosidl_generator_py/mmwave_radar_interfaces/msg/_raw_packet_s.c.o[0m
[ 88%] [32mBuilding C object CMakeFiles/mmwave_radar_interfaces__rosidl_generator_py.dir/rosidl_generator_py/mmwave_radar_interfaces/msg/_heartbeat_s.c.o[0m
[ 90%] [32m[1mLinking C shared library rosidl_generator_py/mmwave_radar_interfaces/libmmwave_radar_interfaces__rosidl_generator_py.so[0m
[ 90%] Built target mmwave_radar_interfaces__rosidl_generator_py
[ 93%] [32mBuilding C object CMakeFiles/mmwave_radar_interfaces__rosidl_typesupport_fastrtps_c__pyext.dir/rosidl_generator_py/mmwave_radar_interfaces/_mmwave_radar_interfaces_s.ep.rosidl_typesupport_fastrtps_c.c.o[0m
[ 93%] [32mBuilding C object CMakeFiles/mmwave_radar_interfaces__rosidl_typesupport_introspection_c__pyext.dir/rosidl_generator_py/mmwave_radar_interfaces/_mmwave_radar_interfaces_s.ep.rosidl_typesupport_introspection_c.c.o[0m
[ 95%] [32mBuilding C object CMakeFiles/mmwave_radar_interfaces__rosidl_typesupport_c__pyext.dir/rosidl_generator_py/mmwave_radar_interfaces/_mmwave_radar_interfaces_s.ep.rosidl_typesupport_c.c.o[0m
[ 96%] [32m[1mLinking C shared library rosidl_generator_py/mmwave_radar_interfaces/mmwave_radar_interfaces_s__rosidl_typesupport_fastrtps_c.cpython-310-aarch64-linux-gnu.so[0m
[ 98%] [32m[1mLinking C shared library rosidl_generator_py/mmwave_radar_interfaces/mmwave_radar_interfaces_s__rosidl_typesupport_introspection_c.cpython-310-aarch64-linux-gnu.so[0m
[100%] [32m[1mLinking C shared library rosidl_generator_py/mmwave_radar_interfaces/mmwave_radar_interfaces_s__rosidl_typesupport_c.cpython-310-aarch64-linux-gnu.so[0m
[100%] Built target mmwave_radar_interfaces__rosidl_typesupport_introspection_c__pyext
[100%] Built target mmwave_radar_interfaces__rosidl_typesupport_fastrtps_c__pyext
[100%] Built target mmwave_radar_interfaces__rosidl_typesupport_c__pyext
-- Install configuration: ""
-- Execute custom install script
-- Symlinking: /home/airl-radar/ros2_radar_ws/install/mmwave_radar_interfaces/share/ament_index/resource_index/rosidl_interfaces/mmwave_radar_interfaces
-- Symlinking: /home/airl-radar/ros2_radar_ws/install/mmwave_radar_interfaces/include/mmwave_radar_interfaces/mmwave_radar_interfaces/msg/detail/detected_objects__functions.h
-- Symlinking: /home/airl-radar/ros2_radar_ws/install/mmwave_radar_interfaces/include/mmwave_radar_interfaces/mmwave_radar_interfaces/msg/detail/detected_objects__struct.h
-- Symlinking: /home/airl-radar/ros2_radar_ws/install/mmwave_radar_interfaces/include/mmwave_radar_interfaces/mmwave_radar_interfaces/msg/detail/detected_objects__type_support.h
-- Symlinking: /home/airl-radar/ros2_radar_ws/install/mmwave_radar_interfaces/include/mmwave_radar_interfaces/mmwave_radar_interfaces/msg/detail/header__functions.h
-- Symlinking: /home/airl-radar/ros2_radar_ws/install/mmwave_radar_interfaces/include/mmwave_radar_interfaces/mmwave_radar_interfaces/msg/detail/header__struct.h
-- Symlinking: /home/airl-radar/ros2_radar_ws/install/mmwave_radar_interfaces/include/mmwave_radar_interfaces/mmwave_radar_interfaces/msg/detail/header__type_support.h
-- Symlinking: /home/airl-radar/ros2_radar_ws/install/mmwave_radar_interfaces/include/mmwave_radar_interfaces/mmwave_radar_interfaces/msg/detail/heartbeat__functions.h
-- Symlinking: /home/airl-radar/ros2_radar_ws/install/mmwave_radar_interfaces/include/mmwave_radar_interfaces/mmwave_radar_interfaces/msg/detail/heartbeat__struct.h
-- Symlinking: /home/airl-radar/ros2_radar_ws/install/mmwave_radar_interfaces/include/mmwave_radar_interfaces/mmwave_radar_interfaces/msg/detail/heartbeat__type_support.h
-- Symlinking: /home/airl-radar/ros2_radar_ws/install/mmwave_radar_interfaces/include/mmwave_radar_interfaces/mmwave_radar_interfaces/msg/detail/raw_packet__functions.h
-- Symlinking: /home/airl-radar/ros2_radar_ws/install/mmwave_radar_interfaces/include/mmwave_radar_interfaces/mmwave_radar_interfaces/msg/detail/raw_packet__struct.h
-- Symlinking: /home/airl-radar/ros2_radar_ws/install/mmwave_radar_interfaces/include/mmwave_radar_interfaces/mmwave_radar_interfaces/msg/detail/raw_packet__type_support.h
-- Symlinking: /home/airl-radar/ros2_radar_ws/install/mmwave_radar_interfaces/include/mmwave_radar_interfaces/mmwave_radar_interfaces/msg/detail/snr_noise__functions.h
-- Symlinking: /home/airl-radar/ros2_radar_ws/install/mmwave_radar_interfaces/include/mmwave_radar_interfaces/mmwave_radar_interfaces/msg/detail/snr_noise__struct.h
-- Symlinking: /home/airl-radar/ros2_radar_ws/install/mmwave_radar_interfaces/include/mmwave_radar_interfaces/mmwave_radar_interfaces/msg/detail/snr_noise__type_support.h
-- Symlinking: /home/airl-radar/ros2_radar_ws/install/mmwave_radar_interfaces/include/mmwave_radar_interfaces/mmwave_radar_interfaces/msg/detected_objects.h
-- Symlinking: /home/airl-radar/ros2_radar_ws/install/mmwave_radar_interfaces/include/mmwave_radar_interfaces/mmwave_radar_interfaces/msg/header.h
-- Symlinking: /home/airl-radar/ros2_radar_ws/install/mmwave_radar_interfaces/include/mmwave_radar_interfaces/mmwave_radar_interfaces/msg/heartbeat.h
-- Symlinking: /home/airl-radar/ros2_radar_ws/install/mmwave_radar_interfaces/include/mmwave_radar_interfaces/mmwave_radar_interfaces/msg/raw_packet.h
-- Symlinking: /home/airl-radar/ros2_radar_ws/install/mmwave_radar_interfaces/include/mmwave_radar_interfaces/mmwave_radar_interfaces/msg/rosidl_generator_c__visibility_control.h
-- Symlinking: /home/airl-radar/ros2_radar_ws/install/mmwave_radar_interfaces/include/mmwave_radar_interfaces/mmwave_radar_interfaces/msg/snr_noise.h
-- Symlinking: /home/airl-radar/ros2_radar_ws/install/mmwave_radar_interfaces/share/mmwave_radar_interfaces/environment/library_path.sh
-- Symlinking: /home/airl-radar/ros2_radar_ws/install/mmwave_radar_interfaces/share/mmwave_radar_interfaces/environment/library_path.dsv
-- Symlinking: /home/airl-radar/ros2_radar_ws/install/mmwave_radar_interfaces/include/mmwave_radar_interfaces/mmwave_radar_interfaces/msg/detail/detected_objects__rosidl_typesupport_fastrtps_c.h
-- Symlinking: /home/airl-radar/ros2_radar_ws/install/mmwave_radar_interfaces/include/mmwave_radar_interfaces/mmwave_radar_interfaces/msg/detail/header__rosidl_typesupport_fastrtps_c.h
-- Symlinking: /home/airl-radar/ros2_radar_ws/install/mmwave_radar_interfaces/include/mmwave_radar_interfaces/mmwave_radar_interfaces/msg/detail/heartbeat__rosidl_typesupport_fastrtps_c.h
-- Symlinking: /home/airl-radar/ros2_radar_ws/install/mmwave_radar_interfaces/include/mmwave_radar_interfaces/mmwave_radar_interfaces/msg/detail/raw_packet__rosidl_typesupport_fastrtps_c.h
-- Symlinking: /home/airl-radar/ros2_radar_ws/install/mmwave_radar_interfaces/include/mmwave_radar_interfaces/mmwave_radar_interfaces/msg/detail/snr_noise__rosidl_typesupport_fastrtps_c.h
-- Symlinking: /home/airl-radar/ros2_radar_ws/install/mmwave_radar_interfaces/include/mmwave_radar_interfaces/mmwave_radar_interfaces/msg/rosidl_typesupport_fastrtps_c__visibility_control.h
-- Symlinking: /home/airl-radar/ros2_radar_ws/install/mmwave_radar_interfaces/include/mmwave_radar_interfaces/mmwave_radar_interfaces/msg/detail/detected_objects__rosidl_typesupport_introspection_c.h
-- Symlinking: /home/airl-radar/ros2_radar_ws/install/mmwave_radar_interfaces/include/mmwave_radar_interfaces/mmwave_radar_interfaces/msg/detail/header__rosidl_typesupport_introspection_c.h
-- Symlinking: /home/airl-radar/ros2_radar_ws/install/mmwave_radar_interfaces/include/mmwave_radar_interfaces/mmwave_radar_interfaces/msg/detail/heartbeat__rosidl_typesupport_introspection_c.h
-- Symlinking: /home/airl-radar/ros2_radar_ws/install/mmwave_radar_interfaces/include/mmwave_radar_interfaces/mmwave_radar_interfaces/msg/detail/raw_packet__rosidl_typesupport_introspection_c.h
-- Symlinking: /home/airl-radar/ros2_radar_ws/install/mmwave_radar_interfaces/include/mmwave_radar_interfaces/mmwave_radar_interfaces/msg/detail/snr_noise__rosidl_typesupport_introspection_c.h
-- Symlinking: /home/airl-radar/ros2_radar_ws/install/mmwave_radar_interfaces/include/mmwave_radar_interfaces/mmwave_radar_interfaces/msg/rosidl_typesupport_introspection_c__visibility_control.h
-- Symlinking: /home/airl-radar/ros2_radar_ws/install/mmwave_radar_interfaces/include/mmwave_radar_interfaces/mmwave_radar_interfaces/msg/detail/detected_objects__builder.hpp
-- Symlinking: /home/airl-radar/ros2_radar_ws/install/mmwave_radar_interfaces/include/mmwave_radar_interfaces/mmwave_radar_interfaces/msg/detail/detected_objects__struct.hpp
-- Symlinking: /home/airl-radar/ros2_radar_ws/install/mmwave_radar_interfaces/include/mmwave_radar_interfaces/mmwave_radar_interfaces/msg/detail/detected_objects__traits.hpp
-- Symlinking: /home/airl-radar/ros2_radar_ws/install/mmwave_radar_interfaces/include/mmwave_radar_interfaces/mmwave_radar_interfaces/msg/detail/detected_objects__type_support.hpp
-- Symlinking: /home/airl-radar/ros2_radar_ws/install/mmwave_radar_interfaces/include/mmwave_radar_interfaces/mmwave_radar_interfaces/msg/detail/header__builder.hpp
-- Symlinking: /home/airl-radar/ros2_radar_ws/install/mmwave_radar_interfaces/include/mmwave_radar_interfaces/mmwave_radar_interfaces/msg/detail/header__struct.hpp
-- Symlinking: /home/airl-radar/ros2_radar_ws/install/mmwave_radar_interfaces/include/mmwave_radar_interfaces/mmwave_radar_interfaces/msg/detail/header__traits.hpp
-- Symlinking: /home/airl-radar/ros2_radar_ws/install/mmwave_radar_interfaces/include/mmwave_radar_interfaces/mmwave_radar_interfaces/msg/detail/header__type_support.hpp
-- Symlinking: /home/airl-radar/ros2_radar_ws/install/mmwave_radar_interfaces/include/mmwave_radar_interfaces/mmwave_radar_interfaces/msg/detail/heartbeat__builder.hpp
-- Symlinking: /home/airl-radar/ros2_radar_ws/install/mmwave_radar_interfaces/include/mmwave_radar_interfaces/mmwave_radar_interfaces/msg/detail/heartbeat__struct.hpp
-- Symlinking: /home/airl-radar/ros2_radar_ws/install/mmwave_radar_interfaces/include/mmwave_radar_interfaces/mmwave_radar_interfaces/msg/detail/heartbeat__traits.hpp
-- Symlinking: /home/airl-radar/ros2_radar_ws/install/mmwave_radar_interfaces/include/mmwave_radar_interfaces/mmwave_radar_interfaces/msg/detail/heartbeat__type_support.hpp
-- Symlinking: /home/airl-radar/ros2_radar_ws/install/mmwave_radar_interfaces/include/mmwave_radar_interfaces/mmwave_radar_interfaces/msg/detail/raw_packet__builder.hpp
-- Symlinking: /home/airl-radar/ros2_radar_ws/install/mmwave_radar_interfaces/include/mmwave_radar_interfaces/mmwave_radar_interfaces/msg/detail/raw_packet__struct.hpp
-- Symlinking: /home/airl-radar/ros2_radar_ws/install/mmwave_radar_interfaces/include/mmwave_radar_interfaces/mmwave_radar_interfaces/msg/detail/raw_packet__traits.hpp
-- Symlinking: /home/airl-radar/ros2_radar_ws/install/mmwave_radar_interfaces/include/mmwave_radar_interfaces/mmwave_radar_interfaces/msg/detail/raw_packet__type_support.hpp
-- Symlinking: /home/airl-radar/ros2_radar_ws/install/mmwave_radar_interfaces/include/mmwave_radar_interfaces/mmwave_radar_interfaces/msg/detail/snr_noise__builder.hpp
-- Symlinking: /home/airl-radar/ros2_radar_ws/install/mmwave_radar_interfaces/include/mmwave_radar_interfaces/mmwave_radar_interfaces/msg/detail/snr_noise__struct.hpp
-- Symlinking: /home/airl-radar/ros2_radar_ws/install/mmwave_radar_interfaces/include/mmwave_radar_interfaces/mmwave_radar_interfaces/msg/detail/snr_noise__traits.hpp
-- Symlinking: /home/airl-radar/ros2_radar_ws/install/mmwave_radar_interfaces/include/mmwave_radar_interfaces/mmwave_radar_interfaces/msg/detail/snr_noise__type_support.hpp
-- Symlinking: /home/airl-radar/ros2_radar_ws/install/mmwave_radar_interfaces/include/mmwave_radar_interfaces/mmwave_radar_interfaces/msg/detected_objects.hpp
-- Symlinking: /home/airl-radar/ros2_radar_ws/install/mmwave_radar_interfaces/include/mmwave_radar_interfaces/mmwave_radar_interfaces/msg/header.hpp
-- Symlinking: /home/airl-radar/ros2_radar_ws/install/mmwave_radar_interfaces/include/mmwave_radar_interfaces/mmwave_radar_interfaces/msg/heartbeat.hpp
-- Symlinking: /home/airl-radar/ros2_radar_ws/install/mmwave_radar_interfaces/include/mmwave_radar_interfaces/mmwave_radar_interfaces/msg/raw_packet.hpp
-- Symlinking: /home/airl-radar/ros2_radar_ws/install/mmwave_radar_interfaces/include/mmwave_radar_interfaces/mmwave_radar_interfaces/msg/rosidl_generator_cpp__visibility_control.hpp
-- Symlinking: /home/airl-radar/ros2_radar_ws/install/mmwave_radar_interfaces/include/mmwave_radar_interfaces/mmwave_radar_interfaces/msg/snr_noise.hpp
-- Symlinking: /home/airl-radar/ros2_radar_ws/install/mmwave_radar_interfaces/include/mmwave_radar_interfaces/mmwave_radar_interfaces/msg/detail/detected_objects__rosidl_typesupport_fastrtps_cpp.hpp
-- Symlinking: /home/airl-radar/ros2_radar_ws/install/mmwave_radar_interfaces/include/mmwave_radar_interfaces/mmwave_radar_interfaces/msg/detail/header__rosidl_typesupport_fastrtps_cpp.hpp
-- Symlinking: /home/airl-radar/ros2_radar_ws/install/mmwave_radar_interfaces/include/mmwave_radar_interfaces/mmwave_radar_interfaces/msg/detail/heartbeat__rosidl_typesupport_fastrtps_cpp.hpp
-- Symlinking: /home/airl-radar/ros2_radar_ws/install/mmwave_radar_interfaces/include/mmwave_radar_interfaces/mmwave_radar_interfaces/msg/detail/raw_packet__rosidl_typesupport_fastrtps_cpp.hpp
-- Symlinking: /home/airl-radar/ros2_radar_ws/install/mmwave_radar_interfaces/include/mmwave_radar_interfaces/mmwave_radar_interfaces/msg/detail/snr_noise__rosidl_typesupport_fastrtps_cpp.hpp
-- Symlinking: /home/airl-radar/ros2_radar_ws/install/mmwave_radar_interfaces/include/mmwave_radar_interfaces/mmwave_radar_interfaces/msg/rosidl_typesupport_fastrtps_cpp__visibility_control.h
-- Symlinking: /home/airl-radar/ros2_radar_ws/install/mmwave_radar_interfaces/include/mmwave_radar_interfaces/mmwave_radar_interfaces/msg/detail/detected_objects__rosidl_typesupport_introspection_cpp.hpp
-- Symlinking: /home/airl-radar/ros2_radar_ws/install/mmwave_radar_interfaces/include/mmwave_radar_interfaces/mmwave_radar_interfaces/msg/detail/header__rosidl_typesupport_introspection_cpp.hpp
-- Symlinking: /home/airl-radar/ros2_radar_ws/install/mmwave_radar_interfaces/include/mmwave_radar_interfaces/mmwave_radar_interfaces/msg/detail/heartbeat__rosidl_typesupport_introspection_cpp.hpp
-- Symlinking: /home/airl-radar/ros2_radar_ws/install/mmwave_radar_interfaces/include/mmwave_radar_interfaces/mmwave_radar_interfaces/msg/detail/raw_packet__rosidl_typesupport_introspection_cpp.hpp
-- Symlinking: /home/airl-radar/ros2_radar_ws/install/mmwave_radar_interfaces/include/mmwave_radar_interfaces/mmwave_radar_interfaces/msg/detail/snr_noise__rosidl_typesupport_introspection_cpp.hpp
-- Symlinking: /home/airl-radar/ros2_radar_ws/install/mmwave_radar_interfaces/share/mmwave_radar_interfaces/environment/pythonpath.sh
-- Symlinking: /home/airl-radar/ros2_radar_ws/install/mmwave_radar_interfaces/share/mmwave_radar_interfaces/environment/pythonpath.dsv
-- Symlinking: /home/airl-radar/ros2_radar_ws/install/mmwave_radar_interfaces/lib/python3.10/site-packages/mmwave_radar_interfaces-0.0.0-py3.10.egg-info/PKG-INFO
-- Symlinking: /home/airl-radar/ros2_radar_ws/install/mmwave_radar_interfaces/lib/python3.10/site-packages/mmwave_radar_interfaces-0.0.0-py3.10.egg-info/SOURCES.txt
-- Symlinking: /home/airl-radar/ros2_radar_ws/install/mmwave_radar_interfaces/lib/python3.10/site-packages/mmwave_radar_interfaces-0.0.0-py3.10.egg-info/dependency_links.txt
-- Symlinking: /home/airl-radar/ros2_radar_ws/install/mmwave_radar_interfaces/lib/python3.10/site-packages/mmwave_radar_interfaces-0.0.0-py3.10.egg-info/top_level.txt
-- Symlinking: /home/airl-radar/ros2_radar_ws/install/mmwave_radar_interfaces/lib/python3.10/site-packages/mmwave_radar_interfaces/__init__.py
-- Symlinking: /home/airl-radar/ros2_radar_ws/install/mmwave_radar_interfaces/lib/python3.10/site-packages/mmwave_radar_interfaces/_mmwave_radar_interfaces_s.ep.rosidl_typesupport_c.c
-- Symlinking: /home/airl-radar/ros2_radar_ws/install/mmwave_radar_interfaces/lib/python3.10/site-packages/mmwave_radar_interfaces/_mmwave_radar_interfaces_s.ep.rosidl_typesupport_fastrtps_c.c
-- Symlinking: /home/airl-radar/ros2_radar_ws/install/mmwave_radar_interfaces/lib/python3.10/site-packages/mmwave_radar_interfaces/_mmwave_radar_interfaces_s.ep.rosidl_typesupport_introspection_c.c
-- Symlinking: /home/airl-radar/ros2_radar_ws/install/mmwave_radar_interfaces/lib/python3.10/site-packages/mmwave_radar_interfaces/libmmwave_radar_interfaces__rosidl_generator_py.so
-- Symlinking: /home/airl-radar/ros2_radar_ws/install/mmwave_radar_interfaces/lib/python3.10/site-packages/mmwave_radar_interfaces/mmwave_radar_interfaces_s__rosidl_typesupport_c.cpython-310-aarch64-linux-gnu.so
-- Symlinking: /home/airl-radar/ros2_radar_ws/install/mmwave_radar_interfaces/lib/python3.10/site-packages/mmwave_radar_interfaces/mmwave_radar_interfaces_s__rosidl_typesupport_fastrtps_c.cpython-310-aarch64-linux-gnu.so
-- Symlinking: /home/airl-radar/ros2_radar_ws/install/mmwave_radar_interfaces/lib/python3.10/site-packages/mmwave_radar_interfaces/mmwave_radar_interfaces_s__rosidl_typesupport_introspection_c.cpython-310-aarch64-linux-gnu.so
-- Symlinking: /home/airl-radar/ros2_radar_ws/install/mmwave_radar_interfaces/lib/python3.10/site-packages/mmwave_radar_interfaces/msg/__init__.py
-- Symlinking: /home/airl-radar/ros2_radar_ws/install/mmwave_radar_interfaces/lib/python3.10/site-packages/mmwave_radar_interfaces/msg/_detected_objects.py
-- Symlinking: /home/airl-radar/ros2_radar_ws/install/mmwave_radar_interfaces/lib/python3.10/site-packages/mmwave_radar_interfaces/msg/_detected_objects_s.c
-- Symlinking: /home/airl-radar/ros2_radar_ws/install/mmwave_radar_interfaces/lib/python3.10/site-packages/mmwave_radar_interfaces/msg/_header.py
-- Symlinking: /home/airl-radar/ros2_radar_ws/install/mmwave_radar_interfaces/lib/python3.10/site-packages/mmwave_radar_interfaces/msg/_header_s.c
-- Symlinking: /home/airl-radar/ros2_radar_ws/install/mmwave_radar_interfaces/lib/python3.10/site-packages/mmwave_radar_interfaces/msg/_heartbeat.py
-- Symlinking: /home/airl-radar/ros2_radar_ws/install/mmwave_radar_interfaces/lib/python3.10/site-packages/mmwave_radar_interfaces/msg/_heartbeat_s.c
-- Symlinking: /home/airl-radar/ros2_radar_ws/install/mmwave_radar_interfaces/lib/python3.10/site-packages/mmwave_radar_interfaces/msg/_raw_packet.py
-- Symlinking: /home/airl-radar/ros2_radar_ws/install/mmwave_radar_interfaces/lib/python3.10/site-packages/mmwave_radar_interfaces/msg/_raw_packet_s.c
-- Symlinking: /home/airl-radar/ros2_radar_ws/install/mmwave_radar_interfaces/lib/python3.10/site-packages/mmwave_radar_interfaces/msg/_snr_noise.py
-- Symlinking: /home/airl-radar/ros2_radar_ws/install/mmwave_radar_interfaces/lib/python3.10/site-packages/mmwave_radar_interfaces/msg/_snr_noise_s.c
-- Up-to-date symlink: /home/airl-radar/ros2_radar_ws/install/mmwave_radar_interfaces/lib/python3.10/site-packages/mmwave_radar_interfaces/mmwave_radar_interfaces_s__rosidl_typesupport_fastrtps_c.cpython-310-aarch64-linux-gnu.so
-- Up-to-date symlink: /home/airl-radar/ros2_radar_ws/install/mmwave_radar_interfaces/lib/python3.10/site-packages/mmwave_radar_interfaces/mmwave_radar_interfaces_s__rosidl_typesupport_introspection_c.cpython-310-aarch64-linux-gnu.so
-- Up-to-date symlink: /home/airl-radar/ros2_radar_ws/install/mmwave_radar_interfaces/lib/python3.10/site-packages/mmwave_radar_interfaces/mmwave_radar_interfaces_s__rosidl_typesupport_c.cpython-310-aarch64-linux-gnu.so
-- Symlinking: /home/airl-radar/ros2_radar_ws/install/mmwave_radar_interfaces/share/mmwave_radar_interfaces/msg/Header.idl
-- Symlinking: /home/airl-radar/ros2_radar_ws/install/mmwave_radar_interfaces/share/mmwave_radar_interfaces/msg/DetectedObjects.idl
-- Symlinking: /home/airl-radar/ros2_radar_ws/install/mmwave_radar_interfaces/share/mmwave_radar_interfaces/msg/SNRNoise.idl
-- Symlinking: /home/airl-radar/ros2_radar_ws/install/mmwave_radar_interfaces/share/mmwave_radar_interfaces/msg/RawPacket.idl
-- Symlinking: /home/airl-radar/ros2_radar_ws/install/mmwave_radar_interfaces/share/mmwave_radar_interfaces/msg/Heartbeat.idl
-- Symlinking: /home/airl-radar/ros2_radar_ws/install/mmwave_radar_interfaces/share/mmwave_radar_interfaces/msg/Header.msg
-- Symlinking: /home/airl-radar/ros2_radar_ws/install/mmwave_radar_interfaces/share/mmwave_radar_interfaces/msg/DetectedObjects.msg
-- Symlinking: /home/airl-radar/ros2_radar_ws/install/mmwave_radar_interfaces/share/mmwave_radar_interfaces/msg/SNRNoise.msg
-- Symlinking: /home/airl-radar/ros2_radar_ws/install/mmwave_radar_interfaces/share/mmwave_radar_interfaces/msg/RawPacket.msg
-- Symlinking: /home/airl-radar/ros2_radar_ws/install/mmwave_radar_interfaces/share/mmwave_radar_interfaces/msg/Heartbeat.msg
-- Symlinking: /home/airl-radar/ros2_radar_ws/install/mmwave_radar_interfaces/share/ament_index/resource_index/package_run_dependencies/mmwave_radar_interfaces
-- Symlinking: /home/airl-radar/ros2_radar_ws/install/mmwave_radar_interfaces/share/ament_index/resource_index/parent_prefix_path/mmwave_radar_interfaces
-- Symlinking: /home/airl-radar/ros2_radar_ws/install/mmwave_radar_interfaces/share/mmwave_radar_interfaces/environment/ament_prefix_path.sh
-- Symlinking: /home/airl-radar/ros2_radar_ws/install/mmwave_radar_interfaces/share/mmwave_radar_interfaces/environment/ament_prefix_path.dsv
-- Symlinking: /home/airl-radar/ros2_radar_ws/install/mmwave_radar_interfaces/share/mmwave_radar_interfaces/environment/path.sh
-- Symlinking: /home/airl-radar/ros2_radar_ws/install/mmwave_radar_interfaces/share/mmwave_radar_interfaces/environment/path.dsv
-- Symlinking: /home/airl-radar/ros2_radar_ws/install/mmwave_radar_interfaces/share/mmwave_radar_interfaces/local_setup.bash
-- Symlinking: /home/airl-radar/ros2_radar_ws/install/mmwave_radar_interfaces/share/mmwave_radar_interfaces/local_setup.sh
-- Symlinking: /home/airl-radar/ros2_radar_ws/install/mmwave_radar_interfaces/share/mmwave_radar_interfaces/local_setup.zsh
-- Symlinking: /home/airl-radar/ros2_radar_ws/install/mmwave_radar_interfaces/share/mmwave_radar_interfaces/local_setup.dsv
-- Symlinking: /home/airl-radar/ros2_radar_ws/install/mmwave_radar_interfaces/share/mmwave_radar_interfaces/package.dsv
-- Symlinking: /home/airl-radar/ros2_radar_ws/install/mmwave_radar_interfaces/share/ament_index/resource_index/packages/mmwave_radar_interfaces
-- Symlinking: /home/airl-radar/ros2_radar_ws/install/mmwave_radar_interfaces/share/mmwave_radar_interfaces/cmake/rosidl_cmake-extras.cmake
-- Symlinking: /home/airl-radar/ros2_radar_ws/install/mmwave_radar_interfaces/share/mmwave_radar_interfaces/cmake/ament_cmake_export_dependencies-extras.cmake
-- Symlinking: /home/airl-radar/ros2_radar_ws/install/mmwave_radar_interfaces/share/mmwave_radar_interfaces/cmake/ament_cmake_export_include_directories-extras.cmake
-- Symlinking: /home/airl-radar/ros2_radar_ws/install/mmwave_radar_interfaces/share/mmwave_radar_interfaces/cmake/ament_cmake_export_libraries-extras.cmake
-- Symlinking: /home/airl-radar/ros2_radar_ws/install/mmwave_radar_interfaces/share/mmwave_radar_interfaces/cmake/ament_cmake_export_targets-extras.cmake
-- Symlinking: /home/airl-radar/ros2_radar_ws/install/mmwave_radar_interfaces/share/mmwave_radar_interfaces/cmake/rosidl_cmake_export_typesupport_targets-extras.cmake
-- Symlinking: /home/airl-radar/ros2_radar_ws/install/mmwave_radar_interfaces/share/mmwave_radar_interfaces/cmake/rosidl_cmake_export_typesupport_libraries-extras.cmake
-- Symlinking: /home/airl-radar/ros2_radar_ws/install/mmwave_radar_interfaces/share/mmwave_radar_interfaces/cmake/mmwave_radar_interfacesConfig.cmake
-- Symlinking: /home/airl-radar/ros2_radar_ws/install/mmwave_radar_interfaces/share/mmwave_radar_interfaces/cmake/mmwave_radar_interfacesConfig-version.cmake
-- Symlinking: /home/airl-radar/ros2_radar_ws/install/mmwave_radar_interfaces/share/mmwave_radar_interfaces/package.xml
-- Installing: /home/airl-radar/ros2_radar_ws/install/mmwave_radar_interfaces/lib/libmmwave_radar_interfaces__rosidl_generator_c.so
-- Set runtime path of "/home/airl-radar/ros2_radar_ws/install/mmwave_radar_interfaces/lib/libmmwave_radar_interfaces__rosidl_generator_c.so" to ""
-- Installing: /home/airl-radar/ros2_radar_ws/install/mmwave_radar_interfaces/lib/libmmwave_radar_interfaces__rosidl_typesupport_fastrtps_c.so
-- Set runtime path of "/home/airl-radar/ros2_radar_ws/install/mmwave_radar_interfaces/lib/libmmwave_radar_interfaces__rosidl_typesupport_fastrtps_c.so" to ""
-- Installing: /home/airl-radar/ros2_radar_ws/install/mmwave_radar_interfaces/lib/libmmwave_radar_interfaces__rosidl_typesupport_introspection_c.so
-- Set runtime path of "/home/airl-radar/ros2_radar_ws/install/mmwave_radar_interfaces/lib/libmmwave_radar_interfaces__rosidl_typesupport_introspection_c.so" to ""
-- Installing: /home/airl-radar/ros2_radar_ws/install/mmwave_radar_interfaces/lib/libmmwave_radar_interfaces__rosidl_typesupport_c.so
-- Set runtime path of "/home/airl-radar/ros2_radar_ws/install/mmwave_radar_interfaces/lib/libmmwave_radar_interfaces__rosidl_typesupport_c.so" to ""
-- Installing: /home/airl-radar/ros2_radar_ws/install/mmwave_radar_interfaces/lib/libmmwave_radar_interfaces__rosidl_typesupport_fastrtps_cpp.so
-- Set runtime path of "/home/airl-radar/ros2_radar_ws/install/mmwave_radar_interfaces/lib/libmmwave_radar_interfaces__rosidl_typesupport_fastrtps_cpp.so" to ""
-- Installing: /home/airl-radar/ros2_radar_ws/install/mmwave_radar_interfaces/lib/libmmwave_radar_interfaces__rosidl_typesupport_introspection_cpp.so
-- Set runtime path of "/home/airl-radar/ros2_radar_ws/install/mmwave_radar_interfaces/lib/libmmwave_radar_interfaces__rosidl_typesupport_introspection_cpp.so" to ""
-- Installing: /home/airl-radar/ros2_radar_ws/install/mmwave_radar_interfaces/lib/libmmwave_radar_interfaces__rosidl_typesupport_cpp.so
-- Set runtime path of "/home/airl-radar/ros2_radar_ws/install/mmwave_radar_interfaces/lib/libmmwave_radar_interfaces__rosidl_typesupport_cpp.so" to ""
Listing '/home/airl-radar/ros2_radar_ws/install/mmwave_radar_interfaces/lib/python3.10/site-packages/mmwave_radar_interfaces'...
Compiling '/home/airl-radar/ros2_radar_ws/install/mmwave_radar_interfaces/lib/python3.10/site-packages/mmwave_radar_interfaces/__init__.py'...
Listing '/home/airl-radar/ros2_radar_ws/install/mmwave_radar_interfaces/lib/python3.10/site-packages/mmwave_radar_interfaces/msg'...
Compiling '/home/airl-radar/ros2_radar_ws/install/mmwave_radar_interfaces/lib/python3.10/site-packages/mmwave_radar_interfaces/msg/__init__.py'...
Compiling '/home/airl-radar/ros2_radar_ws/install/mmwave_radar_interfaces/lib/python3.10/site-packages/mmwave_radar_interfaces/msg/_detected_objects.py'...
Compiling '/home/airl-radar/ros2_radar_ws/install/mmwave_radar_interfaces/lib/python3.10/site-packages/mmwave_radar_interfaces/msg/_header.py'...
Compiling '/home/airl-radar/ros2_radar_ws/install/mmwave_radar_interfaces/lib/python3.10/site-packages/mmwave_radar_interfaces/msg/_heartbeat.py'...
Compiling '/home/airl-radar/ros2_radar_ws/install/mmwave_radar_interfaces/lib/python3.10/site-packages/mmwave_radar_interfaces/msg/_raw_packet.py'...
Compiling '/home/airl-radar/ros2_radar_ws/install/mmwave_radar_interfaces/lib/python3.10/site-packages/mmwave_radar_interfaces/msg/_snr_noise.py'...
-- Installing: /home/airl-radar/ros2_radar_ws/install/mmwave_radar_interfaces/lib/libmmwave_radar_interfaces__rosidl_generator_py.so
-- Set runtime path of "/home/airl-radar/ros2_radar_ws/install/mmwave_radar_interfaces/lib/libmmwave_radar_interfaces__rosidl_generator_py.so" to ""
-- Installing: /home/airl-radar/ros2_radar_ws/install/mmwave_radar_interfaces/share/mmwave_radar_interfaces/cmake/export_mmwave_radar_interfaces__rosidl_generator_cExport.cmake
-- Installing: /home/airl-radar/ros2_radar_ws/install/mmwave_radar_interfaces/share/mmwave_radar_interfaces/cmake/export_mmwave_radar_interfaces__rosidl_generator_cExport-noconfig.cmake
-- Installing: /home/airl-radar/ros2_radar_ws/install/mmwave_radar_interfaces/share/mmwave_radar_interfaces/cmake/export_mmwave_radar_interfaces__rosidl_typesupport_fastrtps_cExport.cmake
-- Installing: /home/airl-radar/ros2_radar_ws/install/mmwave_radar_interfaces/share/mmwave_radar_interfaces/cmake/export_mmwave_radar_interfaces__rosidl_typesupport_fastrtps_cExport-noconfig.cmake
-- Installing: /home/airl-radar/ros2_radar_ws/install/mmwave_radar_interfaces/share/mmwave_radar_interfaces/cmake/mmwave_radar_interfaces__rosidl_typesupport_introspection_cExport.cmake
-- Installing: /home/airl-radar/ros2_radar_ws/install/mmwave_radar_interfaces/share/mmwave_radar_interfaces/cmake/mmwave_radar_interfaces__rosidl_typesupport_introspection_cExport-noconfig.cmake
-- Installing: /home/airl-radar/ros2_radar_ws/install/mmwave_radar_interfaces/share/mmwave_radar_interfaces/cmake/mmwave_radar_interfaces__rosidl_typesupport_cExport.cmake
-- Installing: /home/airl-radar/ros2_radar_ws/install/mmwave_radar_interfaces/share/mmwave_radar_interfaces/cmake/mmwave_radar_interfaces__rosidl_typesupport_cExport-noconfig.cmake
-- Installing: /home/airl-radar/ros2_radar_ws/install/mmwave_radar_interfaces/share/mmwave_radar_interfaces/cmake/export_mmwave_radar_interfaces__rosidl_generator_cppExport.cmake
-- Installing: /home/airl-radar/ros2_radar_ws/install/mmwave_radar_interfaces/share/mmwave_radar_interfaces/cmake/export_mmwave_radar_interfaces__rosidl_typesupport_fastrtps_cppExport.cmake
-- Installing: /home/airl-radar/ros2_radar_ws/install/mmwave_radar_interfaces/share/mmwave_radar_interfaces/cmake/export_mmwave_radar_interfaces__rosidl_typesupport_fastrtps_cppExport-noconfig.cmake
-- Installing: /home/airl-radar/ros2_radar_ws/install/mmwave_radar_interfaces/share/mmwave_radar_interfaces/cmake/mmwave_radar_interfaces__rosidl_typesupport_introspection_cppExport.cmake
-- Installing: /home/airl-radar/ros2_radar_ws/install/mmwave_radar_interfaces/share/mmwave_radar_interfaces/cmake/mmwave_radar_interfaces__rosidl_typesupport_introspection_cppExport-noconfig.cmake
-- Installing: /home/airl-radar/ros2_radar_ws/install/mmwave_radar_interfaces/share/mmwave_radar_interfaces/cmake/mmwave_radar_interfaces__rosidl_typesupport_cppExport.cmake
-- Installing: /home/airl-radar/ros2_radar_ws/install/mmwave_radar_interfaces/share/mmwave_radar_interfaces/cmake/mmwave_radar_interfaces__rosidl_typesupport_cppExport-noconfig.cmake
-- Installing: /home/airl-radar/ros2_radar_ws/install/mmwave_radar_interfaces/share/mmwave_radar_interfaces/cmake/export_mmwave_radar_interfaces__rosidl_generator_pyExport.cmake
-- Installing: /home/airl-radar/ros2_radar_ws/install/mmwave_radar_interfaces/share/mmwave_radar_interfaces/cmake/export_mmwave_radar_interfaces__rosidl_generator_pyExport-noconfig.cmake
