[0.060s] Invoking command in '/home/airl-radar/ros2_radar_ws/build/mmwave_radar_interfaces': PS1=(radar_env) \[\e]0;\u@\h: \w\a\]${debian_chroot:+($debian_chroot)}\[\033[01;32m\]\u@\h\[\033[00m\]:\[\033[01;34m\]\w\[\033[00m\]\$ VIRTUAL_ENV_PROMPT=(radar_env) /usr/bin/cmake --build /home/airl-radar/ros2_radar_ws/build/mmwave_radar_interfaces -- -j4 -l4
[0.277s] [  1%] [34m[1mGenerating C code for ROS interfaces[0m
[0.318s] [  3%] [34m[1mGenerating C++ code for ROS interfaces[0m
[0.354s] [  3%] Built target ament_cmake_python_symlink_mmwave_radar_interfaces
[1.698s] running egg_info
[1.702s] creating mmwave_radar_interfaces.egg-info
[1.704s] writing mmwave_radar_interfaces.egg-info/PKG-INFO
[1.706s] writing dependency_links to mmwave_radar_interfaces.egg-info/dependency_links.txt
[1.709s] writing top-level names to mmwave_radar_interfaces.egg-info/top_level.txt
[1.711s] writing manifest file 'mmwave_radar_interfaces.egg-info/SOURCES.txt'
[1.724s] reading manifest file 'mmwave_radar_interfaces.egg-info/SOURCES.txt'
[1.728s] writing manifest file 'mmwave_radar_interfaces.egg-info/SOURCES.txt'
[1.922s] [  3%] Built target ament_cmake_python_build_mmwave_radar_interfaces_egg
[3.374s] [  3%] Built target mmwave_radar_interfaces__cpp
[3.432s] [  4%] [34m[1mGenerating C++ type support for eProsima Fast-RTPS[0m
[3.454s] [  6%] [34m[1mGenerating C++ type support dispatch for ROS interfaces[0m
[3.466s] [  7%] [34m[1mGenerating C++ introspection for ROS interfaces[0m
[3.509s] [  9%] [32mBuilding C object CMakeFiles/mmwave_radar_interfaces__rosidl_generator_c.dir/rosidl_generator_c/mmwave_radar_interfaces/msg/detail/header__functions.c.o[0m
[3.890s] [ 11%] [32mBuilding C object CMakeFiles/mmwave_radar_interfaces__rosidl_generator_c.dir/rosidl_generator_c/mmwave_radar_interfaces/msg/detail/detected_objects__functions.c.o[0m
[4.344s] [ 12%] [32mBuilding C object CMakeFiles/mmwave_radar_interfaces__rosidl_generator_c.dir/rosidl_generator_c/mmwave_radar_interfaces/msg/detail/snr_noise__functions.c.o[0m
[4.945s] [ 14%] [32mBuilding C object CMakeFiles/mmwave_radar_interfaces__rosidl_generator_c.dir/rosidl_generator_c/mmwave_radar_interfaces/msg/detail/raw_packet__functions.c.o[0m
[5.718s] [ 15%] [32mBuilding C object CMakeFiles/mmwave_radar_interfaces__rosidl_generator_c.dir/rosidl_generator_c/mmwave_radar_interfaces/msg/detail/heartbeat__functions.c.o[0m
[6.159s] [ 17%] [32m[1mLinking C shared library libmmwave_radar_interfaces__rosidl_generator_c.so[0m
[6.446s] [ 19%] [32mBuilding CXX object CMakeFiles/mmwave_radar_interfaces__rosidl_typesupport_introspection_cpp.dir/rosidl_typesupport_introspection_cpp/mmwave_radar_interfaces/msg/detail/header__type_support.cpp.o[0m
[6.496s] [ 19%] Built target mmwave_radar_interfaces__rosidl_generator_c
[6.511s] [ 20%] [32mBuilding CXX object CMakeFiles/mmwave_radar_interfaces__rosidl_typesupport_cpp.dir/rosidl_typesupport_cpp/mmwave_radar_interfaces/msg/header__type_support.cpp.o[0m
[6.595s] [ 22%] [32mBuilding CXX object CMakeFiles/mmwave_radar_interfaces__rosidl_typesupport_introspection_cpp.dir/rosidl_typesupport_introspection_cpp/mmwave_radar_interfaces/msg/detail/detected_objects__type_support.cpp.o[0m
[7.648s] [ 23%] [32mBuilding CXX object CMakeFiles/mmwave_radar_interfaces__rosidl_typesupport_fastrtps_cpp.dir/rosidl_typesupport_fastrtps_cpp/mmwave_radar_interfaces/msg/detail/dds_fastrtps/header__type_support.cpp.o[0m
[9.167s] [ 25%] [32mBuilding CXX object CMakeFiles/mmwave_radar_interfaces__rosidl_typesupport_introspection_cpp.dir/rosidl_typesupport_introspection_cpp/mmwave_radar_interfaces/msg/detail/snr_noise__type_support.cpp.o[0m
[10.134s] [ 26%] [32mBuilding CXX object CMakeFiles/mmwave_radar_interfaces__rosidl_typesupport_cpp.dir/rosidl_typesupport_cpp/mmwave_radar_interfaces/msg/detected_objects__type_support.cpp.o[0m
[11.014s] [ 28%] [32mBuilding CXX object CMakeFiles/mmwave_radar_interfaces__rosidl_typesupport_fastrtps_cpp.dir/rosidl_typesupport_fastrtps_cpp/mmwave_radar_interfaces/msg/detail/dds_fastrtps/detected_objects__type_support.cpp.o[0m
[12.443s] [ 30%] [32mBuilding CXX object CMakeFiles/mmwave_radar_interfaces__rosidl_typesupport_introspection_cpp.dir/rosidl_typesupport_introspection_cpp/mmwave_radar_interfaces/msg/detail/raw_packet__type_support.cpp.o[0m
[12.994s] [ 31%] [32mBuilding CXX object CMakeFiles/mmwave_radar_interfaces__rosidl_typesupport_introspection_cpp.dir/rosidl_typesupport_introspection_cpp/mmwave_radar_interfaces/msg/detail/heartbeat__type_support.cpp.o[0m
[13.584s] [ 33%] [32mBuilding CXX object CMakeFiles/mmwave_radar_interfaces__rosidl_typesupport_cpp.dir/rosidl_typesupport_cpp/mmwave_radar_interfaces/msg/snr_noise__type_support.cpp.o[0m
[15.644s] [ 34%] [32mBuilding CXX object CMakeFiles/mmwave_radar_interfaces__rosidl_typesupport_cpp.dir/rosidl_typesupport_cpp/mmwave_radar_interfaces/msg/raw_packet__type_support.cpp.o[0m
[16.034s] [ 36%] [32mBuilding CXX object CMakeFiles/mmwave_radar_interfaces__rosidl_typesupport_fastrtps_cpp.dir/rosidl_typesupport_fastrtps_cpp/mmwave_radar_interfaces/msg/detail/dds_fastrtps/snr_noise__type_support.cpp.o[0m
[16.114s] [ 38%] [32mBuilding CXX object CMakeFiles/mmwave_radar_interfaces__rosidl_typesupport_cpp.dir/rosidl_typesupport_cpp/mmwave_radar_interfaces/msg/heartbeat__type_support.cpp.o[0m
[16.881s] [ 39%] [32m[1mLinking CXX shared library libmmwave_radar_interfaces__rosidl_typesupport_introspection_cpp.so[0m
[17.713s] [ 39%] Built target mmwave_radar_interfaces__rosidl_typesupport_introspection_cpp
[17.778s] [ 41%] [34m[1mGenerating C type support for eProsima Fast-RTPS[0m
[18.557s] [ 42%] [34m[1mGenerating C introspection for ROS interfaces[0m
[18.581s] [ 44%] [32m[1mLinking CXX shared library libmmwave_radar_interfaces__rosidl_typesupport_cpp.so[0m
[18.903s] [ 44%] Built target mmwave_radar_interfaces__rosidl_typesupport_cpp
[19.022s] [ 46%] [32mBuilding CXX object CMakeFiles/mmwave_radar_interfaces__rosidl_typesupport_fastrtps_cpp.dir/rosidl_typesupport_fastrtps_cpp/mmwave_radar_interfaces/msg/detail/dds_fastrtps/raw_packet__type_support.cpp.o[0m
[19.025s] [ 47%] [34m[1mGenerating C type support dispatch for ROS interfaces[0m
[21.730s] [ 49%] [32mBuilding C object CMakeFiles/mmwave_radar_interfaces__rosidl_typesupport_introspection_c.dir/rosidl_typesupport_introspection_c/mmwave_radar_interfaces/msg/detail/header__type_support.c.o[0m
[21.820s] [ 50%] [32mBuilding CXX object CMakeFiles/mmwave_radar_interfaces__rosidl_typesupport_c.dir/rosidl_typesupport_c/mmwave_radar_interfaces/msg/header__type_support.cpp.o[0m
[22.017s] [ 52%] [32mBuilding CXX object CMakeFiles/mmwave_radar_interfaces__rosidl_typesupport_fastrtps_c.dir/rosidl_typesupport_fastrtps_c/mmwave_radar_interfaces/msg/detail/header__type_support_c.cpp.o[0m
[22.188s] [ 53%] [32mBuilding CXX object CMakeFiles/mmwave_radar_interfaces__rosidl_typesupport_c.dir/rosidl_typesupport_c/mmwave_radar_interfaces/msg/detected_objects__type_support.cpp.o[0m
[22.241s] [ 55%] [32mBuilding C object CMakeFiles/mmwave_radar_interfaces__rosidl_typesupport_introspection_c.dir/rosidl_typesupport_introspection_c/mmwave_radar_interfaces/msg/detail/detected_objects__type_support.c.o[0m
[22.369s] [ 57%] [32mBuilding CXX object CMakeFiles/mmwave_radar_interfaces__rosidl_typesupport_c.dir/rosidl_typesupport_c/mmwave_radar_interfaces/msg/snr_noise__type_support.cpp.o[0m
[22.549s] [ 58%] [32mBuilding CXX object CMakeFiles/mmwave_radar_interfaces__rosidl_typesupport_c.dir/rosidl_typesupport_c/mmwave_radar_interfaces/msg/raw_packet__type_support.cpp.o[0m
[22.634s] [ 60%] [32mBuilding CXX object CMakeFiles/mmwave_radar_interfaces__rosidl_typesupport_fastrtps_cpp.dir/rosidl_typesupport_fastrtps_cpp/mmwave_radar_interfaces/msg/detail/dds_fastrtps/heartbeat__type_support.cpp.o[0m
[22.682s] [ 61%] [32mBuilding C object CMakeFiles/mmwave_radar_interfaces__rosidl_typesupport_introspection_c.dir/rosidl_typesupport_introspection_c/mmwave_radar_interfaces/msg/detail/snr_noise__type_support.c.o[0m
[22.755s] [ 63%] [32mBuilding CXX object CMakeFiles/mmwave_radar_interfaces__rosidl_typesupport_c.dir/rosidl_typesupport_c/mmwave_radar_interfaces/msg/heartbeat__type_support.cpp.o[0m
[22.924s] [ 65%] [32mBuilding C object CMakeFiles/mmwave_radar_interfaces__rosidl_typesupport_introspection_c.dir/rosidl_typesupport_introspection_c/mmwave_radar_interfaces/msg/detail/raw_packet__type_support.c.o[0m
[22.953s] [ 66%] [32m[1mLinking CXX shared library libmmwave_radar_interfaces__rosidl_typesupport_c.so[0m
[23.164s] [ 68%] [32mBuilding C object CMakeFiles/mmwave_radar_interfaces__rosidl_typesupport_introspection_c.dir/rosidl_typesupport_introspection_c/mmwave_radar_interfaces/msg/detail/heartbeat__type_support.c.o[0m
[23.206s] [ 68%] Built target mmwave_radar_interfaces__rosidl_typesupport_c
[23.256s] [ 69%] [32mBuilding CXX object CMakeFiles/mmwave_radar_interfaces__rosidl_typesupport_fastrtps_c.dir/rosidl_typesupport_fastrtps_c/mmwave_radar_interfaces/msg/detail/detected_objects__type_support_c.cpp.o[0m
[23.397s] [ 71%] [32m[1mLinking C shared library libmmwave_radar_interfaces__rosidl_typesupport_introspection_c.so[0m
[23.611s] [ 71%] Built target mmwave_radar_interfaces__rosidl_typesupport_introspection_c
[23.658s] [ 73%] [32mBuilding CXX object CMakeFiles/mmwave_radar_interfaces__rosidl_typesupport_fastrtps_c.dir/rosidl_typesupport_fastrtps_c/mmwave_radar_interfaces/msg/detail/snr_noise__type_support_c.cpp.o[0m
[24.473s] [ 74%] [32mBuilding CXX object CMakeFiles/mmwave_radar_interfaces__rosidl_typesupport_fastrtps_c.dir/rosidl_typesupport_fastrtps_c/mmwave_radar_interfaces/msg/detail/raw_packet__type_support_c.cpp.o[0m
[25.126s] [ 76%] [32m[1mLinking CXX shared library libmmwave_radar_interfaces__rosidl_typesupport_fastrtps_cpp.so[0m
[25.605s] [ 77%] [32mBuilding CXX object CMakeFiles/mmwave_radar_interfaces__rosidl_typesupport_fastrtps_c.dir/rosidl_typesupport_fastrtps_c/mmwave_radar_interfaces/msg/detail/heartbeat__type_support_c.cpp.o[0m
[25.647s] [ 77%] Built target mmwave_radar_interfaces__rosidl_typesupport_fastrtps_cpp
[27.158s] [ 79%] [32m[1mLinking CXX shared library libmmwave_radar_interfaces__rosidl_typesupport_fastrtps_c.so[0m
[27.507s] [ 79%] Built target mmwave_radar_interfaces__rosidl_typesupport_fastrtps_c
[27.592s] [ 79%] Built target mmwave_radar_interfaces
[27.679s] [ 80%] [34m[1mGenerating Python code for ROS interfaces[0m
[30.641s] [ 80%] Built target mmwave_radar_interfaces__py
[30.734s] [ 82%] [32mBuilding C object CMakeFiles/mmwave_radar_interfaces__rosidl_generator_py.dir/rosidl_generator_py/mmwave_radar_interfaces/msg/_header_s.c.o[0m
[30.738s] [ 84%] [32mBuilding C object CMakeFiles/mmwave_radar_interfaces__rosidl_generator_py.dir/rosidl_generator_py/mmwave_radar_interfaces/msg/_detected_objects_s.c.o[0m
[30.740s] [ 85%] [32mBuilding C object CMakeFiles/mmwave_radar_interfaces__rosidl_generator_py.dir/rosidl_generator_py/mmwave_radar_interfaces/msg/_snr_noise_s.c.o[0m
[30.749s] [ 87%] [32mBuilding C object CMakeFiles/mmwave_radar_interfaces__rosidl_generator_py.dir/rosidl_generator_py/mmwave_radar_interfaces/msg/_raw_packet_s.c.o[0m
[31.351s] [ 88%] [32mBuilding C object CMakeFiles/mmwave_radar_interfaces__rosidl_generator_py.dir/rosidl_generator_py/mmwave_radar_interfaces/msg/_heartbeat_s.c.o[0m
[31.804s] [ 90%] [32m[1mLinking C shared library rosidl_generator_py/mmwave_radar_interfaces/libmmwave_radar_interfaces__rosidl_generator_py.so[0m
[32.006s] [ 90%] Built target mmwave_radar_interfaces__rosidl_generator_py
[32.095s] [ 93%] [32mBuilding C object CMakeFiles/mmwave_radar_interfaces__rosidl_typesupport_fastrtps_c__pyext.dir/rosidl_generator_py/mmwave_radar_interfaces/_mmwave_radar_interfaces_s.ep.rosidl_typesupport_fastrtps_c.c.o[0m
[32.096s] [ 93%] [32mBuilding C object CMakeFiles/mmwave_radar_interfaces__rosidl_typesupport_introspection_c__pyext.dir/rosidl_generator_py/mmwave_radar_interfaces/_mmwave_radar_interfaces_s.ep.rosidl_typesupport_introspection_c.c.o[0m
[32.105s] [ 95%] [32mBuilding C object CMakeFiles/mmwave_radar_interfaces__rosidl_typesupport_c__pyext.dir/rosidl_generator_py/mmwave_radar_interfaces/_mmwave_radar_interfaces_s.ep.rosidl_typesupport_c.c.o[0m
[32.704s] [ 96%] [32m[1mLinking C shared library rosidl_generator_py/mmwave_radar_interfaces/mmwave_radar_interfaces_s__rosidl_typesupport_fastrtps_c.cpython-310-aarch64-linux-gnu.so[0m
[32.707s] [ 98%] [32m[1mLinking C shared library rosidl_generator_py/mmwave_radar_interfaces/mmwave_radar_interfaces_s__rosidl_typesupport_introspection_c.cpython-310-aarch64-linux-gnu.so[0m
[32.734s] [100%] [32m[1mLinking C shared library rosidl_generator_py/mmwave_radar_interfaces/mmwave_radar_interfaces_s__rosidl_typesupport_c.cpython-310-aarch64-linux-gnu.so[0m
[32.968s] [100%] Built target mmwave_radar_interfaces__rosidl_typesupport_introspection_c__pyext
[32.977s] [100%] Built target mmwave_radar_interfaces__rosidl_typesupport_fastrtps_c__pyext
[33.005s] [100%] Built target mmwave_radar_interfaces__rosidl_typesupport_c__pyext
[33.050s] Invoked command in '/home/airl-radar/ros2_radar_ws/build/mmwave_radar_interfaces' returned '0': PS1=(radar_env) \[\e]0;\u@\h: \w\a\]${debian_chroot:+($debian_chroot)}\[\033[01;32m\]\u@\h\[\033[00m\]:\[\033[01;34m\]\w\[\033[00m\]\$ VIRTUAL_ENV_PROMPT=(radar_env) /usr/bin/cmake --build /home/airl-radar/ros2_radar_ws/build/mmwave_radar_interfaces -- -j4 -l4
[33.090s] Invoking command in '/home/airl-radar/ros2_radar_ws/build/mmwave_radar_interfaces': PS1=(radar_env) \[\e]0;\u@\h: \w\a\]${debian_chroot:+($debian_chroot)}\[\033[01;32m\]\u@\h\[\033[00m\]:\[\033[01;34m\]\w\[\033[00m\]\$ VIRTUAL_ENV_PROMPT=(radar_env) /usr/bin/cmake --install /home/airl-radar/ros2_radar_ws/build/mmwave_radar_interfaces
[33.119s] -- Install configuration: ""
[33.121s] -- Execute custom install script
[33.123s] -- Symlinking: /home/airl-radar/ros2_radar_ws/install/mmwave_radar_interfaces/share/ament_index/resource_index/rosidl_interfaces/mmwave_radar_interfaces
[33.159s] -- Symlinking: /home/airl-radar/ros2_radar_ws/install/mmwave_radar_interfaces/include/mmwave_radar_interfaces/mmwave_radar_interfaces/msg/detail/detected_objects__functions.h
[33.193s] -- Symlinking: /home/airl-radar/ros2_radar_ws/install/mmwave_radar_interfaces/include/mmwave_radar_interfaces/mmwave_radar_interfaces/msg/detail/detected_objects__struct.h
[33.225s] -- Symlinking: /home/airl-radar/ros2_radar_ws/install/mmwave_radar_interfaces/include/mmwave_radar_interfaces/mmwave_radar_interfaces/msg/detail/detected_objects__type_support.h
[33.258s] -- Symlinking: /home/airl-radar/ros2_radar_ws/install/mmwave_radar_interfaces/include/mmwave_radar_interfaces/mmwave_radar_interfaces/msg/detail/header__functions.h
[33.290s] -- Symlinking: /home/airl-radar/ros2_radar_ws/install/mmwave_radar_interfaces/include/mmwave_radar_interfaces/mmwave_radar_interfaces/msg/detail/header__struct.h
[33.323s] -- Symlinking: /home/airl-radar/ros2_radar_ws/install/mmwave_radar_interfaces/include/mmwave_radar_interfaces/mmwave_radar_interfaces/msg/detail/header__type_support.h
[33.353s] -- Symlinking: /home/airl-radar/ros2_radar_ws/install/mmwave_radar_interfaces/include/mmwave_radar_interfaces/mmwave_radar_interfaces/msg/detail/heartbeat__functions.h
[33.385s] -- Symlinking: /home/airl-radar/ros2_radar_ws/install/mmwave_radar_interfaces/include/mmwave_radar_interfaces/mmwave_radar_interfaces/msg/detail/heartbeat__struct.h
[33.418s] -- Symlinking: /home/airl-radar/ros2_radar_ws/install/mmwave_radar_interfaces/include/mmwave_radar_interfaces/mmwave_radar_interfaces/msg/detail/heartbeat__type_support.h
[33.448s] -- Symlinking: /home/airl-radar/ros2_radar_ws/install/mmwave_radar_interfaces/include/mmwave_radar_interfaces/mmwave_radar_interfaces/msg/detail/raw_packet__functions.h
[33.481s] -- Symlinking: /home/airl-radar/ros2_radar_ws/install/mmwave_radar_interfaces/include/mmwave_radar_interfaces/mmwave_radar_interfaces/msg/detail/raw_packet__struct.h
[33.514s] -- Symlinking: /home/airl-radar/ros2_radar_ws/install/mmwave_radar_interfaces/include/mmwave_radar_interfaces/mmwave_radar_interfaces/msg/detail/raw_packet__type_support.h
[33.547s] -- Symlinking: /home/airl-radar/ros2_radar_ws/install/mmwave_radar_interfaces/include/mmwave_radar_interfaces/mmwave_radar_interfaces/msg/detail/snr_noise__functions.h
[33.578s] -- Symlinking: /home/airl-radar/ros2_radar_ws/install/mmwave_radar_interfaces/include/mmwave_radar_interfaces/mmwave_radar_interfaces/msg/detail/snr_noise__struct.h
[33.611s] -- Symlinking: /home/airl-radar/ros2_radar_ws/install/mmwave_radar_interfaces/include/mmwave_radar_interfaces/mmwave_radar_interfaces/msg/detail/snr_noise__type_support.h
[33.642s] -- Symlinking: /home/airl-radar/ros2_radar_ws/install/mmwave_radar_interfaces/include/mmwave_radar_interfaces/mmwave_radar_interfaces/msg/detected_objects.h
[33.674s] -- Symlinking: /home/airl-radar/ros2_radar_ws/install/mmwave_radar_interfaces/include/mmwave_radar_interfaces/mmwave_radar_interfaces/msg/header.h
[33.706s] -- Symlinking: /home/airl-radar/ros2_radar_ws/install/mmwave_radar_interfaces/include/mmwave_radar_interfaces/mmwave_radar_interfaces/msg/heartbeat.h
[33.737s] -- Symlinking: /home/airl-radar/ros2_radar_ws/install/mmwave_radar_interfaces/include/mmwave_radar_interfaces/mmwave_radar_interfaces/msg/raw_packet.h
[33.769s] -- Symlinking: /home/airl-radar/ros2_radar_ws/install/mmwave_radar_interfaces/include/mmwave_radar_interfaces/mmwave_radar_interfaces/msg/rosidl_generator_c__visibility_control.h
[33.803s] -- Symlinking: /home/airl-radar/ros2_radar_ws/install/mmwave_radar_interfaces/include/mmwave_radar_interfaces/mmwave_radar_interfaces/msg/snr_noise.h
[33.836s] -- Symlinking: /home/airl-radar/ros2_radar_ws/install/mmwave_radar_interfaces/share/mmwave_radar_interfaces/environment/library_path.sh
[33.868s] -- Symlinking: /home/airl-radar/ros2_radar_ws/install/mmwave_radar_interfaces/share/mmwave_radar_interfaces/environment/library_path.dsv
[33.905s] -- Symlinking: /home/airl-radar/ros2_radar_ws/install/mmwave_radar_interfaces/include/mmwave_radar_interfaces/mmwave_radar_interfaces/msg/detail/detected_objects__rosidl_typesupport_fastrtps_c.h
[33.939s] -- Symlinking: /home/airl-radar/ros2_radar_ws/install/mmwave_radar_interfaces/include/mmwave_radar_interfaces/mmwave_radar_interfaces/msg/detail/header__rosidl_typesupport_fastrtps_c.h
[33.971s] -- Symlinking: /home/airl-radar/ros2_radar_ws/install/mmwave_radar_interfaces/include/mmwave_radar_interfaces/mmwave_radar_interfaces/msg/detail/heartbeat__rosidl_typesupport_fastrtps_c.h
[34.005s] -- Symlinking: /home/airl-radar/ros2_radar_ws/install/mmwave_radar_interfaces/include/mmwave_radar_interfaces/mmwave_radar_interfaces/msg/detail/raw_packet__rosidl_typesupport_fastrtps_c.h
[34.038s] -- Symlinking: /home/airl-radar/ros2_radar_ws/install/mmwave_radar_interfaces/include/mmwave_radar_interfaces/mmwave_radar_interfaces/msg/detail/snr_noise__rosidl_typesupport_fastrtps_c.h
[34.071s] -- Symlinking: /home/airl-radar/ros2_radar_ws/install/mmwave_radar_interfaces/include/mmwave_radar_interfaces/mmwave_radar_interfaces/msg/rosidl_typesupport_fastrtps_c__visibility_control.h
[34.107s] -- Symlinking: /home/airl-radar/ros2_radar_ws/install/mmwave_radar_interfaces/include/mmwave_radar_interfaces/mmwave_radar_interfaces/msg/detail/detected_objects__rosidl_typesupport_introspection_c.h
[34.139s] -- Symlinking: /home/airl-radar/ros2_radar_ws/install/mmwave_radar_interfaces/include/mmwave_radar_interfaces/mmwave_radar_interfaces/msg/detail/header__rosidl_typesupport_introspection_c.h
[34.171s] -- Symlinking: /home/airl-radar/ros2_radar_ws/install/mmwave_radar_interfaces/include/mmwave_radar_interfaces/mmwave_radar_interfaces/msg/detail/heartbeat__rosidl_typesupport_introspection_c.h
[34.203s] -- Symlinking: /home/airl-radar/ros2_radar_ws/install/mmwave_radar_interfaces/include/mmwave_radar_interfaces/mmwave_radar_interfaces/msg/detail/raw_packet__rosidl_typesupport_introspection_c.h
[34.235s] -- Symlinking: /home/airl-radar/ros2_radar_ws/install/mmwave_radar_interfaces/include/mmwave_radar_interfaces/mmwave_radar_interfaces/msg/detail/snr_noise__rosidl_typesupport_introspection_c.h
[34.267s] -- Symlinking: /home/airl-radar/ros2_radar_ws/install/mmwave_radar_interfaces/include/mmwave_radar_interfaces/mmwave_radar_interfaces/msg/rosidl_typesupport_introspection_c__visibility_control.h
[34.302s] -- Symlinking: /home/airl-radar/ros2_radar_ws/install/mmwave_radar_interfaces/include/mmwave_radar_interfaces/mmwave_radar_interfaces/msg/detail/detected_objects__builder.hpp
[34.337s] -- Symlinking: /home/airl-radar/ros2_radar_ws/install/mmwave_radar_interfaces/include/mmwave_radar_interfaces/mmwave_radar_interfaces/msg/detail/detected_objects__struct.hpp
[34.370s] -- Symlinking: /home/airl-radar/ros2_radar_ws/install/mmwave_radar_interfaces/include/mmwave_radar_interfaces/mmwave_radar_interfaces/msg/detail/detected_objects__traits.hpp
[34.401s] -- Symlinking: /home/airl-radar/ros2_radar_ws/install/mmwave_radar_interfaces/include/mmwave_radar_interfaces/mmwave_radar_interfaces/msg/detail/detected_objects__type_support.hpp
[34.433s] -- Symlinking: /home/airl-radar/ros2_radar_ws/install/mmwave_radar_interfaces/include/mmwave_radar_interfaces/mmwave_radar_interfaces/msg/detail/header__builder.hpp
[34.467s] -- Symlinking: /home/airl-radar/ros2_radar_ws/install/mmwave_radar_interfaces/include/mmwave_radar_interfaces/mmwave_radar_interfaces/msg/detail/header__struct.hpp
[34.499s] -- Symlinking: /home/airl-radar/ros2_radar_ws/install/mmwave_radar_interfaces/include/mmwave_radar_interfaces/mmwave_radar_interfaces/msg/detail/header__traits.hpp
[34.531s] -- Symlinking: /home/airl-radar/ros2_radar_ws/install/mmwave_radar_interfaces/include/mmwave_radar_interfaces/mmwave_radar_interfaces/msg/detail/header__type_support.hpp
[34.564s] -- Symlinking: /home/airl-radar/ros2_radar_ws/install/mmwave_radar_interfaces/include/mmwave_radar_interfaces/mmwave_radar_interfaces/msg/detail/heartbeat__builder.hpp
[34.595s] -- Symlinking: /home/airl-radar/ros2_radar_ws/install/mmwave_radar_interfaces/include/mmwave_radar_interfaces/mmwave_radar_interfaces/msg/detail/heartbeat__struct.hpp
[34.627s] -- Symlinking: /home/airl-radar/ros2_radar_ws/install/mmwave_radar_interfaces/include/mmwave_radar_interfaces/mmwave_radar_interfaces/msg/detail/heartbeat__traits.hpp
[34.659s] -- Symlinking: /home/airl-radar/ros2_radar_ws/install/mmwave_radar_interfaces/include/mmwave_radar_interfaces/mmwave_radar_interfaces/msg/detail/heartbeat__type_support.hpp
[34.693s] -- Symlinking: /home/airl-radar/ros2_radar_ws/install/mmwave_radar_interfaces/include/mmwave_radar_interfaces/mmwave_radar_interfaces/msg/detail/raw_packet__builder.hpp
[34.724s] -- Symlinking: /home/airl-radar/ros2_radar_ws/install/mmwave_radar_interfaces/include/mmwave_radar_interfaces/mmwave_radar_interfaces/msg/detail/raw_packet__struct.hpp
[34.757s] -- Symlinking: /home/airl-radar/ros2_radar_ws/install/mmwave_radar_interfaces/include/mmwave_radar_interfaces/mmwave_radar_interfaces/msg/detail/raw_packet__traits.hpp
[34.788s] -- Symlinking: /home/airl-radar/ros2_radar_ws/install/mmwave_radar_interfaces/include/mmwave_radar_interfaces/mmwave_radar_interfaces/msg/detail/raw_packet__type_support.hpp
[34.821s] -- Symlinking: /home/airl-radar/ros2_radar_ws/install/mmwave_radar_interfaces/include/mmwave_radar_interfaces/mmwave_radar_interfaces/msg/detail/snr_noise__builder.hpp
[34.852s] -- Symlinking: /home/airl-radar/ros2_radar_ws/install/mmwave_radar_interfaces/include/mmwave_radar_interfaces/mmwave_radar_interfaces/msg/detail/snr_noise__struct.hpp
[34.885s] -- Symlinking: /home/airl-radar/ros2_radar_ws/install/mmwave_radar_interfaces/include/mmwave_radar_interfaces/mmwave_radar_interfaces/msg/detail/snr_noise__traits.hpp
[34.918s] -- Symlinking: /home/airl-radar/ros2_radar_ws/install/mmwave_radar_interfaces/include/mmwave_radar_interfaces/mmwave_radar_interfaces/msg/detail/snr_noise__type_support.hpp
[34.949s] -- Symlinking: /home/airl-radar/ros2_radar_ws/install/mmwave_radar_interfaces/include/mmwave_radar_interfaces/mmwave_radar_interfaces/msg/detected_objects.hpp
[34.982s] -- Symlinking: /home/airl-radar/ros2_radar_ws/install/mmwave_radar_interfaces/include/mmwave_radar_interfaces/mmwave_radar_interfaces/msg/header.hpp
[35.013s] -- Symlinking: /home/airl-radar/ros2_radar_ws/install/mmwave_radar_interfaces/include/mmwave_radar_interfaces/mmwave_radar_interfaces/msg/heartbeat.hpp
[35.048s] -- Symlinking: /home/airl-radar/ros2_radar_ws/install/mmwave_radar_interfaces/include/mmwave_radar_interfaces/mmwave_radar_interfaces/msg/raw_packet.hpp
[35.080s] -- Symlinking: /home/airl-radar/ros2_radar_ws/install/mmwave_radar_interfaces/include/mmwave_radar_interfaces/mmwave_radar_interfaces/msg/rosidl_generator_cpp__visibility_control.hpp
[35.112s] -- Symlinking: /home/airl-radar/ros2_radar_ws/install/mmwave_radar_interfaces/include/mmwave_radar_interfaces/mmwave_radar_interfaces/msg/snr_noise.hpp
[35.148s] -- Symlinking: /home/airl-radar/ros2_radar_ws/install/mmwave_radar_interfaces/include/mmwave_radar_interfaces/mmwave_radar_interfaces/msg/detail/detected_objects__rosidl_typesupport_fastrtps_cpp.hpp
[35.183s] -- Symlinking: /home/airl-radar/ros2_radar_ws/install/mmwave_radar_interfaces/include/mmwave_radar_interfaces/mmwave_radar_interfaces/msg/detail/header__rosidl_typesupport_fastrtps_cpp.hpp
[35.215s] -- Symlinking: /home/airl-radar/ros2_radar_ws/install/mmwave_radar_interfaces/include/mmwave_radar_interfaces/mmwave_radar_interfaces/msg/detail/heartbeat__rosidl_typesupport_fastrtps_cpp.hpp
[35.248s] -- Symlinking: /home/airl-radar/ros2_radar_ws/install/mmwave_radar_interfaces/include/mmwave_radar_interfaces/mmwave_radar_interfaces/msg/detail/raw_packet__rosidl_typesupport_fastrtps_cpp.hpp
[35.280s] -- Symlinking: /home/airl-radar/ros2_radar_ws/install/mmwave_radar_interfaces/include/mmwave_radar_interfaces/mmwave_radar_interfaces/msg/detail/snr_noise__rosidl_typesupport_fastrtps_cpp.hpp
[35.311s] -- Symlinking: /home/airl-radar/ros2_radar_ws/install/mmwave_radar_interfaces/include/mmwave_radar_interfaces/mmwave_radar_interfaces/msg/rosidl_typesupport_fastrtps_cpp__visibility_control.h
[35.346s] -- Symlinking: /home/airl-radar/ros2_radar_ws/install/mmwave_radar_interfaces/include/mmwave_radar_interfaces/mmwave_radar_interfaces/msg/detail/detected_objects__rosidl_typesupport_introspection_cpp.hpp
[35.380s] -- Symlinking: /home/airl-radar/ros2_radar_ws/install/mmwave_radar_interfaces/include/mmwave_radar_interfaces/mmwave_radar_interfaces/msg/detail/header__rosidl_typesupport_introspection_cpp.hpp
[35.411s] -- Symlinking: /home/airl-radar/ros2_radar_ws/install/mmwave_radar_interfaces/include/mmwave_radar_interfaces/mmwave_radar_interfaces/msg/detail/heartbeat__rosidl_typesupport_introspection_cpp.hpp
[35.443s] -- Symlinking: /home/airl-radar/ros2_radar_ws/install/mmwave_radar_interfaces/include/mmwave_radar_interfaces/mmwave_radar_interfaces/msg/detail/raw_packet__rosidl_typesupport_introspection_cpp.hpp
[35.475s] -- Symlinking: /home/airl-radar/ros2_radar_ws/install/mmwave_radar_interfaces/include/mmwave_radar_interfaces/mmwave_radar_interfaces/msg/detail/snr_noise__rosidl_typesupport_introspection_cpp.hpp
[35.508s] -- Symlinking: /home/airl-radar/ros2_radar_ws/install/mmwave_radar_interfaces/share/mmwave_radar_interfaces/environment/pythonpath.sh
[35.540s] -- Symlinking: /home/airl-radar/ros2_radar_ws/install/mmwave_radar_interfaces/share/mmwave_radar_interfaces/environment/pythonpath.dsv
[35.574s] -- Symlinking: /home/airl-radar/ros2_radar_ws/install/mmwave_radar_interfaces/lib/python3.10/site-packages/mmwave_radar_interfaces-0.0.0-py3.10.egg-info/PKG-INFO
[35.609s] -- Symlinking: /home/airl-radar/ros2_radar_ws/install/mmwave_radar_interfaces/lib/python3.10/site-packages/mmwave_radar_interfaces-0.0.0-py3.10.egg-info/SOURCES.txt
[35.642s] -- Symlinking: /home/airl-radar/ros2_radar_ws/install/mmwave_radar_interfaces/lib/python3.10/site-packages/mmwave_radar_interfaces-0.0.0-py3.10.egg-info/dependency_links.txt
[35.674s] -- Symlinking: /home/airl-radar/ros2_radar_ws/install/mmwave_radar_interfaces/lib/python3.10/site-packages/mmwave_radar_interfaces-0.0.0-py3.10.egg-info/top_level.txt
[35.714s] -- Symlinking: /home/airl-radar/ros2_radar_ws/install/mmwave_radar_interfaces/lib/python3.10/site-packages/mmwave_radar_interfaces/__init__.py
[35.746s] -- Symlinking: /home/airl-radar/ros2_radar_ws/install/mmwave_radar_interfaces/lib/python3.10/site-packages/mmwave_radar_interfaces/_mmwave_radar_interfaces_s.ep.rosidl_typesupport_c.c
[35.779s] -- Symlinking: /home/airl-radar/ros2_radar_ws/install/mmwave_radar_interfaces/lib/python3.10/site-packages/mmwave_radar_interfaces/_mmwave_radar_interfaces_s.ep.rosidl_typesupport_fastrtps_c.c
[35.813s] -- Symlinking: /home/airl-radar/ros2_radar_ws/install/mmwave_radar_interfaces/lib/python3.10/site-packages/mmwave_radar_interfaces/_mmwave_radar_interfaces_s.ep.rosidl_typesupport_introspection_c.c
[35.845s] -- Symlinking: /home/airl-radar/ros2_radar_ws/install/mmwave_radar_interfaces/lib/python3.10/site-packages/mmwave_radar_interfaces/libmmwave_radar_interfaces__rosidl_generator_py.so
[35.879s] -- Symlinking: /home/airl-radar/ros2_radar_ws/install/mmwave_radar_interfaces/lib/python3.10/site-packages/mmwave_radar_interfaces/mmwave_radar_interfaces_s__rosidl_typesupport_c.cpython-310-aarch64-linux-gnu.so
[35.911s] -- Symlinking: /home/airl-radar/ros2_radar_ws/install/mmwave_radar_interfaces/lib/python3.10/site-packages/mmwave_radar_interfaces/mmwave_radar_interfaces_s__rosidl_typesupport_fastrtps_c.cpython-310-aarch64-linux-gnu.so
[35.945s] -- Symlinking: /home/airl-radar/ros2_radar_ws/install/mmwave_radar_interfaces/lib/python3.10/site-packages/mmwave_radar_interfaces/mmwave_radar_interfaces_s__rosidl_typesupport_introspection_c.cpython-310-aarch64-linux-gnu.so
[35.979s] -- Symlinking: /home/airl-radar/ros2_radar_ws/install/mmwave_radar_interfaces/lib/python3.10/site-packages/mmwave_radar_interfaces/msg/__init__.py
[36.013s] -- Symlinking: /home/airl-radar/ros2_radar_ws/install/mmwave_radar_interfaces/lib/python3.10/site-packages/mmwave_radar_interfaces/msg/_detected_objects.py
[36.047s] -- Symlinking: /home/airl-radar/ros2_radar_ws/install/mmwave_radar_interfaces/lib/python3.10/site-packages/mmwave_radar_interfaces/msg/_detected_objects_s.c
[36.081s] -- Symlinking: /home/airl-radar/ros2_radar_ws/install/mmwave_radar_interfaces/lib/python3.10/site-packages/mmwave_radar_interfaces/msg/_header.py
[36.114s] -- Symlinking: /home/airl-radar/ros2_radar_ws/install/mmwave_radar_interfaces/lib/python3.10/site-packages/mmwave_radar_interfaces/msg/_header_s.c
[36.147s] -- Symlinking: /home/airl-radar/ros2_radar_ws/install/mmwave_radar_interfaces/lib/python3.10/site-packages/mmwave_radar_interfaces/msg/_heartbeat.py
[36.179s] -- Symlinking: /home/airl-radar/ros2_radar_ws/install/mmwave_radar_interfaces/lib/python3.10/site-packages/mmwave_radar_interfaces/msg/_heartbeat_s.c
[36.212s] -- Symlinking: /home/airl-radar/ros2_radar_ws/install/mmwave_radar_interfaces/lib/python3.10/site-packages/mmwave_radar_interfaces/msg/_raw_packet.py
[36.245s] -- Symlinking: /home/airl-radar/ros2_radar_ws/install/mmwave_radar_interfaces/lib/python3.10/site-packages/mmwave_radar_interfaces/msg/_raw_packet_s.c
[36.277s] -- Symlinking: /home/airl-radar/ros2_radar_ws/install/mmwave_radar_interfaces/lib/python3.10/site-packages/mmwave_radar_interfaces/msg/_snr_noise.py
[36.312s] -- Symlinking: /home/airl-radar/ros2_radar_ws/install/mmwave_radar_interfaces/lib/python3.10/site-packages/mmwave_radar_interfaces/msg/_snr_noise_s.c
[36.346s] -- Up-to-date symlink: /home/airl-radar/ros2_radar_ws/install/mmwave_radar_interfaces/lib/python3.10/site-packages/mmwave_radar_interfaces/mmwave_radar_interfaces_s__rosidl_typesupport_fastrtps_c.cpython-310-aarch64-linux-gnu.so
[36.347s] -- Up-to-date symlink: /home/airl-radar/ros2_radar_ws/install/mmwave_radar_interfaces/lib/python3.10/site-packages/mmwave_radar_interfaces/mmwave_radar_interfaces_s__rosidl_typesupport_introspection_c.cpython-310-aarch64-linux-gnu.so
[36.349s] -- Up-to-date symlink: /home/airl-radar/ros2_radar_ws/install/mmwave_radar_interfaces/lib/python3.10/site-packages/mmwave_radar_interfaces/mmwave_radar_interfaces_s__rosidl_typesupport_c.cpython-310-aarch64-linux-gnu.so
[36.350s] -- Symlinking: /home/airl-radar/ros2_radar_ws/install/mmwave_radar_interfaces/share/mmwave_radar_interfaces/msg/Header.idl
[36.383s] -- Symlinking: /home/airl-radar/ros2_radar_ws/install/mmwave_radar_interfaces/share/mmwave_radar_interfaces/msg/DetectedObjects.idl
[36.417s] -- Symlinking: /home/airl-radar/ros2_radar_ws/install/mmwave_radar_interfaces/share/mmwave_radar_interfaces/msg/SNRNoise.idl
[36.450s] -- Symlinking: /home/airl-radar/ros2_radar_ws/install/mmwave_radar_interfaces/share/mmwave_radar_interfaces/msg/RawPacket.idl
[36.486s] -- Symlinking: /home/airl-radar/ros2_radar_ws/install/mmwave_radar_interfaces/share/mmwave_radar_interfaces/msg/Heartbeat.idl
[36.520s] -- Symlinking: /home/airl-radar/ros2_radar_ws/install/mmwave_radar_interfaces/share/mmwave_radar_interfaces/msg/Header.msg
[36.553s] -- Symlinking: /home/airl-radar/ros2_radar_ws/install/mmwave_radar_interfaces/share/mmwave_radar_interfaces/msg/DetectedObjects.msg
[36.587s] -- Symlinking: /home/airl-radar/ros2_radar_ws/install/mmwave_radar_interfaces/share/mmwave_radar_interfaces/msg/SNRNoise.msg
[36.620s] -- Symlinking: /home/airl-radar/ros2_radar_ws/install/mmwave_radar_interfaces/share/mmwave_radar_interfaces/msg/RawPacket.msg
[36.653s] -- Symlinking: /home/airl-radar/ros2_radar_ws/install/mmwave_radar_interfaces/share/mmwave_radar_interfaces/msg/Heartbeat.msg
[36.687s] -- Symlinking: /home/airl-radar/ros2_radar_ws/install/mmwave_radar_interfaces/share/ament_index/resource_index/package_run_dependencies/mmwave_radar_interfaces
[36.721s] -- Symlinking: /home/airl-radar/ros2_radar_ws/install/mmwave_radar_interfaces/share/ament_index/resource_index/parent_prefix_path/mmwave_radar_interfaces
[36.754s] -- Symlinking: /home/airl-radar/ros2_radar_ws/install/mmwave_radar_interfaces/share/mmwave_radar_interfaces/environment/ament_prefix_path.sh
[36.788s] -- Symlinking: /home/airl-radar/ros2_radar_ws/install/mmwave_radar_interfaces/share/mmwave_radar_interfaces/environment/ament_prefix_path.dsv
[36.822s] -- Symlinking: /home/airl-radar/ros2_radar_ws/install/mmwave_radar_interfaces/share/mmwave_radar_interfaces/environment/path.sh
[36.857s] -- Symlinking: /home/airl-radar/ros2_radar_ws/install/mmwave_radar_interfaces/share/mmwave_radar_interfaces/environment/path.dsv
[36.891s] -- Symlinking: /home/airl-radar/ros2_radar_ws/install/mmwave_radar_interfaces/share/mmwave_radar_interfaces/local_setup.bash
[36.925s] -- Symlinking: /home/airl-radar/ros2_radar_ws/install/mmwave_radar_interfaces/share/mmwave_radar_interfaces/local_setup.sh
[36.957s] -- Symlinking: /home/airl-radar/ros2_radar_ws/install/mmwave_radar_interfaces/share/mmwave_radar_interfaces/local_setup.zsh
[36.990s] -- Symlinking: /home/airl-radar/ros2_radar_ws/install/mmwave_radar_interfaces/share/mmwave_radar_interfaces/local_setup.dsv
[37.024s] -- Symlinking: /home/airl-radar/ros2_radar_ws/install/mmwave_radar_interfaces/share/mmwave_radar_interfaces/package.dsv
[37.059s] -- Symlinking: /home/airl-radar/ros2_radar_ws/install/mmwave_radar_interfaces/share/ament_index/resource_index/packages/mmwave_radar_interfaces
[37.093s] -- Symlinking: /home/airl-radar/ros2_radar_ws/install/mmwave_radar_interfaces/share/mmwave_radar_interfaces/cmake/rosidl_cmake-extras.cmake
[37.127s] -- Symlinking: /home/airl-radar/ros2_radar_ws/install/mmwave_radar_interfaces/share/mmwave_radar_interfaces/cmake/ament_cmake_export_dependencies-extras.cmake
[37.162s] -- Symlinking: /home/airl-radar/ros2_radar_ws/install/mmwave_radar_interfaces/share/mmwave_radar_interfaces/cmake/ament_cmake_export_include_directories-extras.cmake
[37.197s] -- Symlinking: /home/airl-radar/ros2_radar_ws/install/mmwave_radar_interfaces/share/mmwave_radar_interfaces/cmake/ament_cmake_export_libraries-extras.cmake
[37.231s] -- Symlinking: /home/airl-radar/ros2_radar_ws/install/mmwave_radar_interfaces/share/mmwave_radar_interfaces/cmake/ament_cmake_export_targets-extras.cmake
[37.277s] -- Symlinking: /home/airl-radar/ros2_radar_ws/install/mmwave_radar_interfaces/share/mmwave_radar_interfaces/cmake/rosidl_cmake_export_typesupport_targets-extras.cmake
[37.315s] -- Symlinking: /home/airl-radar/ros2_radar_ws/install/mmwave_radar_interfaces/share/mmwave_radar_interfaces/cmake/rosidl_cmake_export_typesupport_libraries-extras.cmake
[37.349s] -- Symlinking: /home/airl-radar/ros2_radar_ws/install/mmwave_radar_interfaces/share/mmwave_radar_interfaces/cmake/mmwave_radar_interfacesConfig.cmake
[37.382s] -- Symlinking: /home/airl-radar/ros2_radar_ws/install/mmwave_radar_interfaces/share/mmwave_radar_interfaces/cmake/mmwave_radar_interfacesConfig-version.cmake
[37.415s] -- Symlinking: /home/airl-radar/ros2_radar_ws/install/mmwave_radar_interfaces/share/mmwave_radar_interfaces/package.xml
[37.448s] -- Installing: /home/airl-radar/ros2_radar_ws/install/mmwave_radar_interfaces/lib/libmmwave_radar_interfaces__rosidl_generator_c.so
[37.451s] -- Set runtime path of "/home/airl-radar/ros2_radar_ws/install/mmwave_radar_interfaces/lib/libmmwave_radar_interfaces__rosidl_generator_c.so" to ""
[37.452s] -- Installing: /home/airl-radar/ros2_radar_ws/install/mmwave_radar_interfaces/lib/libmmwave_radar_interfaces__rosidl_typesupport_fastrtps_c.so
[37.455s] -- Set runtime path of "/home/airl-radar/ros2_radar_ws/install/mmwave_radar_interfaces/lib/libmmwave_radar_interfaces__rosidl_typesupport_fastrtps_c.so" to ""
[37.455s] -- Installing: /home/airl-radar/ros2_radar_ws/install/mmwave_radar_interfaces/lib/libmmwave_radar_interfaces__rosidl_typesupport_introspection_c.so
[37.460s] -- Set runtime path of "/home/airl-radar/ros2_radar_ws/install/mmwave_radar_interfaces/lib/libmmwave_radar_interfaces__rosidl_typesupport_introspection_c.so" to ""
[37.461s] -- Installing: /home/airl-radar/ros2_radar_ws/install/mmwave_radar_interfaces/lib/libmmwave_radar_interfaces__rosidl_typesupport_c.so
[37.464s] -- Set runtime path of "/home/airl-radar/ros2_radar_ws/install/mmwave_radar_interfaces/lib/libmmwave_radar_interfaces__rosidl_typesupport_c.so" to ""
[37.466s] -- Installing: /home/airl-radar/ros2_radar_ws/install/mmwave_radar_interfaces/lib/libmmwave_radar_interfaces__rosidl_typesupport_fastrtps_cpp.so
[37.470s] -- Set runtime path of "/home/airl-radar/ros2_radar_ws/install/mmwave_radar_interfaces/lib/libmmwave_radar_interfaces__rosidl_typesupport_fastrtps_cpp.so" to ""
[37.470s] -- Installing: /home/airl-radar/ros2_radar_ws/install/mmwave_radar_interfaces/lib/libmmwave_radar_interfaces__rosidl_typesupport_introspection_cpp.so
[37.474s] -- Set runtime path of "/home/airl-radar/ros2_radar_ws/install/mmwave_radar_interfaces/lib/libmmwave_radar_interfaces__rosidl_typesupport_introspection_cpp.so" to ""
[37.474s] -- Installing: /home/airl-radar/ros2_radar_ws/install/mmwave_radar_interfaces/lib/libmmwave_radar_interfaces__rosidl_typesupport_cpp.so
[37.477s] -- Set runtime path of "/home/airl-radar/ros2_radar_ws/install/mmwave_radar_interfaces/lib/libmmwave_radar_interfaces__rosidl_typesupport_cpp.so" to ""
[37.659s] Listing '/home/airl-radar/ros2_radar_ws/install/mmwave_radar_interfaces/lib/python3.10/site-packages/mmwave_radar_interfaces'...
[37.660s] Compiling '/home/airl-radar/ros2_radar_ws/install/mmwave_radar_interfaces/lib/python3.10/site-packages/mmwave_radar_interfaces/__init__.py'...
[37.662s] Listing '/home/airl-radar/ros2_radar_ws/install/mmwave_radar_interfaces/lib/python3.10/site-packages/mmwave_radar_interfaces/msg'...
[37.663s] Compiling '/home/airl-radar/ros2_radar_ws/install/mmwave_radar_interfaces/lib/python3.10/site-packages/mmwave_radar_interfaces/msg/__init__.py'...
[37.664s] Compiling '/home/airl-radar/ros2_radar_ws/install/mmwave_radar_interfaces/lib/python3.10/site-packages/mmwave_radar_interfaces/msg/_detected_objects.py'...
[37.665s] Compiling '/home/airl-radar/ros2_radar_ws/install/mmwave_radar_interfaces/lib/python3.10/site-packages/mmwave_radar_interfaces/msg/_header.py'...
[37.668s] Compiling '/home/airl-radar/ros2_radar_ws/install/mmwave_radar_interfaces/lib/python3.10/site-packages/mmwave_radar_interfaces/msg/_heartbeat.py'...
[37.671s] Compiling '/home/airl-radar/ros2_radar_ws/install/mmwave_radar_interfaces/lib/python3.10/site-packages/mmwave_radar_interfaces/msg/_raw_packet.py'...
[37.672s] Compiling '/home/airl-radar/ros2_radar_ws/install/mmwave_radar_interfaces/lib/python3.10/site-packages/mmwave_radar_interfaces/msg/_snr_noise.py'...
[37.688s] -- Installing: /home/airl-radar/ros2_radar_ws/install/mmwave_radar_interfaces/lib/libmmwave_radar_interfaces__rosidl_generator_py.so
[37.691s] -- Set runtime path of "/home/airl-radar/ros2_radar_ws/install/mmwave_radar_interfaces/lib/libmmwave_radar_interfaces__rosidl_generator_py.so" to ""
[37.692s] -- Installing: /home/airl-radar/ros2_radar_ws/install/mmwave_radar_interfaces/share/mmwave_radar_interfaces/cmake/export_mmwave_radar_interfaces__rosidl_generator_cExport.cmake
[37.694s] -- Installing: /home/airl-radar/ros2_radar_ws/install/mmwave_radar_interfaces/share/mmwave_radar_interfaces/cmake/export_mmwave_radar_interfaces__rosidl_generator_cExport-noconfig.cmake
[37.696s] -- Installing: /home/airl-radar/ros2_radar_ws/install/mmwave_radar_interfaces/share/mmwave_radar_interfaces/cmake/export_mmwave_radar_interfaces__rosidl_typesupport_fastrtps_cExport.cmake
[37.697s] -- Installing: /home/airl-radar/ros2_radar_ws/install/mmwave_radar_interfaces/share/mmwave_radar_interfaces/cmake/export_mmwave_radar_interfaces__rosidl_typesupport_fastrtps_cExport-noconfig.cmake
[37.699s] -- Installing: /home/airl-radar/ros2_radar_ws/install/mmwave_radar_interfaces/share/mmwave_radar_interfaces/cmake/mmwave_radar_interfaces__rosidl_typesupport_introspection_cExport.cmake
[37.701s] -- Installing: /home/airl-radar/ros2_radar_ws/install/mmwave_radar_interfaces/share/mmwave_radar_interfaces/cmake/mmwave_radar_interfaces__rosidl_typesupport_introspection_cExport-noconfig.cmake
[37.703s] -- Installing: /home/airl-radar/ros2_radar_ws/install/mmwave_radar_interfaces/share/mmwave_radar_interfaces/cmake/mmwave_radar_interfaces__rosidl_typesupport_cExport.cmake
[37.705s] -- Installing: /home/airl-radar/ros2_radar_ws/install/mmwave_radar_interfaces/share/mmwave_radar_interfaces/cmake/mmwave_radar_interfaces__rosidl_typesupport_cExport-noconfig.cmake
[37.706s] -- Installing: /home/airl-radar/ros2_radar_ws/install/mmwave_radar_interfaces/share/mmwave_radar_interfaces/cmake/export_mmwave_radar_interfaces__rosidl_generator_cppExport.cmake
[37.708s] -- Installing: /home/airl-radar/ros2_radar_ws/install/mmwave_radar_interfaces/share/mmwave_radar_interfaces/cmake/export_mmwave_radar_interfaces__rosidl_typesupport_fastrtps_cppExport.cmake
[37.709s] -- Installing: /home/airl-radar/ros2_radar_ws/install/mmwave_radar_interfaces/share/mmwave_radar_interfaces/cmake/export_mmwave_radar_interfaces__rosidl_typesupport_fastrtps_cppExport-noconfig.cmake
[37.711s] -- Installing: /home/airl-radar/ros2_radar_ws/install/mmwave_radar_interfaces/share/mmwave_radar_interfaces/cmake/mmwave_radar_interfaces__rosidl_typesupport_introspection_cppExport.cmake
[37.713s] -- Installing: /home/airl-radar/ros2_radar_ws/install/mmwave_radar_interfaces/share/mmwave_radar_interfaces/cmake/mmwave_radar_interfaces__rosidl_typesupport_introspection_cppExport-noconfig.cmake
[37.714s] -- Installing: /home/airl-radar/ros2_radar_ws/install/mmwave_radar_interfaces/share/mmwave_radar_interfaces/cmake/mmwave_radar_interfaces__rosidl_typesupport_cppExport.cmake
[37.716s] -- Installing: /home/airl-radar/ros2_radar_ws/install/mmwave_radar_interfaces/share/mmwave_radar_interfaces/cmake/mmwave_radar_interfaces__rosidl_typesupport_cppExport-noconfig.cmake
[37.717s] -- Installing: /home/airl-radar/ros2_radar_ws/install/mmwave_radar_interfaces/share/mmwave_radar_interfaces/cmake/export_mmwave_radar_interfaces__rosidl_generator_pyExport.cmake
[37.719s] -- Installing: /home/airl-radar/ros2_radar_ws/install/mmwave_radar_interfaces/share/mmwave_radar_interfaces/cmake/export_mmwave_radar_interfaces__rosidl_generator_pyExport-noconfig.cmake
[37.727s] Invoked command in '/home/airl-radar/ros2_radar_ws/build/mmwave_radar_interfaces' returned '0': PS1=(radar_env) \[\e]0;\u@\h: \w\a\]${debian_chroot:+($debian_chroot)}\[\033[01;32m\]\u@\h\[\033[00m\]:\[\033[01;34m\]\w\[\033[00m\]\$ VIRTUAL_ENV_PROMPT=(radar_env) /usr/bin/cmake --install /home/airl-radar/ros2_radar_ws/build/mmwave_radar_interfaces
