[0.444s] DEBUG:colcon:Command line arguments: ['/usr/bin/colcon', 'build', '--packages-select', 'mmwave_radar_driver', '--symlink-install']
[0.444s] DEBUG:colcon:Parsed command line arguments: Namespace(log_base=None, log_level=None, verb_name='build', build_base='build', install_base='install', merge_install=False, symlink_install=True, test_result_base=None, continue_on_error=False, executor='parallel', parallel_workers=4, event_handlers=None, ignore_user_meta=False, metas=['./colcon.meta'], base_paths=['.'], packages_ignore=None, packages_ignore_regex=None, paths=None, packages_up_to=None, packages_up_to_regex=None, packages_above=None, packages_above_and_dependencies=None, packages_above_depth=None, packages_select_by_dep=None, packages_skip_by_dep=None, packages_skip_up_to=None, packages_select_build_failed=False, packages_skip_build_finished=False, packages_select_test_failures=False, packages_skip_test_passed=False, packages_select=['mmwave_radar_driver'], packages_skip=None, packages_select_regex=None, packages_skip_regex=None, packages_start=None, packages_end=None, allow_overriding=[], cmake_args=None, cmake_target=None, cmake_target_skip_unavailable=False, cmake_clean_cache=False, cmake_clean_first=False, cmake_force_configure=False, ament_cmake_args=None, catkin_cmake_args=None, catkin_skip_building_tests=False, verb_parser=<colcon_defaults.argument_parser.defaults.DefaultArgumentsDecorator object at 0xffffb894b4f0>, verb_extension=<colcon_core.verb.build.BuildVerb object at 0xffffb8b38880>, main=<bound method BuildVerb.main of <colcon_core.verb.build.BuildVerb object at 0xffffb8b38880>>)
[1.231s] Level 1:colcon.colcon_core.package_discovery:discover_packages(colcon_meta) check parameters
[1.231s] Level 1:colcon.colcon_core.package_discovery:discover_packages(recursive) check parameters
[1.231s] Level 1:colcon.colcon_core.package_discovery:discover_packages(ignore) check parameters
[1.231s] Level 1:colcon.colcon_core.package_discovery:discover_packages(path) check parameters
[1.232s] Level 1:colcon.colcon_core.package_discovery:discover_packages(colcon_meta) discover
[1.232s] Level 1:colcon.colcon_core.package_discovery:discover_packages(recursive) discover
[1.232s] INFO:colcon.colcon_core.package_discovery:Crawling recursively for packages in '/home/airl-radar/ros2_radar_ws/src'
[1.233s] Level 1:colcon.colcon_core.package_identification:_identify(.) by extensions ['ignore', 'ignore_ament_install']
[1.233s] Level 1:colcon.colcon_core.package_identification:_identify(.) by extension 'ignore'
[1.233s] Level 1:colcon.colcon_core.package_identification:_identify(.) by extension 'ignore_ament_install'
[1.234s] Level 1:colcon.colcon_core.package_identification:_identify(.) by extensions ['colcon_pkg']
[1.234s] Level 1:colcon.colcon_core.package_identification:_identify(.) by extension 'colcon_pkg'
[1.234s] Level 1:colcon.colcon_core.package_identification:_identify(.) by extensions ['colcon_meta']
[1.234s] Level 1:colcon.colcon_core.package_identification:_identify(.) by extension 'colcon_meta'
[1.234s] Level 1:colcon.colcon_core.package_identification:_identify(.) by extensions ['ros']
[1.234s] Level 1:colcon.colcon_core.package_identification:_identify(.) by extension 'ros'
[1.281s] Level 1:colcon.colcon_core.package_identification:_identify(.) by extensions ['cmake', 'python']
[1.281s] Level 1:colcon.colcon_core.package_identification:_identify(.) by extension 'cmake'
[1.281s] Level 1:colcon.colcon_core.package_identification:_identify(.) by extension 'python'
[1.282s] Level 1:colcon.colcon_core.package_identification:_identify(.) by extensions ['python_setup_py']
[1.282s] Level 1:colcon.colcon_core.package_identification:_identify(.) by extension 'python_setup_py'
[1.282s] Level 1:colcon.colcon_core.package_identification:_identify(build) by extensions ['ignore', 'ignore_ament_install']
[1.283s] Level 1:colcon.colcon_core.package_identification:_identify(build) by extension 'ignore'
[1.283s] Level 1:colcon.colcon_core.package_identification:_identify(build) ignored
[1.284s] Level 1:colcon.colcon_core.package_identification:_identify(install) by extensions ['ignore', 'ignore_ament_install']
[1.284s] Level 1:colcon.colcon_core.package_identification:_identify(install) by extension 'ignore'
[1.284s] Level 1:colcon.colcon_core.package_identification:_identify(install) ignored
[1.285s] Level 1:colcon.colcon_core.package_identification:_identify(log) by extensions ['ignore', 'ignore_ament_install']
[1.285s] Level 1:colcon.colcon_core.package_identification:_identify(log) by extension 'ignore'
[1.285s] Level 1:colcon.colcon_core.package_identification:_identify(log) ignored
[1.286s] Level 1:colcon.colcon_core.package_identification:_identify(mmwave_radar_driver) by extensions ['ignore', 'ignore_ament_install']
[1.286s] Level 1:colcon.colcon_core.package_identification:_identify(mmwave_radar_driver) by extension 'ignore'
[1.286s] Level 1:colcon.colcon_core.package_identification:_identify(mmwave_radar_driver) by extension 'ignore_ament_install'
[1.287s] Level 1:colcon.colcon_core.package_identification:_identify(mmwave_radar_driver) by extensions ['colcon_pkg']
[1.287s] Level 1:colcon.colcon_core.package_identification:_identify(mmwave_radar_driver) by extension 'colcon_pkg'
[1.287s] Level 1:colcon.colcon_core.package_identification:_identify(mmwave_radar_driver) by extensions ['colcon_meta']
[1.287s] Level 1:colcon.colcon_core.package_identification:_identify(mmwave_radar_driver) by extension 'colcon_meta'
[1.287s] Level 1:colcon.colcon_core.package_identification:_identify(mmwave_radar_driver) by extensions ['ros']
[1.287s] Level 1:colcon.colcon_core.package_identification:_identify(mmwave_radar_driver) by extension 'ros'
[1.297s] DEBUG:colcon.colcon_core.package_identification:Package 'mmwave_radar_driver' with type 'ros.ament_python' and name 'mmwave_radar_driver'
[1.298s] Level 1:colcon.colcon_core.package_identification:_identify(usb_cam_tuner) by extensions ['ignore', 'ignore_ament_install']
[1.298s] Level 1:colcon.colcon_core.package_identification:_identify(usb_cam_tuner) by extension 'ignore'
[1.299s] Level 1:colcon.colcon_core.package_identification:_identify(usb_cam_tuner) by extension 'ignore_ament_install'
[1.299s] Level 1:colcon.colcon_core.package_identification:_identify(usb_cam_tuner) by extensions ['colcon_pkg']
[1.299s] Level 1:colcon.colcon_core.package_identification:_identify(usb_cam_tuner) by extension 'colcon_pkg'
[1.299s] Level 1:colcon.colcon_core.package_identification:_identify(usb_cam_tuner) by extensions ['colcon_meta']
[1.299s] Level 1:colcon.colcon_core.package_identification:_identify(usb_cam_tuner) by extension 'colcon_meta'
[1.300s] Level 1:colcon.colcon_core.package_identification:_identify(usb_cam_tuner) by extensions ['ros']
[1.300s] Level 1:colcon.colcon_core.package_identification:_identify(usb_cam_tuner) by extension 'ros'
[1.303s] DEBUG:colcon.colcon_core.package_identification:Package 'usb_cam_tuner' with type 'ros.ament_python' and name 'usb_cam_tuner'
[1.303s] Level 1:colcon.colcon_core.package_discovery:discover_packages(recursive) using defaults
[1.304s] Level 1:colcon.colcon_core.package_discovery:discover_packages(ignore) discover
[1.304s] Level 1:colcon.colcon_core.package_discovery:discover_packages(ignore) using defaults
[1.304s] Level 1:colcon.colcon_core.package_discovery:discover_packages(path) discover
[1.304s] Level 1:colcon.colcon_core.package_discovery:discover_packages(path) using defaults
[1.423s] INFO:colcon.colcon_core.package_selection:Skipping not selected package 'usb_cam_tuner' in 'usb_cam_tuner'
[1.425s] Level 1:colcon.colcon_core.package_discovery:discover_packages(prefix_path) check parameters
[1.425s] Level 1:colcon.colcon_core.package_discovery:discover_packages(prefix_path) discover
[1.439s] DEBUG:colcon.colcon_installed_package_information.package_discovery:Found 280 installed packages in /opt/ros/humble
[1.446s] Level 1:colcon.colcon_core.package_discovery:discover_packages(prefix_path) using defaults
[1.616s] Level 5:colcon.colcon_core.verb:set package 'mmwave_radar_driver' build argument 'cmake_args' from command line to 'None'
[1.616s] Level 5:colcon.colcon_core.verb:set package 'mmwave_radar_driver' build argument 'cmake_target' from command line to 'None'
[1.616s] Level 5:colcon.colcon_core.verb:set package 'mmwave_radar_driver' build argument 'cmake_target_skip_unavailable' from command line to 'False'
[1.616s] Level 5:colcon.colcon_core.verb:set package 'mmwave_radar_driver' build argument 'cmake_clean_cache' from command line to 'False'
[1.616s] Level 5:colcon.colcon_core.verb:set package 'mmwave_radar_driver' build argument 'cmake_clean_first' from command line to 'False'
[1.616s] Level 5:colcon.colcon_core.verb:set package 'mmwave_radar_driver' build argument 'cmake_force_configure' from command line to 'False'
[1.617s] Level 5:colcon.colcon_core.verb:set package 'mmwave_radar_driver' build argument 'ament_cmake_args' from command line to 'None'
[1.617s] Level 5:colcon.colcon_core.verb:set package 'mmwave_radar_driver' build argument 'catkin_cmake_args' from command line to 'None'
[1.617s] Level 5:colcon.colcon_core.verb:set package 'mmwave_radar_driver' build argument 'catkin_skip_building_tests' from command line to 'False'
[1.617s] DEBUG:colcon.colcon_core.verb:Building package 'mmwave_radar_driver' with the following arguments: {'ament_cmake_args': None, 'build_base': '/home/airl-radar/ros2_radar_ws/src/build/mmwave_radar_driver', 'catkin_cmake_args': None, 'catkin_skip_building_tests': False, 'cmake_args': None, 'cmake_clean_cache': False, 'cmake_clean_first': False, 'cmake_force_configure': False, 'cmake_target': None, 'cmake_target_skip_unavailable': False, 'install_base': '/home/airl-radar/ros2_radar_ws/src/install/mmwave_radar_driver', 'merge_install': False, 'path': '/home/airl-radar/ros2_radar_ws/src/mmwave_radar_driver', 'symlink_install': True, 'test_result_base': None}
[1.618s] INFO:colcon.colcon_core.executor:Executing jobs using 'parallel' executor
[1.621s] DEBUG:colcon.colcon_parallel_executor.executor.parallel:run_until_complete
[1.622s] INFO:colcon.colcon_ros.task.ament_python.build:Building ROS package in '/home/airl-radar/ros2_radar_ws/src/mmwave_radar_driver' with build type 'ament_python'
[1.623s] Level 1:colcon.colcon_core.shell:create_environment_hook('mmwave_radar_driver', 'ament_prefix_path')
[1.631s] INFO:colcon.colcon_core.plugin_system:Skipping extension 'colcon_core.shell.bat': Not used on non-Windows systems
[1.632s] INFO:colcon.colcon_core.shell:Creating environment hook '/home/airl-radar/ros2_radar_ws/src/install/mmwave_radar_driver/share/mmwave_radar_driver/hook/ament_prefix_path.ps1'
[1.635s] INFO:colcon.colcon_core.shell:Creating environment descriptor '/home/airl-radar/ros2_radar_ws/src/install/mmwave_radar_driver/share/mmwave_radar_driver/hook/ament_prefix_path.dsv'
[1.639s] INFO:colcon.colcon_core.shell:Creating environment hook '/home/airl-radar/ros2_radar_ws/src/install/mmwave_radar_driver/share/mmwave_radar_driver/hook/ament_prefix_path.sh'
[1.643s] INFO:colcon.colcon_core.shell:Skip shell extension 'powershell' for command environment: Not usable outside of PowerShell
[1.643s] DEBUG:colcon.colcon_core.shell:Skip shell extension 'dsv' for command environment
[2.815s] INFO:colcon.colcon_core.task.python.build:Building Python package in '/home/airl-radar/ros2_radar_ws/src/mmwave_radar_driver'
[2.816s] INFO:colcon.colcon_core.shell:Skip shell extension 'powershell' for command environment: Not usable outside of PowerShell
[2.816s] DEBUG:colcon.colcon_core.shell:Skip shell extension 'dsv' for command environment
[4.329s] DEBUG:colcon.colcon_core.event_handler.log_command:Invoking command in '/home/airl-radar/ros2_radar_ws/src/build/mmwave_radar_driver': PS1=(radar_env) \[\e]0;\u@\h: \w\a\]${debian_chroot:+($debian_chroot)}\[\033[01;32m\]\u@\h\[\033[00m\]:\[\033[01;34m\]\w\[\033[00m\]\$ PYTHONPATH=/home/airl-radar/ros2_radar_ws/src/build/mmwave_radar_driver/prefix_override:/usr/lib/python3/dist-packages/colcon_core/task/python/colcon_distutils_commands:/home/airl-radar/ros2_radar_ws/src/install/mmwave_radar_driver/lib/python3.10/site-packages:${PYTHONPATH} VIRTUAL_ENV_PROMPT=(radar_env) /usr/bin/python3 -W ignore:setup.py install is deprecated -W ignore:easy_install command is deprecated setup.py develop --editable --build-directory /home/airl-radar/ros2_radar_ws/src/build/mmwave_radar_driver/build --no-deps symlink_data
[6.425s] Level 1:colcon.colcon_core.shell:create_environment_hook('mmwave_radar_driver', 'pythonpath_develop')
[6.426s] INFO:colcon.colcon_core.shell:Creating environment hook '/home/airl-radar/ros2_radar_ws/src/build/mmwave_radar_driver/share/mmwave_radar_driver/hook/pythonpath_develop.ps1'
[6.427s] DEBUG:colcon.colcon_core.event_handler.log_command:Invoked command in '/home/airl-radar/ros2_radar_ws/src/build/mmwave_radar_driver' returned '0': PS1=(radar_env) \[\e]0;\u@\h: \w\a\]${debian_chroot:+($debian_chroot)}\[\033[01;32m\]\u@\h\[\033[00m\]:\[\033[01;34m\]\w\[\033[00m\]\$ PYTHONPATH=/home/airl-radar/ros2_radar_ws/src/build/mmwave_radar_driver/prefix_override:/usr/lib/python3/dist-packages/colcon_core/task/python/colcon_distutils_commands:/home/airl-radar/ros2_radar_ws/src/install/mmwave_radar_driver/lib/python3.10/site-packages:${PYTHONPATH} VIRTUAL_ENV_PROMPT=(radar_env) /usr/bin/python3 -W ignore:setup.py install is deprecated -W ignore:easy_install command is deprecated setup.py develop --editable --build-directory /home/airl-radar/ros2_radar_ws/src/build/mmwave_radar_driver/build --no-deps symlink_data
[6.430s] INFO:colcon.colcon_core.shell:Creating environment descriptor '/home/airl-radar/ros2_radar_ws/src/build/mmwave_radar_driver/share/mmwave_radar_driver/hook/pythonpath_develop.dsv'
[6.432s] INFO:colcon.colcon_core.shell:Creating environment hook '/home/airl-radar/ros2_radar_ws/src/build/mmwave_radar_driver/share/mmwave_radar_driver/hook/pythonpath_develop.sh'
[6.448s] Level 1:colcon.colcon_core.environment:checking '/home/airl-radar/ros2_radar_ws/src/install/mmwave_radar_driver' for CMake module files
[6.451s] Level 1:colcon.colcon_core.environment:checking '/home/airl-radar/ros2_radar_ws/src/install/mmwave_radar_driver' for CMake config files
[6.454s] Level 1:colcon.colcon_core.environment:checking '/home/airl-radar/ros2_radar_ws/src/install/mmwave_radar_driver/lib'
[6.455s] Level 1:colcon.colcon_core.environment:checking '/home/airl-radar/ros2_radar_ws/src/install/mmwave_radar_driver/bin'
[6.455s] Level 1:colcon.colcon_core.environment:checking '/home/airl-radar/ros2_radar_ws/src/install/mmwave_radar_driver/lib/pkgconfig/mmwave_radar_driver.pc'
[6.457s] Level 1:colcon.colcon_core.environment:checking '/home/airl-radar/ros2_radar_ws/src/install/mmwave_radar_driver/lib/python3.10/site-packages'
[6.457s] Level 1:colcon.colcon_core.shell:create_environment_hook('mmwave_radar_driver', 'pythonpath')
[6.458s] INFO:colcon.colcon_core.shell:Creating environment hook '/home/airl-radar/ros2_radar_ws/src/install/mmwave_radar_driver/share/mmwave_radar_driver/hook/pythonpath.ps1'
[6.460s] INFO:colcon.colcon_core.shell:Creating environment descriptor '/home/airl-radar/ros2_radar_ws/src/install/mmwave_radar_driver/share/mmwave_radar_driver/hook/pythonpath.dsv'
[6.462s] INFO:colcon.colcon_core.shell:Creating environment hook '/home/airl-radar/ros2_radar_ws/src/install/mmwave_radar_driver/share/mmwave_radar_driver/hook/pythonpath.sh'
[6.465s] Level 1:colcon.colcon_core.environment:checking '/home/airl-radar/ros2_radar_ws/src/install/mmwave_radar_driver/bin'
[6.466s] Level 1:colcon.colcon_core.environment:create_environment_scripts_only(mmwave_radar_driver)
[6.467s] INFO:colcon.colcon_core.shell:Creating package script '/home/airl-radar/ros2_radar_ws/src/install/mmwave_radar_driver/share/mmwave_radar_driver/package.ps1'
[6.471s] INFO:colcon.colcon_core.shell:Creating package descriptor '/home/airl-radar/ros2_radar_ws/src/install/mmwave_radar_driver/share/mmwave_radar_driver/package.dsv'
[6.474s] INFO:colcon.colcon_core.shell:Creating package script '/home/airl-radar/ros2_radar_ws/src/install/mmwave_radar_driver/share/mmwave_radar_driver/package.sh'
[6.479s] INFO:colcon.colcon_core.shell:Creating package script '/home/airl-radar/ros2_radar_ws/src/install/mmwave_radar_driver/share/mmwave_radar_driver/package.bash'
[6.482s] INFO:colcon.colcon_core.shell:Creating package script '/home/airl-radar/ros2_radar_ws/src/install/mmwave_radar_driver/share/mmwave_radar_driver/package.zsh'
[6.486s] Level 1:colcon.colcon_core.environment:create_file_with_runtime_dependencies(/home/airl-radar/ros2_radar_ws/src/install/mmwave_radar_driver/share/colcon-core/packages/mmwave_radar_driver)
[6.488s] DEBUG:colcon.colcon_parallel_executor.executor.parallel:closing loop
[6.489s] DEBUG:colcon.colcon_parallel_executor.executor.parallel:loop closed
[6.489s] DEBUG:colcon.colcon_parallel_executor.executor.parallel:run_until_complete finished with '0'
[6.490s] DEBUG:colcon.colcon_core.event_reactor:joining thread
[6.521s] INFO:colcon.colcon_core.plugin_system:Skipping extension 'colcon_notification.desktop_notification.terminal_notifier': Not used on non-Darwin systems
[6.522s] INFO:colcon.colcon_core.plugin_system:Skipping extension 'colcon_notification.desktop_notification.win32': Not used on non-Windows systems
[6.522s] INFO:colcon.colcon_notification.desktop_notification:Sending desktop notification using 'notify2'
[6.582s] DEBUG:colcon.colcon_core.event_reactor:joined thread
[6.584s] INFO:colcon.colcon_core.shell:Creating prefix script '/home/airl-radar/ros2_radar_ws/src/install/local_setup.ps1'
[6.590s] INFO:colcon.colcon_core.shell:Creating prefix util module '/home/airl-radar/ros2_radar_ws/src/install/_local_setup_util_ps1.py'
[6.600s] INFO:colcon.colcon_core.shell:Creating prefix chain script '/home/airl-radar/ros2_radar_ws/src/install/setup.ps1'
[6.607s] INFO:colcon.colcon_core.shell:Creating prefix script '/home/airl-radar/ros2_radar_ws/src/install/local_setup.sh'
[6.611s] INFO:colcon.colcon_core.shell:Creating prefix util module '/home/airl-radar/ros2_radar_ws/src/install/_local_setup_util_sh.py'
[6.616s] INFO:colcon.colcon_core.shell:Creating prefix chain script '/home/airl-radar/ros2_radar_ws/src/install/setup.sh'
[6.622s] INFO:colcon.colcon_core.shell:Creating prefix script '/home/airl-radar/ros2_radar_ws/src/install/local_setup.bash'
[6.626s] INFO:colcon.colcon_core.shell:Creating prefix chain script '/home/airl-radar/ros2_radar_ws/src/install/setup.bash'
[6.633s] INFO:colcon.colcon_core.shell:Creating prefix script '/home/airl-radar/ros2_radar_ws/src/install/local_setup.zsh'
[6.637s] INFO:colcon.colcon_core.shell:Creating prefix chain script '/home/airl-radar/ros2_radar_ws/src/install/setup.zsh'
