[4.208s] Invoking command in '/home/airl-radar/ros2_radar_ws/src/usb_cam_tuner': PS1=(radar_env) \[\e]0;\u@\h: \w\a\]${debian_chroot:+($debian_chroot)}\[\033[01;32m\]\u@\h\[\033[00m\]:\[\033[01;34m\]\w\[\033[00m\]\$ PYTHONPATH=/home/airl-radar/ros2_radar_ws/src/build/usb_cam_tuner/prefix_override:/usr/lib/python3/dist-packages/colcon_core/task/python/colcon_distutils_commands:/home/airl-radar/ros2_radar_ws/src/install/usb_cam_tuner/lib/python3.10/site-packages:${PYTHONPATH} VIRTUAL_ENV_PROMPT=(radar_env) /usr/bin/python3 -W ignore:setup.py install is deprecated -W ignore:easy_install command is deprecated setup.py egg_info --egg-base ../build/usb_cam_tuner build --build-base /home/airl-radar/ros2_radar_ws/src/build/usb_cam_tuner/build install --record /home/airl-radar/ros2_radar_ws/src/build/usb_cam_tuner/install.log --single-version-externally-managed install_data
[5.591s] running egg_info
[5.595s] creating ../build/usb_cam_tuner/usb_cam_tuner.egg-info
[5.596s] writing ../build/usb_cam_tuner/usb_cam_tuner.egg-info/PKG-INFO
[5.602s] writing dependency_links to ../build/usb_cam_tuner/usb_cam_tuner.egg-info/dependency_links.txt
[5.605s] writing entry points to ../build/usb_cam_tuner/usb_cam_tuner.egg-info/entry_points.txt
[5.608s] writing requirements to ../build/usb_cam_tuner/usb_cam_tuner.egg-info/requires.txt
[5.624s] writing top-level names to ../build/usb_cam_tuner/usb_cam_tuner.egg-info/top_level.txt
[5.631s] writing manifest file '../build/usb_cam_tuner/usb_cam_tuner.egg-info/SOURCES.txt'
[5.643s] reading manifest file '../build/usb_cam_tuner/usb_cam_tuner.egg-info/SOURCES.txt'
[5.651s] writing manifest file '../build/usb_cam_tuner/usb_cam_tuner.egg-info/SOURCES.txt'
[5.654s] running build
[5.655s] running build_py
[5.658s] creating /home/airl-radar/ros2_radar_ws/src/build/usb_cam_tuner/build
[5.661s] creating /home/airl-radar/ros2_radar_ws/src/build/usb_cam_tuner/build/lib
[5.662s] creating /home/airl-radar/ros2_radar_ws/src/build/usb_cam_tuner/build/lib/usb_cam_tuner
[5.663s] copying usb_cam_tuner/tuner_node.py -> /home/airl-radar/ros2_radar_ws/src/build/usb_cam_tuner/build/lib/usb_cam_tuner
[5.667s] copying usb_cam_tuner/__init__.py -> /home/airl-radar/ros2_radar_ws/src/build/usb_cam_tuner/build/lib/usb_cam_tuner
[5.670s] running install
[5.673s] running install_lib
[5.675s] creating /home/airl-radar/ros2_radar_ws/src/install/usb_cam_tuner/lib/python3.10/site-packages/usb_cam_tuner
[5.679s] copying /home/airl-radar/ros2_radar_ws/src/build/usb_cam_tuner/build/lib/usb_cam_tuner/tuner_node.py -> /home/airl-radar/ros2_radar_ws/src/install/usb_cam_tuner/lib/python3.10/site-packages/usb_cam_tuner
[5.681s] copying /home/airl-radar/ros2_radar_ws/src/build/usb_cam_tuner/build/lib/usb_cam_tuner/__init__.py -> /home/airl-radar/ros2_radar_ws/src/install/usb_cam_tuner/lib/python3.10/site-packages/usb_cam_tuner
[5.684s] byte-compiling /home/airl-radar/ros2_radar_ws/src/install/usb_cam_tuner/lib/python3.10/site-packages/usb_cam_tuner/tuner_node.py to tuner_node.cpython-310.pyc
[5.686s] byte-compiling /home/airl-radar/ros2_radar_ws/src/install/usb_cam_tuner/lib/python3.10/site-packages/usb_cam_tuner/__init__.py to __init__.cpython-310.pyc
[5.689s] running install_data
[5.691s] creating /home/airl-radar/ros2_radar_ws/src/install/usb_cam_tuner/share/ament_index
[5.694s] creating /home/airl-radar/ros2_radar_ws/src/install/usb_cam_tuner/share/ament_index/resource_index
[5.696s] creating /home/airl-radar/ros2_radar_ws/src/install/usb_cam_tuner/share/ament_index/resource_index/packages
[5.699s] copying resource/usb_cam_tuner -> /home/airl-radar/ros2_radar_ws/src/install/usb_cam_tuner/share/ament_index/resource_index/packages
[5.704s] copying package.xml -> /home/airl-radar/ros2_radar_ws/src/install/usb_cam_tuner/share/usb_cam_tuner
[5.707s] creating /home/airl-radar/ros2_radar_ws/src/install/usb_cam_tuner/share/usb_cam_tuner/launch
[5.709s] copying launch/usb_cam_tuner.launch.py -> /home/airl-radar/ros2_radar_ws/src/install/usb_cam_tuner/share/usb_cam_tuner/launch
[5.711s] copying launch/rpi_cam_input.launch.py -> /home/airl-radar/ros2_radar_ws/src/install/usb_cam_tuner/share/usb_cam_tuner/launch
[5.714s] running install_egg_info
[5.719s] Copying ../build/usb_cam_tuner/usb_cam_tuner.egg-info to /home/airl-radar/ros2_radar_ws/src/install/usb_cam_tuner/lib/python3.10/site-packages/usb_cam_tuner-0.0.0-py3.10.egg-info
[5.721s] running install_scripts
[5.811s] Installing tuner_node script to /home/airl-radar/ros2_radar_ws/src/install/usb_cam_tuner/lib/usb_cam_tuner
[5.817s] writing list of installed files to '/home/airl-radar/ros2_radar_ws/src/build/usb_cam_tuner/install.log'
[5.993s] Invoked command in '/home/airl-radar/ros2_radar_ws/src/usb_cam_tuner' returned '0': PS1=(radar_env) \[\e]0;\u@\h: \w\a\]${debian_chroot:+($debian_chroot)}\[\033[01;32m\]\u@\h\[\033[00m\]:\[\033[01;34m\]\w\[\033[00m\]\$ PYTHONPATH=/home/airl-radar/ros2_radar_ws/src/build/usb_cam_tuner/prefix_override:/usr/lib/python3/dist-packages/colcon_core/task/python/colcon_distutils_commands:/home/airl-radar/ros2_radar_ws/src/install/usb_cam_tuner/lib/python3.10/site-packages:${PYTHONPATH} VIRTUAL_ENV_PROMPT=(radar_env) /usr/bin/python3 -W ignore:setup.py install is deprecated -W ignore:easy_install command is deprecated setup.py egg_info --egg-base ../build/usb_cam_tuner build --build-base /home/airl-radar/ros2_radar_ws/src/build/usb_cam_tuner/build install --record /home/airl-radar/ros2_radar_ws/src/build/usb_cam_tuner/install.log --single-version-externally-managed install_data
