[0.445s] DEBUG:colcon:Command line arguments: ['/usr/bin/colcon', 'build', '--symlink-install']
[0.446s] DEBUG:colcon:Parsed command line arguments: Namespace(log_base=None, log_level=None, verb_name='build', build_base='build', install_base='install', merge_install=False, symlink_install=True, test_result_base=None, continue_on_error=False, executor='parallel', parallel_workers=4, event_handlers=None, ignore_user_meta=False, metas=['./colcon.meta'], base_paths=['.'], packages_ignore=None, packages_ignore_regex=None, paths=None, packages_up_to=None, packages_up_to_regex=None, packages_above=None, packages_above_and_dependencies=None, packages_above_depth=None, packages_select_by_dep=None, packages_skip_by_dep=None, packages_skip_up_to=None, packages_select_build_failed=False, packages_skip_build_finished=False, packages_select_test_failures=False, packages_skip_test_passed=False, packages_select=None, packages_skip=None, packages_select_regex=None, packages_skip_regex=None, packages_start=None, packages_end=None, allow_overriding=[], cmake_args=None, cmake_target=None, cmake_target_skip_unavailable=False, cmake_clean_cache=False, cmake_clean_first=False, cmake_force_configure=False, ament_cmake_args=None, catkin_cmake_args=None, catkin_skip_building_tests=False, verb_parser=<colcon_defaults.argument_parser.defaults.DefaultArgumentsDecorator object at 0xffff80e0c820>, verb_extension=<colcon_core.verb.build.BuildVerb object at 0xffff80fc9c90>, main=<bound method BuildVerb.main of <colcon_core.verb.build.BuildVerb object at 0xffff80fc9c90>>)
[1.334s] Level 1:colcon.colcon_core.package_discovery:discover_packages(colcon_meta) check parameters
[1.334s] Level 1:colcon.colcon_core.package_discovery:discover_packages(recursive) check parameters
[1.334s] Level 1:colcon.colcon_core.package_discovery:discover_packages(ignore) check parameters
[1.334s] Level 1:colcon.colcon_core.package_discovery:discover_packages(path) check parameters
[1.335s] Level 1:colcon.colcon_core.package_discovery:discover_packages(colcon_meta) discover
[1.335s] Level 1:colcon.colcon_core.package_discovery:discover_packages(recursive) discover
[1.335s] INFO:colcon.colcon_core.package_discovery:Crawling recursively for packages in '/home/airl-radar/ros2_radar_ws'
[1.335s] Level 1:colcon.colcon_core.package_identification:_identify(.) by extensions ['ignore', 'ignore_ament_install']
[1.336s] Level 1:colcon.colcon_core.package_identification:_identify(.) by extension 'ignore'
[1.336s] Level 1:colcon.colcon_core.package_identification:_identify(.) by extension 'ignore_ament_install'
[1.336s] Level 1:colcon.colcon_core.package_identification:_identify(.) by extensions ['colcon_pkg']
[1.336s] Level 1:colcon.colcon_core.package_identification:_identify(.) by extension 'colcon_pkg'
[1.336s] Level 1:colcon.colcon_core.package_identification:_identify(.) by extensions ['colcon_meta']
[1.337s] Level 1:colcon.colcon_core.package_identification:_identify(.) by extension 'colcon_meta'
[1.337s] Level 1:colcon.colcon_core.package_identification:_identify(.) by extensions ['ros']
[1.337s] Level 1:colcon.colcon_core.package_identification:_identify(.) by extension 'ros'
[1.465s] Level 1:colcon.colcon_core.package_identification:_identify(.) by extensions ['cmake', 'python']
[1.465s] Level 1:colcon.colcon_core.package_identification:_identify(.) by extension 'cmake'
[1.465s] Level 1:colcon.colcon_core.package_identification:_identify(.) by extension 'python'
[1.466s] Level 1:colcon.colcon_core.package_identification:_identify(.) by extensions ['python_setup_py']
[1.466s] Level 1:colcon.colcon_core.package_identification:_identify(.) by extension 'python_setup_py'
[1.466s] Level 1:colcon.colcon_core.package_identification:_identify(build) by extensions ['ignore', 'ignore_ament_install']
[1.467s] Level 1:colcon.colcon_core.package_identification:_identify(build) by extension 'ignore'
[1.467s] Level 1:colcon.colcon_core.package_identification:_identify(build) ignored
[1.467s] Level 1:colcon.colcon_core.package_identification:_identify(install) by extensions ['ignore', 'ignore_ament_install']
[1.468s] Level 1:colcon.colcon_core.package_identification:_identify(install) by extension 'ignore'
[1.468s] Level 1:colcon.colcon_core.package_identification:_identify(install) ignored
[1.468s] Level 1:colcon.colcon_core.package_identification:_identify(log) by extensions ['ignore', 'ignore_ament_install']
[1.469s] Level 1:colcon.colcon_core.package_identification:_identify(log) by extension 'ignore'
[1.469s] Level 1:colcon.colcon_core.package_identification:_identify(log) ignored
[1.469s] Level 1:colcon.colcon_core.package_identification:_identify(src) by extensions ['ignore', 'ignore_ament_install']
[1.469s] Level 1:colcon.colcon_core.package_identification:_identify(src) by extension 'ignore'
[1.470s] Level 1:colcon.colcon_core.package_identification:_identify(src) by extension 'ignore_ament_install'
[1.470s] Level 1:colcon.colcon_core.package_identification:_identify(src) by extensions ['colcon_pkg']
[1.470s] Level 1:colcon.colcon_core.package_identification:_identify(src) by extension 'colcon_pkg'
[1.470s] Level 1:colcon.colcon_core.package_identification:_identify(src) by extensions ['colcon_meta']
[1.470s] Level 1:colcon.colcon_core.package_identification:_identify(src) by extension 'colcon_meta'
[1.470s] Level 1:colcon.colcon_core.package_identification:_identify(src) by extensions ['ros']
[1.470s] Level 1:colcon.colcon_core.package_identification:_identify(src) by extension 'ros'
[1.471s] Level 1:colcon.colcon_core.package_identification:_identify(src) by extensions ['cmake', 'python']
[1.471s] Level 1:colcon.colcon_core.package_identification:_identify(src) by extension 'cmake'
[1.471s] Level 1:colcon.colcon_core.package_identification:_identify(src) by extension 'python'
[1.471s] Level 1:colcon.colcon_core.package_identification:_identify(src) by extensions ['python_setup_py']
[1.471s] Level 1:colcon.colcon_core.package_identification:_identify(src) by extension 'python_setup_py'
[1.472s] Level 1:colcon.colcon_core.package_identification:_identify(src/build) by extensions ['ignore', 'ignore_ament_install']
[1.472s] Level 1:colcon.colcon_core.package_identification:_identify(src/build) by extension 'ignore'
[1.472s] Level 1:colcon.colcon_core.package_identification:_identify(src/build) ignored
[1.473s] Level 1:colcon.colcon_core.package_identification:_identify(src/install) by extensions ['ignore', 'ignore_ament_install']
[1.473s] Level 1:colcon.colcon_core.package_identification:_identify(src/install) by extension 'ignore'
[1.473s] Level 1:colcon.colcon_core.package_identification:_identify(src/install) ignored
[1.474s] Level 1:colcon.colcon_core.package_identification:_identify(src/log) by extensions ['ignore', 'ignore_ament_install']
[1.474s] Level 1:colcon.colcon_core.package_identification:_identify(src/log) by extension 'ignore'
[1.474s] Level 1:colcon.colcon_core.package_identification:_identify(src/log) ignored
[1.474s] Level 1:colcon.colcon_core.package_identification:_identify(src/mmwave_radar_driver) by extensions ['ignore', 'ignore_ament_install']
[1.475s] Level 1:colcon.colcon_core.package_identification:_identify(src/mmwave_radar_driver) by extension 'ignore'
[1.475s] Level 1:colcon.colcon_core.package_identification:_identify(src/mmwave_radar_driver) by extension 'ignore_ament_install'
[1.475s] Level 1:colcon.colcon_core.package_identification:_identify(src/mmwave_radar_driver) by extensions ['colcon_pkg']
[1.475s] Level 1:colcon.colcon_core.package_identification:_identify(src/mmwave_radar_driver) by extension 'colcon_pkg'
[1.475s] Level 1:colcon.colcon_core.package_identification:_identify(src/mmwave_radar_driver) by extensions ['colcon_meta']
[1.475s] Level 1:colcon.colcon_core.package_identification:_identify(src/mmwave_radar_driver) by extension 'colcon_meta'
[1.476s] Level 1:colcon.colcon_core.package_identification:_identify(src/mmwave_radar_driver) by extensions ['ros']
[1.476s] Level 1:colcon.colcon_core.package_identification:_identify(src/mmwave_radar_driver) by extension 'ros'
[1.487s] DEBUG:colcon.colcon_core.package_identification:Package 'src/mmwave_radar_driver' with type 'ros.ament_python' and name 'mmwave_radar_driver'
[1.487s] Level 1:colcon.colcon_core.package_identification:_identify(src/mmwave_radar_interfaces) by extensions ['ignore', 'ignore_ament_install']
[1.488s] Level 1:colcon.colcon_core.package_identification:_identify(src/mmwave_radar_interfaces) by extension 'ignore'
[1.488s] Level 1:colcon.colcon_core.package_identification:_identify(src/mmwave_radar_interfaces) by extension 'ignore_ament_install'
[1.488s] Level 1:colcon.colcon_core.package_identification:_identify(src/mmwave_radar_interfaces) by extensions ['colcon_pkg']
[1.489s] Level 1:colcon.colcon_core.package_identification:_identify(src/mmwave_radar_interfaces) by extension 'colcon_pkg'
[1.489s] Level 1:colcon.colcon_core.package_identification:_identify(src/mmwave_radar_interfaces) by extensions ['colcon_meta']
[1.489s] Level 1:colcon.colcon_core.package_identification:_identify(src/mmwave_radar_interfaces) by extension 'colcon_meta'
[1.489s] Level 1:colcon.colcon_core.package_identification:_identify(src/mmwave_radar_interfaces) by extensions ['ros']
[1.489s] Level 1:colcon.colcon_core.package_identification:_identify(src/mmwave_radar_interfaces) by extension 'ros'
[1.492s] DEBUG:colcon.colcon_core.package_identification:Package 'src/mmwave_radar_interfaces' with type 'ros.ament_cmake' and name 'mmwave_radar_interfaces'
[1.493s] Level 1:colcon.colcon_core.package_identification:_identify(src/usb_cam_tuner) by extensions ['ignore', 'ignore_ament_install']
[1.493s] Level 1:colcon.colcon_core.package_identification:_identify(src/usb_cam_tuner) by extension 'ignore'
[1.494s] Level 1:colcon.colcon_core.package_identification:_identify(src/usb_cam_tuner) by extension 'ignore_ament_install'
[1.494s] Level 1:colcon.colcon_core.package_identification:_identify(src/usb_cam_tuner) by extensions ['colcon_pkg']
[1.494s] Level 1:colcon.colcon_core.package_identification:_identify(src/usb_cam_tuner) by extension 'colcon_pkg'
[1.495s] Level 1:colcon.colcon_core.package_identification:_identify(src/usb_cam_tuner) by extensions ['colcon_meta']
[1.495s] Level 1:colcon.colcon_core.package_identification:_identify(src/usb_cam_tuner) by extension 'colcon_meta'
[1.495s] Level 1:colcon.colcon_core.package_identification:_identify(src/usb_cam_tuner) by extensions ['ros']
[1.495s] Level 1:colcon.colcon_core.package_identification:_identify(src/usb_cam_tuner) by extension 'ros'
[1.498s] DEBUG:colcon.colcon_core.package_identification:Package 'src/usb_cam_tuner' with type 'ros.ament_python' and name 'usb_cam_tuner'
[1.498s] Level 1:colcon.colcon_core.package_discovery:discover_packages(recursive) using defaults
[1.498s] Level 1:colcon.colcon_core.package_discovery:discover_packages(ignore) discover
[1.499s] Level 1:colcon.colcon_core.package_discovery:discover_packages(ignore) using defaults
[1.499s] Level 1:colcon.colcon_core.package_discovery:discover_packages(path) discover
[1.499s] Level 1:colcon.colcon_core.package_discovery:discover_packages(path) using defaults
[1.573s] Level 1:colcon.colcon_core.package_discovery:discover_packages(prefix_path) check parameters
[1.573s] Level 1:colcon.colcon_core.package_discovery:discover_packages(prefix_path) discover
[1.577s] WARNING:colcon.colcon_ros.prefix_path.ament:The path '/home/airl-radar/ros2_radar_ws/install/usb_cam_tuner' in the environment variable AMENT_PREFIX_PATH doesn't exist
[1.578s] WARNING:colcon.colcon_ros.prefix_path.ament:The path '/home/airl-radar/ros2_radar_ws/install/mmwave_radar_driver' in the environment variable AMENT_PREFIX_PATH doesn't exist
[1.578s] WARNING:colcon.colcon_ros.prefix_path.ament:The path '/home/airl-radar/ros2_radar_ws/install/mmwave_radar_interfaces' in the environment variable AMENT_PREFIX_PATH doesn't exist
[1.578s] WARNING:colcon.colcon_ros.prefix_path.catkin:The path '/home/airl-radar/ros2_radar_ws/install/mmwave_radar_interfaces' in the environment variable CMAKE_PREFIX_PATH doesn't exist
[1.581s] DEBUG:colcon.colcon_installed_package_information.package_discovery:Found 0 installed packages in /home/airl-radar/ros2_radar_ws/install
[1.590s] DEBUG:colcon.colcon_installed_package_information.package_discovery:Found 280 installed packages in /opt/ros/humble
[1.596s] Level 1:colcon.colcon_core.package_discovery:discover_packages(prefix_path) using defaults
[1.763s] Level 5:colcon.colcon_core.verb:set package 'mmwave_radar_interfaces' build argument 'cmake_args' from command line to 'None'
[1.763s] Level 5:colcon.colcon_core.verb:set package 'mmwave_radar_interfaces' build argument 'cmake_target' from command line to 'None'
[1.763s] Level 5:colcon.colcon_core.verb:set package 'mmwave_radar_interfaces' build argument 'cmake_target_skip_unavailable' from command line to 'False'
[1.763s] Level 5:colcon.colcon_core.verb:set package 'mmwave_radar_interfaces' build argument 'cmake_clean_cache' from command line to 'False'
[1.763s] Level 5:colcon.colcon_core.verb:set package 'mmwave_radar_interfaces' build argument 'cmake_clean_first' from command line to 'False'
[1.763s] Level 5:colcon.colcon_core.verb:set package 'mmwave_radar_interfaces' build argument 'cmake_force_configure' from command line to 'False'
[1.763s] Level 5:colcon.colcon_core.verb:set package 'mmwave_radar_interfaces' build argument 'ament_cmake_args' from command line to 'None'
[1.764s] Level 5:colcon.colcon_core.verb:set package 'mmwave_radar_interfaces' build argument 'catkin_cmake_args' from command line to 'None'
[1.764s] Level 5:colcon.colcon_core.verb:set package 'mmwave_radar_interfaces' build argument 'catkin_skip_building_tests' from command line to 'False'
[1.764s] DEBUG:colcon.colcon_core.verb:Building package 'mmwave_radar_interfaces' with the following arguments: {'ament_cmake_args': None, 'build_base': '/home/airl-radar/ros2_radar_ws/build/mmwave_radar_interfaces', 'catkin_cmake_args': None, 'catkin_skip_building_tests': False, 'cmake_args': None, 'cmake_clean_cache': False, 'cmake_clean_first': False, 'cmake_force_configure': False, 'cmake_target': None, 'cmake_target_skip_unavailable': False, 'install_base': '/home/airl-radar/ros2_radar_ws/install/mmwave_radar_interfaces', 'merge_install': False, 'path': '/home/airl-radar/ros2_radar_ws/src/mmwave_radar_interfaces', 'symlink_install': True, 'test_result_base': None}
[1.765s] Level 5:colcon.colcon_core.verb:set package 'usb_cam_tuner' build argument 'cmake_args' from command line to 'None'
[1.765s] Level 5:colcon.colcon_core.verb:set package 'usb_cam_tuner' build argument 'cmake_target' from command line to 'None'
[1.766s] Level 5:colcon.colcon_core.verb:set package 'usb_cam_tuner' build argument 'cmake_target_skip_unavailable' from command line to 'False'
[1.766s] Level 5:colcon.colcon_core.verb:set package 'usb_cam_tuner' build argument 'cmake_clean_cache' from command line to 'False'
[1.766s] Level 5:colcon.colcon_core.verb:set package 'usb_cam_tuner' build argument 'cmake_clean_first' from command line to 'False'
[1.766s] Level 5:colcon.colcon_core.verb:set package 'usb_cam_tuner' build argument 'cmake_force_configure' from command line to 'False'
[1.766s] Level 5:colcon.colcon_core.verb:set package 'usb_cam_tuner' build argument 'ament_cmake_args' from command line to 'None'
[1.766s] Level 5:colcon.colcon_core.verb:set package 'usb_cam_tuner' build argument 'catkin_cmake_args' from command line to 'None'
[1.766s] Level 5:colcon.colcon_core.verb:set package 'usb_cam_tuner' build argument 'catkin_skip_building_tests' from command line to 'False'
[1.766s] DEBUG:colcon.colcon_core.verb:Building package 'usb_cam_tuner' with the following arguments: {'ament_cmake_args': None, 'build_base': '/home/airl-radar/ros2_radar_ws/build/usb_cam_tuner', 'catkin_cmake_args': None, 'catkin_skip_building_tests': False, 'cmake_args': None, 'cmake_clean_cache': False, 'cmake_clean_first': False, 'cmake_force_configure': False, 'cmake_target': None, 'cmake_target_skip_unavailable': False, 'install_base': '/home/airl-radar/ros2_radar_ws/install/usb_cam_tuner', 'merge_install': False, 'path': '/home/airl-radar/ros2_radar_ws/src/usb_cam_tuner', 'symlink_install': True, 'test_result_base': None}
[1.768s] Level 5:colcon.colcon_core.verb:set package 'mmwave_radar_driver' build argument 'cmake_args' from command line to 'None'
[1.768s] Level 5:colcon.colcon_core.verb:set package 'mmwave_radar_driver' build argument 'cmake_target' from command line to 'None'
[1.768s] Level 5:colcon.colcon_core.verb:set package 'mmwave_radar_driver' build argument 'cmake_target_skip_unavailable' from command line to 'False'
[1.768s] Level 5:colcon.colcon_core.verb:set package 'mmwave_radar_driver' build argument 'cmake_clean_cache' from command line to 'False'
[1.768s] Level 5:colcon.colcon_core.verb:set package 'mmwave_radar_driver' build argument 'cmake_clean_first' from command line to 'False'
[1.768s] Level 5:colcon.colcon_core.verb:set package 'mmwave_radar_driver' build argument 'cmake_force_configure' from command line to 'False'
[1.768s] Level 5:colcon.colcon_core.verb:set package 'mmwave_radar_driver' build argument 'ament_cmake_args' from command line to 'None'
[1.768s] Level 5:colcon.colcon_core.verb:set package 'mmwave_radar_driver' build argument 'catkin_cmake_args' from command line to 'None'
[1.769s] Level 5:colcon.colcon_core.verb:set package 'mmwave_radar_driver' build argument 'catkin_skip_building_tests' from command line to 'False'
[1.769s] DEBUG:colcon.colcon_core.verb:Building package 'mmwave_radar_driver' with the following arguments: {'ament_cmake_args': None, 'build_base': '/home/airl-radar/ros2_radar_ws/build/mmwave_radar_driver', 'catkin_cmake_args': None, 'catkin_skip_building_tests': False, 'cmake_args': None, 'cmake_clean_cache': False, 'cmake_clean_first': False, 'cmake_force_configure': False, 'cmake_target': None, 'cmake_target_skip_unavailable': False, 'install_base': '/home/airl-radar/ros2_radar_ws/install/mmwave_radar_driver', 'merge_install': False, 'path': '/home/airl-radar/ros2_radar_ws/src/mmwave_radar_driver', 'symlink_install': True, 'test_result_base': None}
[1.769s] INFO:colcon.colcon_core.executor:Executing jobs using 'parallel' executor
[1.772s] DEBUG:colcon.colcon_parallel_executor.executor.parallel:run_until_complete
[1.774s] INFO:colcon.colcon_ros.task.ament_cmake.build:Building ROS package in '/home/airl-radar/ros2_radar_ws/src/mmwave_radar_interfaces' with build type 'ament_cmake'
[1.774s] INFO:colcon.colcon_cmake.task.cmake.build:Building CMake package in '/home/airl-radar/ros2_radar_ws/src/mmwave_radar_interfaces'
[1.782s] INFO:colcon.colcon_core.plugin_system:Skipping extension 'colcon_core.shell.bat': Not used on non-Windows systems
[1.783s] INFO:colcon.colcon_core.shell:Skip shell extension 'powershell' for command environment: Not usable outside of PowerShell
[1.784s] DEBUG:colcon.colcon_core.shell:Skip shell extension 'dsv' for command environment
[1.801s] INFO:colcon.colcon_ros.task.ament_python.build:Building ROS package in '/home/airl-radar/ros2_radar_ws/src/usb_cam_tuner' with build type 'ament_python'
[1.802s] Level 1:colcon.colcon_core.shell:create_environment_hook('usb_cam_tuner', 'ament_prefix_path')
[1.803s] INFO:colcon.colcon_core.shell:Creating environment hook '/home/airl-radar/ros2_radar_ws/install/usb_cam_tuner/share/usb_cam_tuner/hook/ament_prefix_path.ps1'
[1.806s] INFO:colcon.colcon_core.shell:Creating environment descriptor '/home/airl-radar/ros2_radar_ws/install/usb_cam_tuner/share/usb_cam_tuner/hook/ament_prefix_path.dsv'
[1.809s] INFO:colcon.colcon_core.shell:Creating environment hook '/home/airl-radar/ros2_radar_ws/install/usb_cam_tuner/share/usb_cam_tuner/hook/ament_prefix_path.sh'
[1.812s] INFO:colcon.colcon_core.shell:Skip shell extension 'powershell' for command environment: Not usable outside of PowerShell
[1.812s] DEBUG:colcon.colcon_core.shell:Skip shell extension 'dsv' for command environment
[1.838s] DEBUG:colcon.colcon_core.event_handler.log_command:Invoking command in '/home/airl-radar/ros2_radar_ws/build/mmwave_radar_interfaces': CMAKE_PREFIX_PATH=${CMAKE_PREFIX_PATH}:/home/airl-radar/ros2_radar_ws/install/usb_cam_tuner:/home/airl-radar/ros2_radar_ws/install/mmwave_radar_driver:/opt/ros/humble PS1=(radar_env) \[\e]0;\u@\h: \w\a\]${debian_chroot:+($debian_chroot)}\[\033[01;32m\]\u@\h\[\033[00m\]:\[\033[01;34m\]\w\[\033[00m\]\$ VIRTUAL_ENV_PROMPT=(radar_env) /usr/bin/cmake /home/airl-radar/ros2_radar_ws/src/mmwave_radar_interfaces -DAMENT_CMAKE_SYMLINK_INSTALL=1 -DCMAKE_INSTALL_PREFIX=/home/airl-radar/ros2_radar_ws/install/mmwave_radar_interfaces
[3.509s] INFO:colcon.colcon_core.task.python.build:Building Python package in '/home/airl-radar/ros2_radar_ws/src/usb_cam_tuner'
[3.511s] INFO:colcon.colcon_core.shell:Skip shell extension 'powershell' for command environment: Not usable outside of PowerShell
[3.512s] DEBUG:colcon.colcon_core.shell:Skip shell extension 'dsv' for command environment
[5.367s] DEBUG:colcon.colcon_core.event_handler.log_command:Invoking command in '/home/airl-radar/ros2_radar_ws/build/usb_cam_tuner': PS1=(radar_env) \[\e]0;\u@\h: \w\a\]${debian_chroot:+($debian_chroot)}\[\033[01;32m\]\u@\h\[\033[00m\]:\[\033[01;34m\]\w\[\033[00m\]\$ PYTHONPATH=/home/airl-radar/ros2_radar_ws/build/usb_cam_tuner/prefix_override:/usr/lib/python3/dist-packages/colcon_core/task/python/colcon_distutils_commands:/home/airl-radar/ros2_radar_ws/install/usb_cam_tuner/lib/python3.10/site-packages:${PYTHONPATH} VIRTUAL_ENV_PROMPT=(radar_env) /usr/bin/python3 -W ignore:setup.py install is deprecated -W ignore:easy_install command is deprecated setup.py develop --editable --build-directory /home/airl-radar/ros2_radar_ws/build/usb_cam_tuner/build --no-deps symlink_data
[8.208s] Level 1:colcon.colcon_core.shell:create_environment_hook('usb_cam_tuner', 'pythonpath_develop')
[8.209s] INFO:colcon.colcon_core.shell:Creating environment hook '/home/airl-radar/ros2_radar_ws/build/usb_cam_tuner/share/usb_cam_tuner/hook/pythonpath_develop.ps1'
[8.211s] DEBUG:colcon.colcon_core.event_handler.log_command:Invoked command in '/home/airl-radar/ros2_radar_ws/build/usb_cam_tuner' returned '0': PS1=(radar_env) \[\e]0;\u@\h: \w\a\]${debian_chroot:+($debian_chroot)}\[\033[01;32m\]\u@\h\[\033[00m\]:\[\033[01;34m\]\w\[\033[00m\]\$ PYTHONPATH=/home/airl-radar/ros2_radar_ws/build/usb_cam_tuner/prefix_override:/usr/lib/python3/dist-packages/colcon_core/task/python/colcon_distutils_commands:/home/airl-radar/ros2_radar_ws/install/usb_cam_tuner/lib/python3.10/site-packages:${PYTHONPATH} VIRTUAL_ENV_PROMPT=(radar_env) /usr/bin/python3 -W ignore:setup.py install is deprecated -W ignore:easy_install command is deprecated setup.py develop --editable --build-directory /home/airl-radar/ros2_radar_ws/build/usb_cam_tuner/build --no-deps symlink_data
[8.213s] INFO:colcon.colcon_core.shell:Creating environment descriptor '/home/airl-radar/ros2_radar_ws/build/usb_cam_tuner/share/usb_cam_tuner/hook/pythonpath_develop.dsv'
[8.215s] INFO:colcon.colcon_core.shell:Creating environment hook '/home/airl-radar/ros2_radar_ws/build/usb_cam_tuner/share/usb_cam_tuner/hook/pythonpath_develop.sh'
[8.229s] Level 1:colcon.colcon_core.environment:checking '/home/airl-radar/ros2_radar_ws/install/usb_cam_tuner' for CMake module files
[8.232s] Level 1:colcon.colcon_core.environment:checking '/home/airl-radar/ros2_radar_ws/install/usb_cam_tuner' for CMake config files
[8.236s] Level 1:colcon.colcon_core.environment:checking '/home/airl-radar/ros2_radar_ws/install/usb_cam_tuner/lib'
[8.237s] Level 1:colcon.colcon_core.environment:checking '/home/airl-radar/ros2_radar_ws/install/usb_cam_tuner/bin'
[8.237s] Level 1:colcon.colcon_core.environment:checking '/home/airl-radar/ros2_radar_ws/install/usb_cam_tuner/lib/pkgconfig/usb_cam_tuner.pc'
[8.238s] Level 1:colcon.colcon_core.environment:checking '/home/airl-radar/ros2_radar_ws/install/usb_cam_tuner/lib/python3.10/site-packages'
[8.239s] Level 1:colcon.colcon_core.shell:create_environment_hook('usb_cam_tuner', 'pythonpath')
[8.240s] INFO:colcon.colcon_core.shell:Creating environment hook '/home/airl-radar/ros2_radar_ws/install/usb_cam_tuner/share/usb_cam_tuner/hook/pythonpath.ps1'
[8.242s] INFO:colcon.colcon_core.shell:Creating environment descriptor '/home/airl-radar/ros2_radar_ws/install/usb_cam_tuner/share/usb_cam_tuner/hook/pythonpath.dsv'
[8.244s] INFO:colcon.colcon_core.shell:Creating environment hook '/home/airl-radar/ros2_radar_ws/install/usb_cam_tuner/share/usb_cam_tuner/hook/pythonpath.sh'
[8.248s] Level 1:colcon.colcon_core.environment:checking '/home/airl-radar/ros2_radar_ws/install/usb_cam_tuner/bin'
[8.249s] Level 1:colcon.colcon_core.environment:create_environment_scripts_only(usb_cam_tuner)
[8.251s] INFO:colcon.colcon_core.shell:Creating package script '/home/airl-radar/ros2_radar_ws/install/usb_cam_tuner/share/usb_cam_tuner/package.ps1'
[8.255s] INFO:colcon.colcon_core.shell:Creating package descriptor '/home/airl-radar/ros2_radar_ws/install/usb_cam_tuner/share/usb_cam_tuner/package.dsv'
[8.259s] INFO:colcon.colcon_core.shell:Creating package script '/home/airl-radar/ros2_radar_ws/install/usb_cam_tuner/share/usb_cam_tuner/package.sh'
[8.264s] INFO:colcon.colcon_core.shell:Creating package script '/home/airl-radar/ros2_radar_ws/install/usb_cam_tuner/share/usb_cam_tuner/package.bash'
[8.268s] INFO:colcon.colcon_core.shell:Creating package script '/home/airl-radar/ros2_radar_ws/install/usb_cam_tuner/share/usb_cam_tuner/package.zsh'
[8.271s] Level 1:colcon.colcon_core.environment:create_file_with_runtime_dependencies(/home/airl-radar/ros2_radar_ws/install/usb_cam_tuner/share/colcon-core/packages/usb_cam_tuner)
[10.108s] DEBUG:colcon.colcon_core.event_handler.log_command:Invoked command in '/home/airl-radar/ros2_radar_ws/build/mmwave_radar_interfaces' returned '0': CMAKE_PREFIX_PATH=${CMAKE_PREFIX_PATH}:/home/airl-radar/ros2_radar_ws/install/usb_cam_tuner:/home/airl-radar/ros2_radar_ws/install/mmwave_radar_driver:/opt/ros/humble PS1=(radar_env) \[\e]0;\u@\h: \w\a\]${debian_chroot:+($debian_chroot)}\[\033[01;32m\]\u@\h\[\033[00m\]:\[\033[01;34m\]\w\[\033[00m\]\$ VIRTUAL_ENV_PROMPT=(radar_env) /usr/bin/cmake /home/airl-radar/ros2_radar_ws/src/mmwave_radar_interfaces -DAMENT_CMAKE_SYMLINK_INSTALL=1 -DCMAKE_INSTALL_PREFIX=/home/airl-radar/ros2_radar_ws/install/mmwave_radar_interfaces
[10.117s] DEBUG:colcon.colcon_core.event_handler.log_command:Invoking command in '/home/airl-radar/ros2_radar_ws/build/mmwave_radar_interfaces': CMAKE_PREFIX_PATH=${CMAKE_PREFIX_PATH}:/home/airl-radar/ros2_radar_ws/install/usb_cam_tuner:/home/airl-radar/ros2_radar_ws/install/mmwave_radar_driver:/opt/ros/humble PS1=(radar_env) \[\e]0;\u@\h: \w\a\]${debian_chroot:+($debian_chroot)}\[\033[01;32m\]\u@\h\[\033[00m\]:\[\033[01;34m\]\w\[\033[00m\]\$ VIRTUAL_ENV_PROMPT=(radar_env) /usr/bin/cmake --build /home/airl-radar/ros2_radar_ws/build/mmwave_radar_interfaces -- -j4 -l4
[11.098s] DEBUG:colcon.colcon_parallel_executor.executor.parallel:run_until_complete was interrupted
[11.099s] DEBUG:colcon.colcon_parallel_executor.executor.parallel:run_until_complete again
[11.295s] DEBUG:colcon.colcon_core.event_handler.log_command:Invoked command in '/home/airl-radar/ros2_radar_ws/build/mmwave_radar_interfaces' returned '-2': CMAKE_PREFIX_PATH=${CMAKE_PREFIX_PATH}:/home/airl-radar/ros2_radar_ws/install/usb_cam_tuner:/home/airl-radar/ros2_radar_ws/install/mmwave_radar_driver:/opt/ros/humble PS1=(radar_env) \[\e]0;\u@\h: \w\a\]${debian_chroot:+($debian_chroot)}\[\033[01;32m\]\u@\h\[\033[00m\]:\[\033[01;34m\]\w\[\033[00m\]\$ VIRTUAL_ENV_PROMPT=(radar_env) /usr/bin/cmake --build /home/airl-radar/ros2_radar_ws/build/mmwave_radar_interfaces -- -j4 -l4
[11.297s] Level 1:colcon.colcon_core.environment:create_environment_scripts_only(mmwave_radar_interfaces)
[11.298s] Level 1:colcon.colcon_core.environment:checking '/home/airl-radar/ros2_radar_ws/install/mmwave_radar_interfaces' for CMake module files
[11.299s] Level 1:colcon.colcon_core.environment:checking '/home/airl-radar/ros2_radar_ws/install/mmwave_radar_interfaces' for CMake config files
[11.300s] Level 1:colcon.colcon_core.environment:checking '/home/airl-radar/ros2_radar_ws/install/mmwave_radar_interfaces/bin'
[11.301s] Level 1:colcon.colcon_core.environment:checking '/home/airl-radar/ros2_radar_ws/install/mmwave_radar_interfaces/lib/pkgconfig/mmwave_radar_interfaces.pc'
[11.302s] Level 1:colcon.colcon_core.environment:checking '/home/airl-radar/ros2_radar_ws/install/mmwave_radar_interfaces/lib/python3.10/site-packages'
[11.303s] Level 1:colcon.colcon_core.environment:checking '/home/airl-radar/ros2_radar_ws/install/mmwave_radar_interfaces/bin'
[11.304s] INFO:colcon.colcon_core.shell:Creating package script '/home/airl-radar/ros2_radar_ws/install/mmwave_radar_interfaces/share/mmwave_radar_interfaces/package.ps1'
[11.307s] INFO:colcon.colcon_core.shell:Creating package descriptor '/home/airl-radar/ros2_radar_ws/install/mmwave_radar_interfaces/share/mmwave_radar_interfaces/package.dsv'
[11.310s] INFO:colcon.colcon_core.shell:Creating package script '/home/airl-radar/ros2_radar_ws/install/mmwave_radar_interfaces/share/mmwave_radar_interfaces/package.sh'
[11.312s] INFO:colcon.colcon_core.shell:Creating package script '/home/airl-radar/ros2_radar_ws/install/mmwave_radar_interfaces/share/mmwave_radar_interfaces/package.bash'
[11.314s] INFO:colcon.colcon_core.shell:Creating package script '/home/airl-radar/ros2_radar_ws/install/mmwave_radar_interfaces/share/mmwave_radar_interfaces/package.zsh'
[11.316s] Level 1:colcon.colcon_core.environment:create_file_with_runtime_dependencies(/home/airl-radar/ros2_radar_ws/install/mmwave_radar_interfaces/share/colcon-core/packages/mmwave_radar_interfaces)
[11.327s] DEBUG:colcon.colcon_parallel_executor.executor.parallel:run_until_complete finished
[11.328s] DEBUG:colcon.colcon_parallel_executor.executor.parallel:closing loop
[11.328s] DEBUG:colcon.colcon_parallel_executor.executor.parallel:loop closed
[11.328s] DEBUG:colcon.colcon_core.event_reactor:joining thread
[11.354s] INFO:colcon.colcon_core.plugin_system:Skipping extension 'colcon_notification.desktop_notification.terminal_notifier': Not used on non-Darwin systems
[11.354s] INFO:colcon.colcon_core.plugin_system:Skipping extension 'colcon_notification.desktop_notification.win32': Not used on non-Windows systems
[11.354s] INFO:colcon.colcon_notification.desktop_notification:Sending desktop notification using 'notify2'
[11.411s] DEBUG:colcon.colcon_core.event_reactor:joined thread
[11.412s] INFO:colcon.colcon_core.shell:Creating prefix script '/home/airl-radar/ros2_radar_ws/install/local_setup.ps1'
[11.416s] INFO:colcon.colcon_core.shell:Creating prefix util module '/home/airl-radar/ros2_radar_ws/install/_local_setup_util_ps1.py'
[11.424s] INFO:colcon.colcon_core.shell:Creating prefix chain script '/home/airl-radar/ros2_radar_ws/install/setup.ps1'
[11.428s] INFO:colcon.colcon_core.shell:Creating prefix script '/home/airl-radar/ros2_radar_ws/install/local_setup.sh'
[11.431s] INFO:colcon.colcon_core.shell:Creating prefix util module '/home/airl-radar/ros2_radar_ws/install/_local_setup_util_sh.py'
[11.433s] INFO:colcon.colcon_core.shell:Creating prefix chain script '/home/airl-radar/ros2_radar_ws/install/setup.sh'
[11.438s] INFO:colcon.colcon_core.shell:Creating prefix script '/home/airl-radar/ros2_radar_ws/install/local_setup.bash'
[11.440s] INFO:colcon.colcon_core.shell:Creating prefix chain script '/home/airl-radar/ros2_radar_ws/install/setup.bash'
[11.444s] INFO:colcon.colcon_core.shell:Creating prefix script '/home/airl-radar/ros2_radar_ws/install/local_setup.zsh'
[11.446s] INFO:colcon.colcon_core.shell:Creating prefix chain script '/home/airl-radar/ros2_radar_ws/install/setup.zsh'
