[3.028s] Invoking command in '/home/airl-radar/ros2_radar_ws/build/mmwave_radar_driver': PS1=(radar_env) \[\e]0;\u@\h: \w\a\]${debian_chroot:+($debian_chroot)}\[\033[01;32m\]\u@\h\[\033[00m\]:\[\033[01;34m\]\w\[\033[00m\]\$ PYTHONPATH=/home/airl-radar/ros2_radar_ws/build/mmwave_radar_driver/prefix_override:/usr/lib/python3/dist-packages/colcon_core/task/python/colcon_distutils_commands:/home/airl-radar/ros2_radar_ws/install/mmwave_radar_driver/lib/python3.10/site-packages:/home/airl-radar/ros2_radar_ws/install/mmwave_radar_interfaces/lib/python3.10/site-packages:/home/airl-radar/ros2_radar_ws/build/usb_cam_tuner:/home/airl-radar/ros2_radar_ws/install/usb_cam_tuner/lib/python3.10/site-packages:/home/airl-radar/ros2_radar_ws/build/mmwave_radar_driver:/home/airl-radar/ros2_radar_ws/install/mmwave_radar_driver/lib/python3.10/site-packages:/opt/ros/humble/lib/python3.10/site-packages:/opt/ros/humble/local/lib/python3.10/dist-packages:/home/airl-radar/radar_env/lib/python3.10/site-packages VIRTUAL_ENV_PROMPT=(radar_env) /usr/bin/python3 -W ignore:setup.py install is deprecated -W ignore:easy_install command is deprecated setup.py develop --uninstall --editable --build-directory /home/airl-radar/ros2_radar_ws/build/mmwave_radar_driver/build
[4.339s] running develop
[5.180s] Removing /home/airl-radar/ros2_radar_ws/install/mmwave_radar_driver/lib/python3.10/site-packages/mmwave-radar-driver.egg-link (link to .)
[5.316s] Invoked command in '/home/airl-radar/ros2_radar_ws/build/mmwave_radar_driver' returned '0': PS1=(radar_env) \[\e]0;\u@\h: \w\a\]${debian_chroot:+($debian_chroot)}\[\033[01;32m\]\u@\h\[\033[00m\]:\[\033[01;34m\]\w\[\033[00m\]\$ PYTHONPATH=/home/airl-radar/ros2_radar_ws/build/mmwave_radar_driver/prefix_override:/usr/lib/python3/dist-packages/colcon_core/task/python/colcon_distutils_commands:/home/airl-radar/ros2_radar_ws/install/mmwave_radar_driver/lib/python3.10/site-packages:/home/airl-radar/ros2_radar_ws/install/mmwave_radar_interfaces/lib/python3.10/site-packages:/home/airl-radar/ros2_radar_ws/build/usb_cam_tuner:/home/airl-radar/ros2_radar_ws/install/usb_cam_tuner/lib/python3.10/site-packages:/home/airl-radar/ros2_radar_ws/build/mmwave_radar_driver:/home/airl-radar/ros2_radar_ws/install/mmwave_radar_driver/lib/python3.10/site-packages:/opt/ros/humble/lib/python3.10/site-packages:/opt/ros/humble/local/lib/python3.10/dist-packages:/home/airl-radar/radar_env/lib/python3.10/site-packages VIRTUAL_ENV_PROMPT=(radar_env) /usr/bin/python3 -W ignore:setup.py install is deprecated -W ignore:easy_install command is deprecated setup.py develop --uninstall --editable --build-directory /home/airl-radar/ros2_radar_ws/build/mmwave_radar_driver/build
[5.325s] Invoking command in '/home/airl-radar/ros2_radar_ws/src/mmwave_radar_driver': PS1=(radar_env) \[\e]0;\u@\h: \w\a\]${debian_chroot:+($debian_chroot)}\[\033[01;32m\]\u@\h\[\033[00m\]:\[\033[01;34m\]\w\[\033[00m\]\$ PYTHONPATH=/home/airl-radar/ros2_radar_ws/build/mmwave_radar_driver/prefix_override:/usr/lib/python3/dist-packages/colcon_core/task/python/colcon_distutils_commands:/home/airl-radar/ros2_radar_ws/install/mmwave_radar_driver/lib/python3.10/site-packages:/home/airl-radar/ros2_radar_ws/install/mmwave_radar_interfaces/lib/python3.10/site-packages:/home/airl-radar/ros2_radar_ws/build/usb_cam_tuner:/home/airl-radar/ros2_radar_ws/install/usb_cam_tuner/lib/python3.10/site-packages:/home/airl-radar/ros2_radar_ws/build/mmwave_radar_driver:/home/airl-radar/ros2_radar_ws/install/mmwave_radar_driver/lib/python3.10/site-packages:/opt/ros/humble/lib/python3.10/site-packages:/opt/ros/humble/local/lib/python3.10/dist-packages:/home/airl-radar/radar_env/lib/python3.10/site-packages VIRTUAL_ENV_PROMPT=(radar_env) /usr/bin/python3 -W ignore:setup.py install is deprecated -W ignore:easy_install command is deprecated setup.py egg_info --egg-base ../../build/mmwave_radar_driver build --build-base /home/airl-radar/ros2_radar_ws/build/mmwave_radar_driver/build install --record /home/airl-radar/ros2_radar_ws/build/mmwave_radar_driver/install.log --single-version-externally-managed install_data --force
[6.557s] running egg_info
[6.560s] writing ../../build/mmwave_radar_driver/mmwave_radar_driver.egg-info/PKG-INFO
[6.561s] writing dependency_links to ../../build/mmwave_radar_driver/mmwave_radar_driver.egg-info/dependency_links.txt
[6.562s] writing entry points to ../../build/mmwave_radar_driver/mmwave_radar_driver.egg-info/entry_points.txt
[6.563s] writing requirements to ../../build/mmwave_radar_driver/mmwave_radar_driver.egg-info/requires.txt
[6.564s] writing top-level names to ../../build/mmwave_radar_driver/mmwave_radar_driver.egg-info/top_level.txt
[6.578s] reading manifest file '../../build/mmwave_radar_driver/mmwave_radar_driver.egg-info/SOURCES.txt'
[6.583s] writing manifest file '../../build/mmwave_radar_driver/mmwave_radar_driver.egg-info/SOURCES.txt'
[6.584s] running build
[6.584s] running build_py
[6.585s] creating /home/airl-radar/ros2_radar_ws/build/mmwave_radar_driver/build
[6.586s] creating /home/airl-radar/ros2_radar_ws/build/mmwave_radar_driver/build/lib
[6.586s] creating /home/airl-radar/ros2_radar_ws/build/mmwave_radar_driver/build/lib/mmwave_radar_driver
[6.587s] copying mmwave_radar_driver/radar_parser_node.py -> /home/airl-radar/ros2_radar_ws/build/mmwave_radar_driver/build/lib/mmwave_radar_driver
[6.587s] copying mmwave_radar_driver/__init__.py -> /home/airl-radar/ros2_radar_ws/build/mmwave_radar_driver/build/lib/mmwave_radar_driver
[6.588s] running install
[6.588s] running install_lib
[6.592s] copying /home/airl-radar/ros2_radar_ws/build/mmwave_radar_driver/build/lib/mmwave_radar_driver/radar_parser_node.py -> /home/airl-radar/ros2_radar_ws/install/mmwave_radar_driver/lib/python3.10/site-packages/mmwave_radar_driver
[6.592s] copying /home/airl-radar/ros2_radar_ws/build/mmwave_radar_driver/build/lib/mmwave_radar_driver/__init__.py -> /home/airl-radar/ros2_radar_ws/install/mmwave_radar_driver/lib/python3.10/site-packages/mmwave_radar_driver
[6.595s] byte-compiling /home/airl-radar/ros2_radar_ws/install/mmwave_radar_driver/lib/python3.10/site-packages/mmwave_radar_driver/radar_parser_node.py to radar_parser_node.cpython-310.pyc
[6.605s] byte-compiling /home/airl-radar/ros2_radar_ws/install/mmwave_radar_driver/lib/python3.10/site-packages/mmwave_radar_driver/__init__.py to __init__.cpython-310.pyc
[6.606s] running install_data
[6.607s] copying resource/mmwave_radar_driver -> /home/airl-radar/ros2_radar_ws/install/mmwave_radar_driver/share/ament_index/resource_index/packages
[6.608s] copying package.xml -> /home/airl-radar/ros2_radar_ws/install/mmwave_radar_driver/share/mmwave_radar_driver
[6.609s] copying mmwave_radar_driver/best_res_4cm.cfg -> /home/airl-radar/ros2_radar_ws/install/mmwave_radar_driver/lib/python3.10/site-packages/mmwave_radar_driver
[6.610s] running install_egg_info
[6.617s] Copying ../../build/mmwave_radar_driver/mmwave_radar_driver.egg-info to /home/airl-radar/ros2_radar_ws/install/mmwave_radar_driver/lib/python3.10/site-packages/mmwave_radar_driver-0.0.0-py3.10.egg-info
[6.622s] running install_scripts
[6.695s] Installing radar_parser script to /home/airl-radar/ros2_radar_ws/install/mmwave_radar_driver/lib/mmwave_radar_driver
[6.697s] writing list of installed files to '/home/airl-radar/ros2_radar_ws/build/mmwave_radar_driver/install.log'
[6.823s] Invoked command in '/home/airl-radar/ros2_radar_ws/src/mmwave_radar_driver' returned '0': PS1=(radar_env) \[\e]0;\u@\h: \w\a\]${debian_chroot:+($debian_chroot)}\[\033[01;32m\]\u@\h\[\033[00m\]:\[\033[01;34m\]\w\[\033[00m\]\$ PYTHONPATH=/home/airl-radar/ros2_radar_ws/build/mmwave_radar_driver/prefix_override:/usr/lib/python3/dist-packages/colcon_core/task/python/colcon_distutils_commands:/home/airl-radar/ros2_radar_ws/install/mmwave_radar_driver/lib/python3.10/site-packages:/home/airl-radar/ros2_radar_ws/install/mmwave_radar_interfaces/lib/python3.10/site-packages:/home/airl-radar/ros2_radar_ws/build/usb_cam_tuner:/home/airl-radar/ros2_radar_ws/install/usb_cam_tuner/lib/python3.10/site-packages:/home/airl-radar/ros2_radar_ws/build/mmwave_radar_driver:/home/airl-radar/ros2_radar_ws/install/mmwave_radar_driver/lib/python3.10/site-packages:/opt/ros/humble/lib/python3.10/site-packages:/opt/ros/humble/local/lib/python3.10/dist-packages:/home/airl-radar/radar_env/lib/python3.10/site-packages VIRTUAL_ENV_PROMPT=(radar_env) /usr/bin/python3 -W ignore:setup.py install is deprecated -W ignore:easy_install command is deprecated setup.py egg_info --egg-base ../../build/mmwave_radar_driver build --build-base /home/airl-radar/ros2_radar_ws/build/mmwave_radar_driver/build install --record /home/airl-radar/ros2_radar_ws/build/mmwave_radar_driver/install.log --single-version-externally-managed install_data --force
