[2.641s] Invoking command in '/home/airl-radar/ros2_radar_ws/src/build/mmwave_radar_driver': PS1=(radar_env) \[\e]0;\u@\h: \w\a\]${debian_chroot:+($debian_chroot)}\[\033[01;32m\]\u@\h\[\033[00m\]:\[\033[01;34m\]\w\[\033[00m\]\$ PYTHONPATH=/home/airl-radar/ros2_radar_ws/src/build/mmwave_radar_driver/prefix_override:/usr/lib/python3/dist-packages/colcon_core/task/python/colcon_distutils_commands:/home/airl-radar/ros2_radar_ws/src/install/mmwave_radar_driver/lib/python3.10/site-packages:${PYTHONPATH} VIRTUAL_ENV_PROMPT=(radar_env) /usr/bin/python3 -W ignore:setup.py install is deprecated -W ignore:easy_install command is deprecated setup.py develop --editable --build-directory /home/airl-radar/ros2_radar_ws/src/build/mmwave_radar_driver/build --no-deps symlink_data
[3.767s] running develop
[4.489s] running egg_info
[4.490s] creating mmwave_radar_driver.egg-info
[4.491s] writing mmwave_radar_driver.egg-info/PKG-INFO
[4.492s] writing dependency_links to mmwave_radar_driver.egg-info/dependency_links.txt
[4.492s] writing entry points to mmwave_radar_driver.egg-info/entry_points.txt
[4.493s] writing requirements to mmwave_radar_driver.egg-info/requires.txt
[4.494s] writing top-level names to mmwave_radar_driver.egg-info/top_level.txt
[4.500s] writing manifest file 'mmwave_radar_driver.egg-info/SOURCES.txt'
[4.506s] reading manifest file 'mmwave_radar_driver.egg-info/SOURCES.txt'
[4.509s] writing manifest file 'mmwave_radar_driver.egg-info/SOURCES.txt'
[4.514s] running build_ext
[4.515s] Creating /home/airl-radar/ros2_radar_ws/src/install/mmwave_radar_driver/lib/python3.10/site-packages/mmwave-radar-driver.egg-link (link to .)
[4.519s] Installing radar_parser script to /home/airl-radar/ros2_radar_ws/src/install/mmwave_radar_driver/lib/mmwave_radar_driver
[4.520s] 
[4.521s] Installed /home/airl-radar/ros2_radar_ws/src/build/mmwave_radar_driver
[4.521s] running symlink_data
[4.522s] creating /home/airl-radar/ros2_radar_ws/src/install/mmwave_radar_driver/share/ament_index
[4.522s] creating /home/airl-radar/ros2_radar_ws/src/install/mmwave_radar_driver/share/ament_index/resource_index
[4.523s] creating /home/airl-radar/ros2_radar_ws/src/install/mmwave_radar_driver/share/ament_index/resource_index/packages
[4.523s] symbolically linking /home/airl-radar/ros2_radar_ws/src/build/mmwave_radar_driver/resource/mmwave_radar_driver -> /home/airl-radar/ros2_radar_ws/src/install/mmwave_radar_driver/share/ament_index/resource_index/packages
[4.524s] symbolically linking /home/airl-radar/ros2_radar_ws/src/build/mmwave_radar_driver/package.xml -> /home/airl-radar/ros2_radar_ws/src/install/mmwave_radar_driver/share/mmwave_radar_driver
[4.659s] Invoked command in '/home/airl-radar/ros2_radar_ws/src/build/mmwave_radar_driver' returned '0': PS1=(radar_env) \[\e]0;\u@\h: \w\a\]${debian_chroot:+($debian_chroot)}\[\033[01;32m\]\u@\h\[\033[00m\]:\[\033[01;34m\]\w\[\033[00m\]\$ PYTHONPATH=/home/airl-radar/ros2_radar_ws/src/build/mmwave_radar_driver/prefix_override:/usr/lib/python3/dist-packages/colcon_core/task/python/colcon_distutils_commands:/home/airl-radar/ros2_radar_ws/src/install/mmwave_radar_driver/lib/python3.10/site-packages:${PYTHONPATH} VIRTUAL_ENV_PROMPT=(radar_env) /usr/bin/python3 -W ignore:setup.py install is deprecated -W ignore:easy_install command is deprecated setup.py develop --editable --build-directory /home/airl-radar/ros2_radar_ws/src/build/mmwave_radar_driver/build --no-deps symlink_data
